2020-01-02 12:48:37 +0000  Initial pipeline context: <IDEDistributionProcessingPipelineContext: 0x7f9c1b1b0200; archive(resolved)='<IDEArchive: 0x7f9c12e2aa00>', distributionTask(resolved)='2', distributionDestination(resolved)='1', distributionMethod(resolved)='<IDEDistributionMethodAdHoc: 0x7f9c16c42f70>', team(resolved)='<IDEProvisioningDisambiguatableBasicTeam: 0x7f9c2b831350; teamID='L35R378236', teamName='yongqiang wang', teamType='Individual', username='mark1990676@gmail.com', isFreeProvisioningTeam='0'>'>
	Chain (13, self inclusive):
	<IDEDistributionProcessingPipelineContext: 0x7f9c1b1b0200; archive = '<IDEArchive: 0x7f9c12e2aa00>', distributionMethod='<IDEDistributionMethodAdHoc: 0x7f9c16c42f70>', team='<IDEProvisioningDisambiguatableBasicTeam: 0x7f9c2b831350; teamID='L35R378236', teamName='yongqiang wang', teamType='Individual', username='mark1990676@gmail.com', isFreeProvisioningTeam='0'>'>
	<IDEDistributionProcessingPipelineContext: 0x7f9c2472c630; archive = '<IDEArchive: 0x7f9c12e2aa00>', distributionMethod='<IDEDistributionMethodAdHoc: 0x7f9c16c42f70>', team='<IDEProvisioningDisambiguatableBasicTeam: 0x7f9c2b831350; teamID='L35R378236', teamName='yongqiang wang', teamType='Individual', username='mark1990676@gmail.com', isFreeProvisioningTeam='0'>'>
	<IDEDistributionContext: 0x7f9c24aa7100; archive = '<IDEArchive: 0x7f9c12e2aa00>', distributionMethod='<IDEDistributionMethodAdHoc: 0x7f9c16c42f70>', team='<IDEProvisioningDisambiguatableBasicTeam: 0x7f9c2b831350; teamID='L35R378236', teamName='yongqiang wang', teamType='Individual', username='mark1990676@gmail.com', isFreeProvisioningTeam='0'>'>
	<IDEDistributionContext: 0x7f9c1b13b220; archive = '<IDEArchive: 0x7f9c12e2aa00>', distributionMethod='<IDEDistributionMethodAdHoc: 0x7f9c16c42f70>', team='<IDEProvisioningDisambiguatableBasicTeam: 0x7f9c2b831350; teamID='L35R378236', teamName='yongqiang wang', teamType='Individual', username='mark1990676@gmail.com', isFreeProvisioningTeam='0'>'>
	<IDEDistributionContext: 0x7f9c0edabe40; archive = '<IDEArchive: 0x7f9c12e2aa00>', distributionMethod='<IDEDistributionMethodAdHoc: 0x7f9c16c42f70>', team='<IDEProvisioningDisambiguatableBasicTeam: 0x7f9c2b831350; teamID='L35R378236', teamName='yongqiang wang', teamType='Individual', username='mark1990676@gmail.com', isFreeProvisioningTeam='0'>'>
	<IDEDistributionContext: 0x7f9c0edf9e00; archive = '<IDEArchive: 0x7f9c12e2aa00>', distributionMethod='<IDEDistributionMethodAdHoc: 0x7f9c16c42f70>', team='<IDEProvisioningDisambiguatableBasicTeam: 0x7f9c2b831350; teamID='L35R378236', teamName='yongqiang wang', teamType='Individual', username='mark1990676@gmail.com', isFreeProvisioningTeam='0'>'>
	<IDEDistributionContext: 0x7f9c1d7a66f0; archive = '<IDEArchive: 0x7f9c12e2aa00>', distributionMethod='<IDEDistributionMethodAdHoc: 0x7f9c16c42f70>', team='<IDEProvisioningDisambiguatableBasicTeam: 0x7f9c2b831350; teamID='L35R378236', teamName='yongqiang wang', teamType='Individual', username='mark1990676@gmail.com', isFreeProvisioningTeam='0'>'>
	<IDEDistributionContext: 0x7f9c1d7c7b00; archive = '<IDEArchive: 0x7f9c12e2aa00>', distributionMethod='<IDEDistributionMethodAdHoc: 0x7f9c16c42f70>', team='<IDEProvisioningDisambiguatableBasicTeam: 0x7f9c2b831350; teamID='L35R378236', teamName='yongqiang wang', teamType='Individual', username='mark1990676@gmail.com', isFreeProvisioningTeam='0'>'>
	<IDEDistributionContext: 0x7f9c1d764940; archive = '<IDEArchive: 0x7f9c12e2aa00>', distributionMethod='<IDEDistributionMethodAdHoc: 0x7f9c16c42f70>', team='<IDEProvisioningDisambiguatableBasicTeam: 0x7f9c2b831350; teamID='L35R378236', teamName='yongqiang wang', teamType='Individual', username='mark1990676@gmail.com', isFreeProvisioningTeam='0'>'>
	<IDEDistributionContext: 0x7f9c0bc33680; archive = '<IDEArchive: 0x7f9c12e2aa00>', distributionMethod='<IDEDistributionMethodAdHoc: 0x7f9c16c42f70>', team='(null)'>
	<IDEDistributionContext: 0x7f9c00293070; archive = '<IDEArchive: 0x7f9c12e2aa00>', distributionMethod='<IDEDistributionMethodAdHoc: 0x7f9c16c42f70>', team='(null)'>
	<IDEDistributionContext: 0x7f9c20dbc630; archive = '<IDEArchive: 0x7f9c12e2aa00>', distributionMethod='<IDEDistributionMethodAdHoc: 0x7f9c16c42f70>', team='(null)'>
	<IDEDistributionContext: 0x7f9c241dc730; archive = '<IDEArchive: 0x7f9c12e2aa00>', distributionMethod='(null)', team='(null)'>
</IDEDistributionProcessingPipelineContext: 0x7f9c1b1b0200>
2020-01-02 12:48:37 +0000  Processing step: IDEDistributionCreateDestRootStep
2020-01-02 12:48:37 +0000  Processing step: IDEDistributionCopyItemStep
2020-01-02 12:48:37 +0000  Running /usr/bin/ditto '-V' '/Users/chensw/Library/Developer/Xcode/Archives/2020-01-02/WildFireChat 2020-1-2, 8.48 PM.xcarchive/Products/Applications/九州.app' '/var/folders/53/qb55slss0q7f71qwghcz4vr40000gq/T/XcodeDistPipeline.~~~wJ2ZYp/Root/Payload/九州.app'
2020-01-02 12:48:37 +0000  >>> Copying /Users/chensw/Library/Developer/Xcode/Archives/2020-01-02/WildFireChat 2020-1-2, 8.48 PM.xcarchive/Products/Applications/九州.app 
2020-01-02 12:48:37 +0000  copying file ./_CodeSignature/CodeResources ... 
2020-01-02 12:48:37 +0000  38375 bytes for ./_CodeSignature/CodeResources
2020-01-02 12:48:37 +0000  copying file ./CodeScan.bundle/qrcode_scan_full_net.png ... 
2020-01-02 12:48:37 +0000  4878 bytes for ./CodeScan.bundle/qrcode_scan_full_net.png
2020-01-02 12:48:37 +0000  copying file ./CodeScan.bundle/qrcode_scan_btn_scan_off@2x.png ... 
2020-01-02 12:48:37 +0000  956 bytes for ./CodeScan.bundle/qrcode_scan_btn_scan_off@2x.png
copying file ./CodeScan.bundle/device_scan@2x.png ... 
2020-01-02 12:48:37 +0000  336 bytes for ./CodeScan.bundle/device_scan@2x.png
copying file ./CodeScan.bundle/qrcode_scan_btn_photo_down@2x.png ... 
2020-01-02 12:48:37 +0000  980 bytes for ./CodeScan.bundle/qrcode_scan_btn_photo_down@2x.png
copying file ./CodeScan.bundle/qrcode_scan_btn_myqrcode_nor@2x.png ... 
2020-01-02 12:48:37 +0000  1603 bytes for ./CodeScan.bundle/qrcode_scan_btn_myqrcode_nor@2x.png
copying file ./CodeScan.bundle/qrcode_scan_btn_photo_nor@2x.png ... 
2020-01-02 12:48:37 +0000  1243 bytes for ./CodeScan.bundle/qrcode_scan_btn_photo_nor@2x.png
copying file ./CodeScan.bundle/qrcode_scan_btn_myqrcode_down@2x.png ... 
2020-01-02 12:48:37 +0000  1327 bytes for ./CodeScan.bundle/qrcode_scan_btn_myqrcode_down@2x.png
2020-01-02 12:48:37 +0000  copying file ./CodeScan.bundle/qrcode_scan_btn_flash_down@2x.png ... 
2020-01-02 12:48:37 +0000  938 bytes for ./CodeScan.bundle/qrcode_scan_btn_flash_down@2x.png
copying file ./CodeScan.bundle/qrcode_Scan_weixin_Line@2x.png ... 
2020-01-02 12:48:37 +0000  1500 bytes for ./CodeScan.bundle/qrcode_Scan_weixin_Line@2x.png
copying file ./CodeScan.bundle/qrcode_scan_part_net.png ... 
2020-01-02 12:48:37 +0000  4637 bytes for ./CodeScan.bundle/qrcode_scan_part_net.png
2020-01-02 12:48:37 +0000  copying file ./CodeScan.bundle/qrcode_scan_btn_flash_nor@2x.png ... 
2020-01-02 12:48:37 +0000  1173 bytes for ./CodeScan.bundle/qrcode_scan_btn_flash_nor@2x.png
2020-01-02 12:48:37 +0000  copying file ./CodeScan.bundle/qrcode_scan_titlebar_back_nor@2x.png ... 
2020-01-02 12:48:37 +0000  185 bytes for ./CodeScan.bundle/qrcode_scan_titlebar_back_nor@2x.png
copying file ./CodeScan.bundle/qrcode_scan_titlebar_back_pressed@2x.png ... 
2020-01-02 12:48:37 +0000  164 bytes for ./CodeScan.bundle/qrcode_scan_titlebar_back_pressed@2x.png
2020-01-02 12:48:37 +0000  copying file ./CodeScan.bundle/qrcode_scan_light_green@2x.png ... 
2020-01-02 12:48:37 +0000  801 bytes for ./CodeScan.bundle/qrcode_scan_light_green@2x.png
2020-01-02 12:48:37 +0000  copying file ./zh-Hans.lproj/wfc.strings ... 
2020-01-02 12:48:37 +0000  6021 bytes for ./zh-Hans.lproj/wfc.strings
2020-01-02 12:48:37 +0000  copying file ./zh-Hans.lproj/InfoPlist.strings ... 
2020-01-02 12:48:37 +0000  592 bytes for ./zh-Hans.lproj/InfoPlist.strings
2020-01-02 12:48:37 +0000  copying file ./LaunchImage-1100-Portrait-2436h@3x.png ... 
2020-01-02 12:48:37 +0000  145172 bytes for ./LaunchImage-1100-Portrait-2436h@3x.png
2020-01-02 12:48:37 +0000  copying file ./LICENSE.md ... 
2020-01-02 12:48:37 +0000  43261 bytes for ./LICENSE.md
2020-01-02 12:48:37 +0000  copying file ./en.lproj/wfc.strings ... 
6395 bytes for ./en.lproj/wfc.strings
copying file ./en.lproj/InfoPlist.strings ... 
2020-01-02 12:48:37 +0000  619 bytes for ./en.lproj/InfoPlist.strings
2020-01-02 12:48:37 +0000  copying file ./shengshi.plist ... 
2020-01-02 12:48:37 +0000  401 bytes for ./shengshi.plist
copying file ./ring.mp3 ... 
2020-01-02 12:48:37 +0000  108204 bytes for ./ring.mp3
2020-01-02 12:48:37 +0000  copying file ./AppIcon60x60@2x.png ... 
2020-01-02 12:48:37 +0000  26588 bytes for ./AppIcon60x60@2x.png
2020-01-02 12:48:37 +0000  copying file ./Stickers.bundle/B数.png ... 
2020-01-02 12:48:37 +0000  14566 bytes for ./Stickers.bundle/B数.png
2020-01-02 12:48:37 +0000  copying file ./Stickers.bundle/B数/你以前不是这样子的.jpg ... 
2020-01-02 12:48:37 +0000  3535 bytes for ./Stickers.bundle/B数/你以前不是这样子的.jpg
copying file ./Stickers.bundle/B数/B数，没有，我很膨胀.png ... 
2020-01-02 12:48:37 +0000  14566 bytes for ./Stickers.bundle/B数/B数，没有，我很膨胀.png
copying file ./Stickers.bundle/B数/宝宝委屈，宝宝心里苦，宝宝不说.jpg ... 
2020-01-02 12:48:37 +0000  8311 bytes for ./Stickers.bundle/B数/宝宝委屈，宝宝心里苦，宝宝不说.jpg
copying file ./Stickers.bundle/B数/心里没有一点B数吗.jpg ... 
2020-01-02 12:48:37 +0000  6929 bytes for ./Stickers.bundle/B数/心里没有一点B数吗.jpg
copying file ./Stickers.bundle/B数/有没有B数，你心里没有点B数吗.png ... 
2020-01-02 12:48:37 +0000  75926 bytes for ./Stickers.bundle/B数/有没有B数，你心里没有点B数吗.png
copying file ./Stickers.bundle/B数/委屈地哭了起来.jpg ... 
2020-01-02 12:48:37 +0000  13327 bytes for ./Stickers.bundle/B数/委屈地哭了起来.jpg
copying file ./Stickers.bundle/B数/宝宝委屈，但宝宝不说.jpg ... 
2020-01-02 12:48:37 +0000  50177 bytes for ./Stickers.bundle/B数/宝宝委屈，但宝宝不说.jpg
2020-01-02 12:48:37 +0000  copying file ./Stickers.bundle/B数/自己心里没有一点B数吗.jpg ... 
2020-01-02 12:48:37 +0000  7440 bytes for ./Stickers.bundle/B数/自己心里没有一点B数吗.jpg
2020-01-02 12:48:37 +0000  copying file ./Stickers.bundle/B数/本宝宝不开心了，本宝宝有小情绪了.jpeg ... 
2020-01-02 12:48:37 +0000  49854 bytes for ./Stickers.bundle/B数/本宝宝不开心了，本宝宝有小情绪了.jpeg
2020-01-02 12:48:37 +0000  copying file ./Stickers.bundle/B数/宝宝心里苦，但宝宝说了.png ... 
2020-01-02 12:48:37 +0000  123421 bytes for ./Stickers.bundle/B数/宝宝心里苦，但宝宝说了.png
2020-01-02 12:48:37 +0000  copying file ./Stickers.bundle/B数/心里难道没有一点B数吗.jpg ... 
2020-01-02 12:48:37 +0000  10968 bytes for ./Stickers.bundle/B数/心里难道没有一点B数吗.jpg
2020-01-02 12:48:37 +0000  copying file ./Emoj.plist ... 
2020-01-02 12:48:37 +0000  1033 bytes for ./Emoj.plist
2020-01-02 12:48:37 +0000  copying file ./LaunchImage-800-667h@2x.png ... 
2020-01-02 12:48:37 +0000  59352 bytes for ./LaunchImage-800-667h@2x.png
2020-01-02 12:48:37 +0000  copying file ./LaunchImage-1200-Portrait-2688h@3x.png ... 
2020-01-02 12:48:37 +0000  147647 bytes for ./LaunchImage-1200-Portrait-2688h@3x.png
2020-01-02 12:48:37 +0000  copying file ./foreman.mp4 ... 
2020-01-02 12:48:37 +0000  546651 bytes for ./foreman.mp4
2020-01-02 12:48:37 +0000  copying file ./AppIcon60x60@3x.png ... 
2020-01-02 12:48:37 +0000  45120 bytes for ./AppIcon60x60@3x.png
2020-01-02 12:48:37 +0000  copying file ./Base.lproj/Main.storyboardc/UIViewController-BYZ-38-t0r.nib/objects-13.0+.nib ... 
2020-01-02 12:48:37 +0000  805 bytes for ./Base.lproj/Main.storyboardc/UIViewController-BYZ-38-t0r.nib/objects-13.0+.nib
2020-01-02 12:48:37 +0000  copying file ./Base.lproj/Main.storyboardc/UIViewController-BYZ-38-t0r.nib/runtime.nib ... 
2020-01-02 12:48:37 +0000  805 bytes for ./Base.lproj/Main.storyboardc/UIViewController-BYZ-38-t0r.nib/runtime.nib
2020-01-02 12:48:37 +0000  copying file ./Base.lproj/Main.storyboardc/Info.plist ... 
2020-01-02 12:48:37 +0000  258 bytes for ./Base.lproj/Main.storyboardc/Info.plist
2020-01-02 12:48:37 +0000  copying file ./Base.lproj/LaunchScreen.storyboardc/01J-lp-oVM-view-Ze5-6b-2t3.nib/objects-13.0+.nib ... 
2020-01-02 12:48:37 +0000  3784 bytes for ./Base.lproj/LaunchScreen.storyboardc/01J-lp-oVM-view-Ze5-6b-2t3.nib/objects-13.0+.nib
2020-01-02 12:48:37 +0000  copying file ./Base.lproj/LaunchScreen.storyboardc/01J-lp-oVM-view-Ze5-6b-2t3.nib/runtime.nib ... 
2020-01-02 12:48:37 +0000  3796 bytes for ./Base.lproj/LaunchScreen.storyboardc/01J-lp-oVM-view-Ze5-6b-2t3.nib/runtime.nib
2020-01-02 12:48:37 +0000  copying file ./Base.lproj/LaunchScreen.storyboardc/UIViewController-01J-lp-oVM.nib/objects-13.0+.nib ... 
2020-01-02 12:48:37 +0000  896 bytes for ./Base.lproj/LaunchScreen.storyboardc/UIViewController-01J-lp-oVM.nib/objects-13.0+.nib
2020-01-02 12:48:37 +0000  copying file ./Base.lproj/LaunchScreen.storyboardc/UIViewController-01J-lp-oVM.nib/runtime.nib ... 
2020-01-02 12:48:37 +0000  896 bytes for ./Base.lproj/LaunchScreen.storyboardc/UIViewController-01J-lp-oVM.nib/runtime.nib
2020-01-02 12:48:37 +0000  copying file ./Base.lproj/LaunchScreen.storyboardc/Info.plist ... 
2020-01-02 12:48:37 +0000  258 bytes for ./Base.lproj/LaunchScreen.storyboardc/Info.plist
2020-01-02 12:48:37 +0000  copying file ./Assets.car ... 
2020-01-02 12:48:37 +0000  1940736 bytes for ./Assets.car
2020-01-02 12:48:37 +0000  copying file ./LaunchImage-800-Portrait-736h@3x.png ... 
150379 bytes for ./LaunchImage-800-Portrait-736h@3x.png
copying file ./LaunchImage-700@2x.png ... 
2020-01-02 12:48:37 +0000  40702 bytes for ./LaunchImage-700@2x.png
2020-01-02 12:48:37 +0000  copying file ./WFCUShareMessageView.nib/objects-13.0+.nib ... 
2020-01-02 12:48:37 +0000  6844 bytes for ./WFCUShareMessageView.nib/objects-13.0+.nib
2020-01-02 12:48:37 +0000  copying file ./WFCUShareMessageView.nib/runtime.nib ... 
2020-01-02 12:48:37 +0000  6851 bytes for ./WFCUShareMessageView.nib/runtime.nib
2020-01-02 12:48:37 +0000  copying file ./九州 ... 
2020-01-02 12:48:37 +0000  1012512 bytes for ./九州
2020-01-02 12:48:37 +0000  copying file ./MyLoginViewController.nib/objects-13.0+.nib ... 
2020-01-02 12:48:37 +0000  7227 bytes for ./MyLoginViewController.nib/objects-13.0+.nib
2020-01-02 12:48:37 +0000  copying file ./MyLoginViewController.nib/runtime.nib ... 
2020-01-02 12:48:37 +0000  7214 bytes for ./MyLoginViewController.nib/runtime.nib
2020-01-02 12:48:37 +0000  copying file ./LaunchImage-1200-Portrait-1792h@2x.png ... 
2020-01-02 12:48:37 +0000  78217 bytes for ./LaunchImage-1200-Portrait-1792h@2x.png
2020-01-02 12:48:37 +0000  copying file ./Frameworks/WFChatUIKit.framework/_CodeSignature/CodeResources ... 
2020-01-02 12:48:37 +0000  8552 bytes for ./Frameworks/WFChatUIKit.framework/_CodeSignature/CodeResources
2020-01-02 12:48:37 +0000  copying file ./Frameworks/WFChatUIKit.framework/zh-Hans.lproj/wfc.strings ... 
2020-01-02 12:48:37 +0000  6021 bytes for ./Frameworks/WFChatUIKit.framework/zh-Hans.lproj/wfc.strings
2020-01-02 12:48:37 +0000  copying file ./Frameworks/WFChatUIKit.framework/LICENSE.md ... 
2020-01-02 12:48:37 +0000  43261 bytes for ./Frameworks/WFChatUIKit.framework/LICENSE.md
2020-01-02 12:48:37 +0000  copying file ./Frameworks/WFChatUIKit.framework/en.lproj/wfc.strings ... 
2020-01-02 12:48:37 +0000  6395 bytes for ./Frameworks/WFChatUIKit.framework/en.lproj/wfc.strings
2020-01-02 12:48:37 +0000  copying file ./Frameworks/WFChatUIKit.framework/Stickers.bundle/B数.png ... 
2020-01-02 12:48:37 +0000  14566 bytes for ./Frameworks/WFChatUIKit.framework/Stickers.bundle/B数.png
2020-01-02 12:48:37 +0000  copying file ./Frameworks/WFChatUIKit.framework/Stickers.bundle/B数/你以前不是这样子的.jpg ... 
2020-01-02 12:48:37 +0000  3535 bytes for ./Frameworks/WFChatUIKit.framework/Stickers.bundle/B数/你以前不是这样子的.jpg
2020-01-02 12:48:37 +0000  copying file ./Frameworks/WFChatUIKit.framework/Stickers.bundle/B数/B数，没有，我很膨胀.png ... 
2020-01-02 12:48:37 +0000  14566 bytes for ./Frameworks/WFChatUIKit.framework/Stickers.bundle/B数/B数，没有，我很膨胀.png
2020-01-02 12:48:37 +0000  copying file ./Frameworks/WFChatUIKit.framework/Stickers.bundle/B数/宝宝委屈，宝宝心里苦，宝宝不说.jpg ... 
2020-01-02 12:48:37 +0000  8311 bytes for ./Frameworks/WFChatUIKit.framework/Stickers.bundle/B数/宝宝委屈，宝宝心里苦，宝宝不说.jpg
2020-01-02 12:48:37 +0000  copying file ./Frameworks/WFChatUIKit.framework/Stickers.bundle/B数/心里没有一点B数吗.jpg ... 
2020-01-02 12:48:37 +0000  6929 bytes for ./Frameworks/WFChatUIKit.framework/Stickers.bundle/B数/心里没有一点B数吗.jpg
2020-01-02 12:48:37 +0000  copying file ./Frameworks/WFChatUIKit.framework/Stickers.bundle/B数/有没有B数，你心里没有点B数吗.png ... 
2020-01-02 12:48:37 +0000  75926 bytes for ./Frameworks/WFChatUIKit.framework/Stickers.bundle/B数/有没有B数，你心里没有点B数吗.png
2020-01-02 12:48:37 +0000  copying file ./Frameworks/WFChatUIKit.framework/Stickers.bundle/B数/委屈地哭了起来.jpg ... 
2020-01-02 12:48:37 +0000  13327 bytes for ./Frameworks/WFChatUIKit.framework/Stickers.bundle/B数/委屈地哭了起来.jpg
2020-01-02 12:48:37 +0000  copying file ./Frameworks/WFChatUIKit.framework/Stickers.bundle/B数/宝宝委屈，但宝宝不说.jpg ... 
2020-01-02 12:48:37 +0000  50177 bytes for ./Frameworks/WFChatUIKit.framework/Stickers.bundle/B数/宝宝委屈，但宝宝不说.jpg
2020-01-02 12:48:37 +0000  copying file ./Frameworks/WFChatUIKit.framework/Stickers.bundle/B数/自己心里没有一点B数吗.jpg ... 
2020-01-02 12:48:37 +0000  7440 bytes for ./Frameworks/WFChatUIKit.framework/Stickers.bundle/B数/自己心里没有一点B数吗.jpg
2020-01-02 12:48:37 +0000  copying file ./Frameworks/WFChatUIKit.framework/Stickers.bundle/B数/本宝宝不开心了，本宝宝有小情绪了.jpeg ... 
2020-01-02 12:48:37 +0000  49854 bytes for ./Frameworks/WFChatUIKit.framework/Stickers.bundle/B数/本宝宝不开心了，本宝宝有小情绪了.jpeg
2020-01-02 12:48:37 +0000  copying file ./Frameworks/WFChatUIKit.framework/Stickers.bundle/B数/宝宝心里苦，但宝宝说了.png ... 
2020-01-02 12:48:37 +0000  123421 bytes for ./Frameworks/WFChatUIKit.framework/Stickers.bundle/B数/宝宝心里苦，但宝宝说了.png
2020-01-02 12:48:37 +0000  copying file ./Frameworks/WFChatUIKit.framework/Stickers.bundle/B数/心里难道没有一点B数吗.jpg ... 
2020-01-02 12:48:37 +0000  10968 bytes for ./Frameworks/WFChatUIKit.framework/Stickers.bundle/B数/心里难道没有一点B数吗.jpg
2020-01-02 12:48:37 +0000  copying file ./Frameworks/WFChatUIKit.framework/Emoj.plist ... 
2020-01-02 12:48:37 +0000  1033 bytes for ./Frameworks/WFChatUIKit.framework/Emoj.plist
2020-01-02 12:48:37 +0000  copying file ./Frameworks/WFChatUIKit.framework/WFChatUIKit ... 
2020-01-02 12:48:37 +0000  3622576 bytes for ./Frameworks/WFChatUIKit.framework/WFChatUIKit
copying file ./Frameworks/WFChatUIKit.framework/Assets.car ... 
2020-01-02 12:48:37 +0000  441008 bytes for ./Frameworks/WFChatUIKit.framework/Assets.car
2020-01-02 12:48:37 +0000  copying file ./Frameworks/WFChatUIKit.framework/WFCUShareMessageView.nib/objects-13.0+.nib ... 
2020-01-02 12:48:37 +0000  6843 bytes for ./Frameworks/WFChatUIKit.framework/WFCUShareMessageView.nib/objects-13.0+.nib
2020-01-02 12:48:37 +0000  copying file ./Frameworks/WFChatUIKit.framework/WFCUShareMessageView.nib/runtime.nib ... 
2020-01-02 12:48:37 +0000  6845 bytes for ./Frameworks/WFChatUIKit.framework/WFCUShareMessageView.nib/runtime.nib
2020-01-02 12:48:37 +0000  copying file ./Frameworks/WFChatUIKit.framework/Info.plist ... 
2020-01-02 12:48:37 +0000  760 bytes for ./Frameworks/WFChatUIKit.framework/Info.plist
2020-01-02 12:48:37 +0000  copying file ./Frameworks/WFAVEngineKit.framework/_CodeSignature/CodeResources ... 
2020-01-02 12:48:37 +0000  2084 bytes for ./Frameworks/WFAVEngineKit.framework/_CodeSignature/CodeResources
2020-01-02 12:48:37 +0000  copying file ./Frameworks/WFAVEngineKit.framework/LICENSE.md ... 
2020-01-02 12:48:37 +0000  43261 bytes for ./Frameworks/WFAVEngineKit.framework/LICENSE.md
2020-01-02 12:48:37 +0000  copying file ./Frameworks/WFAVEngineKit.framework/WFAVEngineKit ... 
2020-01-02 12:48:37 +0000  301296 bytes for ./Frameworks/WFAVEngineKit.framework/WFAVEngineKit
2020-01-02 12:48:37 +0000  copying file ./Frameworks/WFAVEngineKit.framework/Info.plist ... 
2020-01-02 12:48:37 +0000  762 bytes for ./Frameworks/WFAVEngineKit.framework/Info.plist
2020-01-02 12:48:37 +0000  copying file ./Frameworks/WebRTC.framework/_CodeSignature/CodeResources ... 
2020-01-02 12:48:37 +0000  2084 bytes for ./Frameworks/WebRTC.framework/_CodeSignature/CodeResources
2020-01-02 12:48:37 +0000  copying file ./Frameworks/WebRTC.framework/LICENSE.md ... 
2020-01-02 12:48:37 +0000  43916 bytes for ./Frameworks/WebRTC.framework/LICENSE.md
2020-01-02 12:48:37 +0000  copying file ./Frameworks/WebRTC.framework/WebRTC ... 
2020-01-02 12:48:37 +0000  5337568 bytes for ./Frameworks/WebRTC.framework/WebRTC
copying file ./Frameworks/WebRTC.framework/Info.plist ... 
2020-01-02 12:48:37 +0000  780 bytes for ./Frameworks/WebRTC.framework/Info.plist
copying file ./Frameworks/WFChatClient.framework/_CodeSignature/CodeResources ... 
1798 bytes for ./Frameworks/WFChatClient.framework/_CodeSignature/CodeResources
2020-01-02 12:48:37 +0000  copying file ./Frameworks/WFChatClient.framework/WFChatClient ... 
2020-01-02 12:48:37 +0000  6542000 bytes for ./Frameworks/WFChatClient.framework/WFChatClient
2020-01-02 12:48:37 +0000  copying file ./Frameworks/WFChatClient.framework/Info.plist ... 
762 bytes for ./Frameworks/WFChatClient.framework/Info.plist
2020-01-02 12:48:37 +0000  copying file ./Frameworks/WFMomentUIKit.framework/_CodeSignature/CodeResources ... 
2020-01-02 12:48:37 +0000  1798 bytes for ./Frameworks/WFMomentUIKit.framework/_CodeSignature/CodeResources
2020-01-02 12:48:37 +0000  copying file ./Frameworks/WFMomentUIKit.framework/WFMomentUIKit ... 
2020-01-02 12:48:37 +0000  52272 bytes for ./Frameworks/WFMomentUIKit.framework/WFMomentUIKit
2020-01-02 12:48:37 +0000  copying file ./Frameworks/WFMomentUIKit.framework/Info.plist ... 
2020-01-02 12:48:37 +0000  758 bytes for ./Frameworks/WFMomentUIKit.framework/Info.plist
2020-01-02 12:48:37 +0000  copying file ./Frameworks/WFMomentClient.framework/_CodeSignature/CodeResources ... 
2020-01-02 12:48:37 +0000  1798 bytes for ./Frameworks/WFMomentClient.framework/_CodeSignature/CodeResources
2020-01-02 12:48:37 +0000  copying file ./Frameworks/WFMomentClient.framework/WFMomentClient ... 
2020-01-02 12:48:37 +0000  52288 bytes for ./Frameworks/WFMomentClient.framework/WFMomentClient
2020-01-02 12:48:37 +0000  copying file ./Frameworks/WFMomentClient.framework/Info.plist ... 
2020-01-02 12:48:37 +0000  760 bytes for ./Frameworks/WFMomentClient.framework/Info.plist
2020-01-02 12:48:37 +0000  copying file ./embedded.mobileprovision ... 
2020-01-02 12:48:37 +0000  7524 bytes for ./embedded.mobileprovision
2020-01-02 12:48:37 +0000  copying file ./ring.caf ... 
2020-01-02 12:48:37 +0000  221254 bytes for ./ring.caf
2020-01-02 12:48:37 +0000  copying file ./LaunchImage-800-Landscape-736h@3x.png ... 
2020-01-02 12:48:37 +0000  149622 bytes for ./LaunchImage-800-Landscape-736h@3x.png
2020-01-02 12:48:37 +0000  copying file ./MyEditPasswordViewController.nib/objects-13.0+.nib ... 
2020-01-02 12:48:37 +0000  6439 bytes for ./MyEditPasswordViewController.nib/objects-13.0+.nib
2020-01-02 12:48:37 +0000  copying file ./MyEditPasswordViewController.nib/runtime.nib ... 
2020-01-02 12:48:37 +0000  6436 bytes for ./MyEditPasswordViewController.nib/runtime.nib
2020-01-02 12:48:37 +0000  copying file ./Info.plist ... 
2020-01-02 12:48:37 +0000  2609 bytes for ./Info.plist
2020-01-02 12:48:37 +0000  copying file ./PkgInfo ... 
2020-01-02 12:48:37 +0000  8 bytes for ./PkgInfo
2020-01-02 12:48:37 +0000  /usr/bin/ditto exited with 0
2020-01-02 12:48:37 +0000  Processing step: IDEDistributionEmbedProfileStep
2020-01-02 12:48:37 +0000  Skipping profile for item: <IDEDistributionItem: 0x7f9c207c17e0; bundleID='cn.wildfirechat.WFAVEngineKit', path='<DVTFilePath:0x7f9c1b15d0a0:'/Users/chensw/Library/Developer/Xcode/Archives/2020-01-02/WildFireChat 2020-1-2, 8.48 PM.xcarchive/Products/Applications/九州.app/Frameworks/WFAVEngineKit.framework'>', codeSigningInfo='<_DVTCodeSigningInformation_Path: 0x7f9c1d7165e0; isSigned='1', isAdHocSigned='0', signingCertificate='<DVTSigningCertificate: 0x7f9c1ea2ea10; name='iPhone Distribution: yongqiang wang (L35R378236)', hash='22243576F87E877A85626A537BE91AC65C4FB4B9', serialNumber='37770C1016F705EB', certificateKinds='(
    "1.2.840.113635.100.6.1.4"
), issueDate='2019-12-17 14:06:32 +0000''>', entitlements='(null)', teamID='L35R378236', identifier='cn.wildfirechat.WFAVEngineKit', executablePath='<DVTFilePath:0x7f9c12e5fbb0:'/Users/chensw/Library/Developer/Xcode/Archives/2020-01-02/WildFireChat 2020-1-2, 8.48 PM.xcarchive/Products/Applications/九州.app/Frameworks/WFAVEngineKit.framework/WFAVEngineKit'>', hardenedRuntime='0'>'>
2020-01-02 12:48:37 +0000  Skipping profile for item: <IDEDistributionItem: 0x7f9c390585e0; bundleID='cn.wildfirechat.WFChatClient', path='<DVTFilePath:0x7f9c0edb7d20:'/Users/chensw/Library/Developer/Xcode/Archives/2020-01-02/WildFireChat 2020-1-2, 8.48 PM.xcarchive/Products/Applications/九州.app/Frameworks/WFChatClient.framework'>', codeSigningInfo='<_DVTCodeSigningInformation_Path: 0x7f9c1d7ce7b0; isSigned='1', isAdHocSigned='0', signingCertificate='<DVTSigningCertificate: 0x7f9c1ea2ea10; name='iPhone Distribution: yongqiang wang (L35R378236)', hash='22243576F87E877A85626A537BE91AC65C4FB4B9', serialNumber='37770C1016F705EB', certificateKinds='(
    "1.2.840.113635.100.6.1.4"
), issueDate='2019-12-17 14:06:32 +0000''>', entitlements='(null)', teamID='L35R378236', identifier='cn.wildfirechat.WFChatClient', executablePath='<DVTFilePath:0x7f9c0edda200:'/Users/chensw/Library/Developer/Xcode/Archives/2020-01-02/WildFireChat 2020-1-2, 8.48 PM.xcarchive/Products/Applications/九州.app/Frameworks/WFChatClient.framework/WFChatClient'>', hardenedRuntime='0'>'>
2020-01-02 12:48:37 +0000  Skipping profile for item: <IDEDistributionItem: 0x7f9c2499d9b0; bundleID='cn.wildfirechat.WFChatUIKit', path='<DVTFilePath:0x7f9c1d7228f0:'/Users/chensw/Library/Developer/Xcode/Archives/2020-01-02/WildFireChat 2020-1-2, 8.48 PM.xcarchive/Products/Applications/九州.app/Frameworks/WFChatUIKit.framework'>', codeSigningInfo='<_DVTCodeSigningInformation_Path: 0x7f9c1d7ecf60; isSigned='1', isAdHocSigned='0', signingCertificate='<DVTSigningCertificate: 0x7f9c1ea2ea10; name='iPhone Distribution: yongqiang wang (L35R378236)', hash='22243576F87E877A85626A537BE91AC65C4FB4B9', serialNumber='37770C1016F705EB', certificateKinds='(
    "1.2.840.113635.100.6.1.4"
), issueDate='2019-12-17 14:06:32 +0000''>', entitlements='(null)', teamID='L35R378236', identifier='cn.wildfirechat.WFChatUIKit', executablePath='<DVTFilePath:0x7f9c249c6d10:'/Users/chensw/Library/Developer/Xcode/Archives/2020-01-02/WildFireChat 2020-1-2, 8.48 PM.xcarchive/Products/Applications/九州.app/Frameworks/WFChatUIKit.framework/WFChatUIKit'>', hardenedRuntime='0'>'>
2020-01-02 12:48:37 +0000  Skipping profile for item: <IDEDistributionItem: 0x7f9c15b221f0; bundleID='cn.wildfirechat.WFMomentClient', path='<DVTFilePath:0x7f9c0eda9a80:'/Users/chensw/Library/Developer/Xcode/Archives/2020-01-02/WildFireChat 2020-1-2, 8.48 PM.xcarchive/Products/Applications/九州.app/Frameworks/WFMomentClient.framework'>', codeSigningInfo='<_DVTCodeSigningInformation_Path: 0x7f9c38d29830; isSigned='1', isAdHocSigned='0', signingCertificate='<DVTSigningCertificate: 0x7f9c1ea2ea10; name='iPhone Distribution: yongqiang wang (L35R378236)', hash='22243576F87E877A85626A537BE91AC65C4FB4B9', serialNumber='37770C1016F705EB', certificateKinds='(
    "1.2.840.113635.100.6.1.4"
), issueDate='2019-12-17 14:06:32 +0000''>', entitlements='(null)', teamID='L35R378236', identifier='cn.wildfirechat.WFMomentClient', executablePath='<DVTFilePath:0x7f9c0ed41d70:'/Users/chensw/Library/Developer/Xcode/Archives/2020-01-02/WildFireChat 2020-1-2, 8.48 PM.xcarchive/Products/Applications/九州.app/Frameworks/WFMomentClient.framework/WFMomentClient'>', hardenedRuntime='0'>'>
2020-01-02 12:48:37 +0000  Skipping profile for item: <IDEDistributionItem: 0x7f9c15b917d0; bundleID='cn.wildfirechat.WFMomentUIKit', path='<DVTFilePath:0x7f9c12edc0a0:'/Users/chensw/Library/Developer/Xcode/Archives/2020-01-02/WildFireChat 2020-1-2, 8.48 PM.xcarchive/Products/Applications/九州.app/Frameworks/WFMomentUIKit.framework'>', codeSigningInfo='<_DVTCodeSigningInformation_Path: 0x7f9c249590d0; isSigned='1', isAdHocSigned='0', signingCertificate='<DVTSigningCertificate: 0x7f9c1ea2ea10; name='iPhone Distribution: yongqiang wang (L35R378236)', hash='22243576F87E877A85626A537BE91AC65C4FB4B9', serialNumber='37770C1016F705EB', certificateKinds='(
    "1.2.840.113635.100.6.1.4"
), issueDate='2019-12-17 14:06:32 +0000''>', entitlements='(null)', teamID='L35R378236', identifier='cn.wildfirechat.WFMomentUIKit', executablePath='<DVTFilePath:0x7f9c0ed46420:'/Users/chensw/Library/Developer/Xcode/Archives/2020-01-02/WildFireChat 2020-1-2, 8.48 PM.xcarchive/Products/Applications/九州.app/Frameworks/WFMomentUIKit.framework/WFMomentUIKit'>', hardenedRuntime='0'>'>
2020-01-02 12:48:37 +0000  Skipping profile for item: <IDEDistributionItem: 0x7f9c39092780; bundleID='org.webrtc.WebRTC', path='<DVTFilePath:0x7f9c0ed0e010:'/Users/chensw/Library/Developer/Xcode/Archives/2020-01-02/WildFireChat 2020-1-2, 8.48 PM.xcarchive/Products/Applications/九州.app/Frameworks/WebRTC.framework'>', codeSigningInfo='<_DVTCodeSigningInformation_Path: 0x7f9c2493e340; isSigned='1', isAdHocSigned='0', signingCertificate='<DVTSigningCertificate: 0x7f9c1ea2ea10; name='iPhone Distribution: yongqiang wang (L35R378236)', hash='22243576F87E877A85626A537BE91AC65C4FB4B9', serialNumber='37770C1016F705EB', certificateKinds='(
    "1.2.840.113635.100.6.1.4"
), issueDate='2019-12-17 14:06:32 +0000''>', entitlements='(null)', teamID='L35R378236', identifier='org.webrtc.WebRTC', executablePath='<DVTFilePath:0x7f9c0ed40f90:'/Users/chensw/Library/Developer/Xcode/Archives/2020-01-02/WildFireChat 2020-1-2, 8.48 PM.xcarchive/Products/Applications/九州.app/Frameworks/WebRTC.framework/WebRTC'>', hardenedRuntime='0'>'>
2020-01-02 12:48:37 +0000  Processing step: IDEDistributionAppThinningPlistStep
2020-01-02 12:48:37 +0000  Skipping step: IDEDistributionAppThinningPlistStep because it said so
2020-01-02 12:48:37 +0000  Processing step: IDEDistributionCompileBitcodeStep
2020-01-02 12:48:37 +0000  Skipping step: IDEDistributionCompileBitcodeStep because it said so
2020-01-02 12:48:37 +0000  Processing step: IDEDistributionCodeSlimmingStep
2020-01-02 12:48:37 +0000  Processing step: IDEDistributionCopyBCSymbolMapsStep
2020-01-02 12:48:37 +0000  Skipping step: IDEDistributionCopyBCSymbolMapsStep because it said so
2020-01-02 12:48:37 +0000  Skipping step: IDEDistributionCopyBCSymbolMapsStep because it said so
2020-01-02 12:48:37 +0000  Skipping step: IDEDistributionCopyBCSymbolMapsStep because it said so
2020-01-02 12:48:37 +0000  Skipping step: IDEDistributionCopyBCSymbolMapsStep because it said so
2020-01-02 12:48:37 +0000  Skipping step: IDEDistributionCopyBCSymbolMapsStep because it said so
2020-01-02 12:48:37 +0000  Skipping step: IDEDistributionCopyBCSymbolMapsStep because it said so
2020-01-02 12:48:37 +0000  Skipping step: IDEDistributionCopyBCSymbolMapsStep because it said so
2020-01-02 12:48:37 +0000  Processing step: IDEDistributionSymbolsStep
2020-01-02 12:48:37 +0000  Skipping step: IDEDistributionSymbolsStep because it said so
2020-01-02 12:48:37 +0000  Skipping step: IDEDistributionSymbolsStep because it said so
2020-01-02 12:48:37 +0000  Skipping step: IDEDistributionSymbolsStep because it said so
2020-01-02 12:48:37 +0000  Skipping step: IDEDistributionSymbolsStep because it said so
2020-01-02 12:48:37 +0000  Skipping step: IDEDistributionSymbolsStep because it said so
2020-01-02 12:48:37 +0000  Skipping step: IDEDistributionSymbolsStep because it said so
2020-01-02 12:48:37 +0000  Skipping step: IDEDistributionSymbolsStep because it said so
2020-01-02 12:48:37 +0000  Processing step: IDEDistributionAppThinningStep
2020-01-02 12:48:37 +0000  Skipping step: IDEDistributionAppThinningStep because it said so
2020-01-02 12:48:37 +0000  Processing step: IDEDistributionArchThinningStep
2020-01-02 12:48:37 +0000  Running /Applications/Xcode.app/Contents/Developer/Toolchains/XcodeDefault.xctoolchain/usr/bin/lipo '/var/folders/53/qb55slss0q7f71qwghcz4vr40000gq/T/XcodeDistPipeline.~~~wJ2ZYp/Root/Payload/九州.app/Frameworks/WFAVEngineKit.framework/WFAVEngineKit' '-verify_arch' 'arm64e'
2020-01-02 12:48:37 +0000  /Applications/Xcode.app/Contents/Developer/Toolchains/XcodeDefault.xctoolchain/usr/bin/lipo exited with 1
2020-01-02 12:48:37 +0000  Skipping architecture thinning for item "WFAVEngineKit" because arch "arm64e" wasn't found
2020-01-02 12:48:37 +0000  Running /Applications/Xcode.app/Contents/Developer/Toolchains/XcodeDefault.xctoolchain/usr/bin/lipo '/var/folders/53/qb55slss0q7f71qwghcz4vr40000gq/T/XcodeDistPipeline.~~~wJ2ZYp/Root/Payload/九州.app/Frameworks/WFChatClient.framework/WFChatClient' '-verify_arch' 'arm64e'
2020-01-02 12:48:37 +0000  /Applications/Xcode.app/Contents/Developer/Toolchains/XcodeDefault.xctoolchain/usr/bin/lipo exited with 1
2020-01-02 12:48:37 +0000  Skipping architecture thinning for item "WFChatClient" because arch "arm64e" wasn't found
2020-01-02 12:48:37 +0000  Running /Applications/Xcode.app/Contents/Developer/Toolchains/XcodeDefault.xctoolchain/usr/bin/lipo '/var/folders/53/qb55slss0q7f71qwghcz4vr40000gq/T/XcodeDistPipeline.~~~wJ2ZYp/Root/Payload/九州.app/Frameworks/WFChatUIKit.framework/WFChatUIKit' '-verify_arch' 'arm64e'
2020-01-02 12:48:37 +0000  /Applications/Xcode.app/Contents/Developer/Toolchains/XcodeDefault.xctoolchain/usr/bin/lipo exited with 1
2020-01-02 12:48:37 +0000  Skipping architecture thinning for item "WFChatUIKit" because arch "arm64e" wasn't found
2020-01-02 12:48:37 +0000  Running /Applications/Xcode.app/Contents/Developer/Toolchains/XcodeDefault.xctoolchain/usr/bin/lipo '/var/folders/53/qb55slss0q7f71qwghcz4vr40000gq/T/XcodeDistPipeline.~~~wJ2ZYp/Root/Payload/九州.app/Frameworks/WFMomentClient.framework/WFMomentClient' '-verify_arch' 'arm64e'
2020-01-02 12:48:37 +0000  /Applications/Xcode.app/Contents/Developer/Toolchains/XcodeDefault.xctoolchain/usr/bin/lipo exited with 1
2020-01-02 12:48:37 +0000  Skipping architecture thinning for item "WFMomentClient" because arch "arm64e" wasn't found
2020-01-02 12:48:37 +0000  Running /Applications/Xcode.app/Contents/Developer/Toolchains/XcodeDefault.xctoolchain/usr/bin/lipo '/var/folders/53/qb55slss0q7f71qwghcz4vr40000gq/T/XcodeDistPipeline.~~~wJ2ZYp/Root/Payload/九州.app/Frameworks/WFMomentUIKit.framework/WFMomentUIKit' '-verify_arch' 'arm64e'
2020-01-02 12:48:37 +0000  /Applications/Xcode.app/Contents/Developer/Toolchains/XcodeDefault.xctoolchain/usr/bin/lipo exited with 1
2020-01-02 12:48:37 +0000  Skipping architecture thinning for item "WFMomentUIKit" because arch "arm64e" wasn't found
2020-01-02 12:48:37 +0000  Running /Applications/Xcode.app/Contents/Developer/Toolchains/XcodeDefault.xctoolchain/usr/bin/lipo '/var/folders/53/qb55slss0q7f71qwghcz4vr40000gq/T/XcodeDistPipeline.~~~wJ2ZYp/Root/Payload/九州.app/Frameworks/WebRTC.framework/WebRTC' '-verify_arch' 'arm64e'
2020-01-02 12:48:37 +0000  /Applications/Xcode.app/Contents/Developer/Toolchains/XcodeDefault.xctoolchain/usr/bin/lipo exited with 1
2020-01-02 12:48:37 +0000  Skipping architecture thinning for item "WebRTC" because arch "arm64e" wasn't found
2020-01-02 12:48:37 +0000  Running /Applications/Xcode.app/Contents/Developer/Toolchains/XcodeDefault.xctoolchain/usr/bin/lipo '/var/folders/53/qb55slss0q7f71qwghcz4vr40000gq/T/XcodeDistPipeline.~~~wJ2ZYp/Root/Payload/九州.app/九州' '-verify_arch' 'arm64e'
2020-01-02 12:48:37 +0000  /Applications/Xcode.app/Contents/Developer/Toolchains/XcodeDefault.xctoolchain/usr/bin/lipo exited with 1
2020-01-02 12:48:37 +0000  Skipping architecture thinning for item "九州" because arch "arm64e" wasn't found
2020-01-02 12:48:37 +0000  Processing step: IDEDistributionODRStep
2020-01-02 12:48:37 +0000  Processing step: IDEDistributionStripXattrsStep
2020-01-02 12:48:37 +0000  Skipping stripping extended attributes of item: <IDEDistributionItem: 0x7f9c207c17e0; bundleID='cn.wildfirechat.WFAVEngineKit', path='<DVTFilePath:0x7f9c1b15d0a0:'/Users/chensw/Library/Developer/Xcode/Archives/2020-01-02/WildFireChat 2020-1-2, 8.48 PM.xcarchive/Products/Applications/九州.app/Frameworks/WFAVEngineKit.framework'>', codeSigningInfo='<_DVTCodeSigningInformation_Path: 0x7f9c1d7165e0; isSigned='1', isAdHocSigned='0', signingCertificate='<DVTSigningCertificate: 0x7f9bff0a8500; name='iPhone Distribution: yongqiang wang (L35R378236)', hash='22243576F87E877A85626A537BE91AC65C4FB4B9', serialNumber='37770C1016F705EB', certificateKinds='(
    "1.2.840.113635.100.6.1.4"
), issueDate='2019-12-17 14:06:32 +0000''>', entitlements='(null)', teamID='L35R378236', identifier='cn.wildfirechat.WFAVEngineKit', executablePath='<DVTFilePath:0x7f9c12e5fbb0:'/Users/chensw/Library/Developer/Xcode/Archives/2020-01-02/WildFireChat 2020-1-2, 8.48 PM.xcarchive/Products/Applications/九州.app/Frameworks/WFAVEngineKit.framework/WFAVEngineKit'>', hardenedRuntime='0'>'>
2020-01-02 12:48:37 +0000  Skipping stripping extended attributes of item: <IDEDistributionItem: 0x7f9c390585e0; bundleID='cn.wildfirechat.WFChatClient', path='<DVTFilePath:0x7f9c0edb7d20:'/Users/chensw/Library/Developer/Xcode/Archives/2020-01-02/WildFireChat 2020-1-2, 8.48 PM.xcarchive/Products/Applications/九州.app/Frameworks/WFChatClient.framework'>', codeSigningInfo='<_DVTCodeSigningInformation_Path: 0x7f9c1d7ce7b0; isSigned='1', isAdHocSigned='0', signingCertificate='<DVTSigningCertificate: 0x7f9c228ce4d0; name='iPhone Distribution: yongqiang wang (L35R378236)', hash='22243576F87E877A85626A537BE91AC65C4FB4B9', serialNumber='37770C1016F705EB', certificateKinds='(
    "1.2.840.113635.100.6.1.4"
), issueDate='2019-12-17 14:06:32 +0000''>', entitlements='(null)', teamID='L35R378236', identifier='cn.wildfirechat.WFChatClient', executablePath='<DVTFilePath:0x7f9c0edda200:'/Users/chensw/Library/Developer/Xcode/Archives/2020-01-02/WildFireChat 2020-1-2, 8.48 PM.xcarchive/Products/Applications/九州.app/Frameworks/WFChatClient.framework/WFChatClient'>', hardenedRuntime='0'>'>
2020-01-02 12:48:37 +0000  Skipping stripping extended attributes of item: <IDEDistributionItem: 0x7f9c2499d9b0; bundleID='cn.wildfirechat.WFChatUIKit', path='<DVTFilePath:0x7f9c1d7228f0:'/Users/chensw/Library/Developer/Xcode/Archives/2020-01-02/WildFireChat 2020-1-2, 8.48 PM.xcarchive/Products/Applications/九州.app/Frameworks/WFChatUIKit.framework'>', codeSigningInfo='<_DVTCodeSigningInformation_Path: 0x7f9c1d7ecf60; isSigned='1', isAdHocSigned='0', signingCertificate='<DVTSigningCertificate: 0x7f9c184705f0; name='iPhone Distribution: yongqiang wang (L35R378236)', hash='22243576F87E877A85626A537BE91AC65C4FB4B9', serialNumber='37770C1016F705EB', certificateKinds='(
    "1.2.840.113635.100.6.1.4"
), issueDate='2019-12-17 14:06:32 +0000''>', entitlements='(null)', teamID='L35R378236', identifier='cn.wildfirechat.WFChatUIKit', executablePath='<DVTFilePath:0x7f9c249c6d10:'/Users/chensw/Library/Developer/Xcode/Archives/2020-01-02/WildFireChat 2020-1-2, 8.48 PM.xcarchive/Products/Applications/九州.app/Frameworks/WFChatUIKit.framework/WFChatUIKit'>', hardenedRuntime='0'>'>
2020-01-02 12:48:37 +0000  Skipping stripping extended attributes of item: <IDEDistributionItem: 0x7f9c15b221f0; bundleID='cn.wildfirechat.WFMomentClient', path='<DVTFilePath:0x7f9c0eda9a80:'/Users/chensw/Library/Developer/Xcode/Archives/2020-01-02/WildFireChat 2020-1-2, 8.48 PM.xcarchive/Products/Applications/九州.app/Frameworks/WFMomentClient.framework'>', codeSigningInfo='<_DVTCodeSigningInformation_Path: 0x7f9c38d29830; isSigned='1', isAdHocSigned='0', signingCertificate='<DVTSigningCertificate: 0x7f9c184705f0; name='iPhone Distribution: yongqiang wang (L35R378236)', hash='22243576F87E877A85626A537BE91AC65C4FB4B9', serialNumber='37770C1016F705EB', certificateKinds='(
    "1.2.840.113635.100.6.1.4"
), issueDate='2019-12-17 14:06:32 +0000''>', entitlements='(null)', teamID='L35R378236', identifier='cn.wildfirechat.WFMomentClient', executablePath='<DVTFilePath:0x7f9c0ed41d70:'/Users/chensw/Library/Developer/Xcode/Archives/2020-01-02/WildFireChat 2020-1-2, 8.48 PM.xcarchive/Products/Applications/九州.app/Frameworks/WFMomentClient.framework/WFMomentClient'>', hardenedRuntime='0'>'>
2020-01-02 12:48:37 +0000  Skipping stripping extended attributes of item: <IDEDistributionItem: 0x7f9c15b917d0; bundleID='cn.wildfirechat.WFMomentUIKit', path='<DVTFilePath:0x7f9c12edc0a0:'/Users/chensw/Library/Developer/Xcode/Archives/2020-01-02/WildFireChat 2020-1-2, 8.48 PM.xcarchive/Products/Applications/九州.app/Frameworks/WFMomentUIKit.framework'>', codeSigningInfo='<_DVTCodeSigningInformation_Path: 0x7f9c249590d0; isSigned='1', isAdHocSigned='0', signingCertificate='<DVTSigningCertificate: 0x7f9c184705f0; name='iPhone Distribution: yongqiang wang (L35R378236)', hash='22243576F87E877A85626A537BE91AC65C4FB4B9', serialNumber='37770C1016F705EB', certificateKinds='(
    "1.2.840.113635.100.6.1.4"
), issueDate='2019-12-17 14:06:32 +0000''>', entitlements='(null)', teamID='L35R378236', identifier='cn.wildfirechat.WFMomentUIKit', executablePath='<DVTFilePath:0x7f9c0ed46420:'/Users/chensw/Library/Developer/Xcode/Archives/2020-01-02/WildFireChat 2020-1-2, 8.48 PM.xcarchive/Products/Applications/九州.app/Frameworks/WFMomentUIKit.framework/WFMomentUIKit'>', hardenedRuntime='0'>'>
2020-01-02 12:48:37 +0000  Skipping stripping extended attributes of item: <IDEDistributionItem: 0x7f9c39092780; bundleID='org.webrtc.WebRTC', path='<DVTFilePath:0x7f9c0ed0e010:'/Users/chensw/Library/Developer/Xcode/Archives/2020-01-02/WildFireChat 2020-1-2, 8.48 PM.xcarchive/Products/Applications/九州.app/Frameworks/WebRTC.framework'>', codeSigningInfo='<_DVTCodeSigningInformation_Path: 0x7f9c2493e340; isSigned='1', isAdHocSigned='0', signingCertificate='<DVTSigningCertificate: 0x7f9c184705f0; name='iPhone Distribution: yongqiang wang (L35R378236)', hash='22243576F87E877A85626A537BE91AC65C4FB4B9', serialNumber='37770C1016F705EB', certificateKinds='(
    "1.2.840.113635.100.6.1.4"
), issueDate='2019-12-17 14:06:32 +0000''>', entitlements='(null)', teamID='L35R378236', identifier='org.webrtc.WebRTC', executablePath='<DVTFilePath:0x7f9c0ed40f90:'/Users/chensw/Library/Developer/Xcode/Archives/2020-01-02/WildFireChat 2020-1-2, 8.48 PM.xcarchive/Products/Applications/九州.app/Frameworks/WebRTC.framework/WebRTC'>', hardenedRuntime='0'>'>
2020-01-02 12:48:37 +0000  Running /usr/bin/xattr '-crs' '/var/folders/53/qb55slss0q7f71qwghcz4vr40000gq/T/XcodeDistPipeline.~~~wJ2ZYp/Root/Payload/九州.app'
2020-01-02 12:48:38 +0000  /usr/bin/xattr exited with 0
2020-01-02 12:48:38 +0000  Processing step: IDEDistributionCodesignStep
2020-01-02 12:48:38 +0000  Entitlements for <IDEDistributionItem: 0x7f9c207c17e0; bundleID='cn.wildfirechat.WFAVEngineKit', path='<DVTFilePath:0x7f9c1b15d0a0:'/Users/chensw/Library/Developer/Xcode/Archives/2020-01-02/WildFireChat 2020-1-2, 8.48 PM.xcarchive/Products/Applications/九州.app/Frameworks/WFAVEngineKit.framework'>', codeSigningInfo='<_DVTCodeSigningInformation_Path: 0x7f9c1d7165e0; isSigned='1', isAdHocSigned='0', signingCertificate='<DVTSigningCertificate: 0x7f9c184705f0; name='iPhone Distribution: yongqiang wang (L35R378236)', hash='22243576F87E877A85626A537BE91AC65C4FB4B9', serialNumber='37770C1016F705EB', certificateKinds='(
    "1.2.840.113635.100.6.1.4"
), issueDate='2019-12-17 14:06:32 +0000''>', entitlements='(null)', teamID='L35R378236', identifier='cn.wildfirechat.WFAVEngineKit', executablePath='<DVTFilePath:0x7f9c12e5fbb0:'/Users/chensw/Library/Developer/Xcode/Archives/2020-01-02/WildFireChat 2020-1-2, 8.48 PM.xcarchive/Products/Applications/九州.app/Frameworks/WFAVEngineKit.framework/WFAVEngineKit'>', hardenedRuntime='0'>'>: {
}
2020-01-02 12:48:38 +0000  Writing entitlements for <IDEDistributionItem: 0x7f9c207c17e0; bundleID='cn.wildfirechat.WFAVEngineKit', path='<DVTFilePath:0x7f9c1b15d0a0:'/Users/chensw/Library/Developer/Xcode/Archives/2020-01-02/WildFireChat 2020-1-2, 8.48 PM.xcarchive/Products/Applications/九州.app/Frameworks/WFAVEngineKit.framework'>', codeSigningInfo='<_DVTCodeSigningInformation_Path: 0x7f9c1d7165e0; isSigned='1', isAdHocSigned='0', signingCertificate='<DVTSigningCertificate: 0x7f9c1914cf30; name='iPhone Distribution: yongqiang wang (L35R378236)', hash='22243576F87E877A85626A537BE91AC65C4FB4B9', serialNumber='37770C1016F705EB', certificateKinds='(
    "1.2.840.113635.100.6.1.4"
), issueDate='2019-12-17 14:06:32 +0000''>', entitlements='(null)', teamID='L35R378236', identifier='cn.wildfirechat.WFAVEngineKit', executablePath='<DVTFilePath:0x7f9c12e5fbb0:'/Users/chensw/Library/Developer/Xcode/Archives/2020-01-02/WildFireChat 2020-1-2, 8.48 PM.xcarchive/Products/Applications/九州.app/Frameworks/WFAVEngineKit.framework/WFAVEngineKit'>', hardenedRuntime='0'>'> to: /var/folders/53/qb55slss0q7f71qwghcz4vr40000gq/T/XcodeDistPipeline.~~~wJ2ZYp/entitlements~~~dC4Su2
2020-01-02 12:48:38 +0000  Running /usr/bin/codesign '-vvv' '--force' '--sign' '22243576F87E877A85626A537BE91AC65C4FB4B9' '--entitlements' '/var/folders/53/qb55slss0q7f71qwghcz4vr40000gq/T/XcodeDistPipeline.~~~wJ2ZYp/entitlements~~~dC4Su2' '--preserve-metadata=identifier,flags,runtime' '/var/folders/53/qb55slss0q7f71qwghcz4vr40000gq/T/XcodeDistPipeline.~~~wJ2ZYp/Root/Payload/九州.app/Frameworks/WFAVEngineKit.framework'
2020-01-02 12:48:38 +0000  /var/folders/53/qb55slss0q7f71qwghcz4vr40000gq/T/XcodeDistPipeline.~~~wJ2ZYp/Root/Payload/九州.app/Frameworks/WFAVEngineKit.framework: replacing existing signature
2020-01-02 12:48:38 +0000  /var/folders/53/qb55slss0q7f71qwghcz4vr40000gq/T/XcodeDistPipeline.~~~wJ2ZYp/Root/Payload/九州.app/Frameworks/WFAVEngineKit.framework: signed bundle with Mach-O thin (arm64) [cn.wildfirechat.WFAVEngineKit]
2020-01-02 12:48:38 +0000  /usr/bin/codesign exited with 0
2020-01-02 12:48:38 +0000  Entitlements for <IDEDistributionItem: 0x7f9c390585e0; bundleID='cn.wildfirechat.WFChatClient', path='<DVTFilePath:0x7f9c0edb7d20:'/Users/chensw/Library/Developer/Xcode/Archives/2020-01-02/WildFireChat 2020-1-2, 8.48 PM.xcarchive/Products/Applications/九州.app/Frameworks/WFChatClient.framework'>', codeSigningInfo='<_DVTCodeSigningInformation_Path: 0x7f9c1d7ce7b0; isSigned='1', isAdHocSigned='0', signingCertificate='<DVTSigningCertificate: 0x7f9bff0a8500; name='iPhone Distribution: yongqiang wang (L35R378236)', hash='22243576F87E877A85626A537BE91AC65C4FB4B9', serialNumber='37770C1016F705EB', certificateKinds='(
    "1.2.840.113635.100.6.1.4"
), issueDate='2019-12-17 14:06:32 +0000''>', entitlements='(null)', teamID='L35R378236', identifier='cn.wildfirechat.WFChatClient', executablePath='<DVTFilePath:0x7f9c0edda200:'/Users/chensw/Library/Developer/Xcode/Archives/2020-01-02/WildFireChat 2020-1-2, 8.48 PM.xcarchive/Products/Applications/九州.app/Frameworks/WFChatClient.framework/WFChatClient'>', hardenedRuntime='0'>'>: {
}
2020-01-02 12:48:38 +0000  Writing entitlements for <IDEDistributionItem: 0x7f9c390585e0; bundleID='cn.wildfirechat.WFChatClient', path='<DVTFilePath:0x7f9c0edb7d20:'/Users/chensw/Library/Developer/Xcode/Archives/2020-01-02/WildFireChat 2020-1-2, 8.48 PM.xcarchive/Products/Applications/九州.app/Frameworks/WFChatClient.framework'>', codeSigningInfo='<_DVTCodeSigningInformation_Path: 0x7f9c1d7ce7b0; isSigned='1', isAdHocSigned='0', signingCertificate='<DVTSigningCertificate: 0x7f9c20d33440; name='iPhone Distribution: yongqiang wang (L35R378236)', hash='22243576F87E877A85626A537BE91AC65C4FB4B9', serialNumber='37770C1016F705EB', certificateKinds='(
    "1.2.840.113635.100.6.1.4"
), issueDate='2019-12-17 14:06:32 +0000''>', entitlements='(null)', teamID='L35R378236', identifier='cn.wildfirechat.WFChatClient', executablePath='<DVTFilePath:0x7f9c0edda200:'/Users/chensw/Library/Developer/Xcode/Archives/2020-01-02/WildFireChat 2020-1-2, 8.48 PM.xcarchive/Products/Applications/九州.app/Frameworks/WFChatClient.framework/WFChatClient'>', hardenedRuntime='0'>'> to: /var/folders/53/qb55slss0q7f71qwghcz4vr40000gq/T/XcodeDistPipeline.~~~wJ2ZYp/entitlements~~~SlKIPW
2020-01-02 12:48:38 +0000  Running /usr/bin/codesign '-vvv' '--force' '--sign' '22243576F87E877A85626A537BE91AC65C4FB4B9' '--entitlements' '/var/folders/53/qb55slss0q7f71qwghcz4vr40000gq/T/XcodeDistPipeline.~~~wJ2ZYp/entitlements~~~SlKIPW' '--preserve-metadata=identifier,flags,runtime' '/var/folders/53/qb55slss0q7f71qwghcz4vr40000gq/T/XcodeDistPipeline.~~~wJ2ZYp/Root/Payload/九州.app/Frameworks/WFChatClient.framework'
2020-01-02 12:48:38 +0000  /var/folders/53/qb55slss0q7f71qwghcz4vr40000gq/T/XcodeDistPipeline.~~~wJ2ZYp/Root/Payload/九州.app/Frameworks/WFChatClient.framework: replacing existing signature
2020-01-02 12:48:38 +0000  /var/folders/53/qb55slss0q7f71qwghcz4vr40000gq/T/XcodeDistPipeline.~~~wJ2ZYp/Root/Payload/九州.app/Frameworks/WFChatClient.framework: signed bundle with Mach-O thin (arm64) [cn.wildfirechat.WFChatClient]
2020-01-02 12:48:38 +0000  /usr/bin/codesign exited with 0
2020-01-02 12:48:38 +0000  Entitlements for <IDEDistributionItem: 0x7f9c2499d9b0; bundleID='cn.wildfirechat.WFChatUIKit', path='<DVTFilePath:0x7f9c1d7228f0:'/Users/chensw/Library/Developer/Xcode/Archives/2020-01-02/WildFireChat 2020-1-2, 8.48 PM.xcarchive/Products/Applications/九州.app/Frameworks/WFChatUIKit.framework'>', codeSigningInfo='<_DVTCodeSigningInformation_Path: 0x7f9c1d7ecf60; isSigned='1', isAdHocSigned='0', signingCertificate='<DVTSigningCertificate: 0x7f9bff0a8500; name='iPhone Distribution: yongqiang wang (L35R378236)', hash='22243576F87E877A85626A537BE91AC65C4FB4B9', serialNumber='37770C1016F705EB', certificateKinds='(
    "1.2.840.113635.100.6.1.4"
), issueDate='2019-12-17 14:06:32 +0000''>', entitlements='(null)', teamID='L35R378236', identifier='cn.wildfirechat.WFChatUIKit', executablePath='<DVTFilePath:0x7f9c249c6d10:'/Users/chensw/Library/Developer/Xcode/Archives/2020-01-02/WildFireChat 2020-1-2, 8.48 PM.xcarchive/Products/Applications/九州.app/Frameworks/WFChatUIKit.framework/WFChatUIKit'>', hardenedRuntime='0'>'>: {
}
2020-01-02 12:48:38 +0000  Writing entitlements for <IDEDistributionItem: 0x7f9c2499d9b0; bundleID='cn.wildfirechat.WFChatUIKit', path='<DVTFilePath:0x7f9c1d7228f0:'/Users/chensw/Library/Developer/Xcode/Archives/2020-01-02/WildFireChat 2020-1-2, 8.48 PM.xcarchive/Products/Applications/九州.app/Frameworks/WFChatUIKit.framework'>', codeSigningInfo='<_DVTCodeSigningInformation_Path: 0x7f9c1d7ecf60; isSigned='1', isAdHocSigned='0', signingCertificate='<DVTSigningCertificate: 0x7f9c20d33440; name='iPhone Distribution: yongqiang wang (L35R378236)', hash='22243576F87E877A85626A537BE91AC65C4FB4B9', serialNumber='37770C1016F705EB', certificateKinds='(
    "1.2.840.113635.100.6.1.4"
), issueDate='2019-12-17 14:06:32 +0000''>', entitlements='(null)', teamID='L35R378236', identifier='cn.wildfirechat.WFChatUIKit', executablePath='<DVTFilePath:0x7f9c249c6d10:'/Users/chensw/Library/Developer/Xcode/Archives/2020-01-02/WildFireChat 2020-1-2, 8.48 PM.xcarchive/Products/Applications/九州.app/Frameworks/WFChatUIKit.framework/WFChatUIKit'>', hardenedRuntime='0'>'> to: /var/folders/53/qb55slss0q7f71qwghcz4vr40000gq/T/XcodeDistPipeline.~~~wJ2ZYp/entitlements~~~SyH6jq
2020-01-02 12:48:38 +0000  Running /usr/bin/codesign '-vvv' '--force' '--sign' '22243576F87E877A85626A537BE91AC65C4FB4B9' '--entitlements' '/var/folders/53/qb55slss0q7f71qwghcz4vr40000gq/T/XcodeDistPipeline.~~~wJ2ZYp/entitlements~~~SyH6jq' '--preserve-metadata=identifier,flags,runtime' '/var/folders/53/qb55slss0q7f71qwghcz4vr40000gq/T/XcodeDistPipeline.~~~wJ2ZYp/Root/Payload/九州.app/Frameworks/WFChatUIKit.framework'
2020-01-02 12:48:38 +0000  /var/folders/53/qb55slss0q7f71qwghcz4vr40000gq/T/XcodeDistPipeline.~~~wJ2ZYp/Root/Payload/九州.app/Frameworks/WFChatUIKit.framework: replacing existing signature
2020-01-02 12:48:38 +0000  /var/folders/53/qb55slss0q7f71qwghcz4vr40000gq/T/XcodeDistPipeline.~~~wJ2ZYp/Root/Payload/九州.app/Frameworks/WFChatUIKit.framework: signed bundle with Mach-O thin (arm64) [cn.wildfirechat.WFChatUIKit]
2020-01-02 12:48:38 +0000  /usr/bin/codesign exited with 0
2020-01-02 12:48:38 +0000  Entitlements for <IDEDistributionItem: 0x7f9c15b221f0; bundleID='cn.wildfirechat.WFMomentClient', path='<DVTFilePath:0x7f9c0eda9a80:'/Users/chensw/Library/Developer/Xcode/Archives/2020-01-02/WildFireChat 2020-1-2, 8.48 PM.xcarchive/Products/Applications/九州.app/Frameworks/WFMomentClient.framework'>', codeSigningInfo='<_DVTCodeSigningInformation_Path: 0x7f9c38d29830; isSigned='1', isAdHocSigned='0', signingCertificate='<DVTSigningCertificate: 0x7f9c24fad730; name='iPhone Distribution: yongqiang wang (L35R378236)', hash='22243576F87E877A85626A537BE91AC65C4FB4B9', serialNumber='37770C1016F705EB', certificateKinds='(
    "1.2.840.113635.100.6.1.4"
), issueDate='2019-12-17 14:06:32 +0000''>', entitlements='(null)', teamID='L35R378236', identifier='cn.wildfirechat.WFMomentClient', executablePath='<DVTFilePath:0x7f9c0ed41d70:'/Users/chensw/Library/Developer/Xcode/Archives/2020-01-02/WildFireChat 2020-1-2, 8.48 PM.xcarchive/Products/Applications/九州.app/Frameworks/WFMomentClient.framework/WFMomentClient'>', hardenedRuntime='0'>'>: {
}
2020-01-02 12:48:38 +0000  Writing entitlements for <IDEDistributionItem: 0x7f9c15b221f0; bundleID='cn.wildfirechat.WFMomentClient', path='<DVTFilePath:0x7f9c0eda9a80:'/Users/chensw/Library/Developer/Xcode/Archives/2020-01-02/WildFireChat 2020-1-2, 8.48 PM.xcarchive/Products/Applications/九州.app/Frameworks/WFMomentClient.framework'>', codeSigningInfo='<_DVTCodeSigningInformation_Path: 0x7f9c38d29830; isSigned='1', isAdHocSigned='0', signingCertificate='<DVTSigningCertificate: 0x7f9c20d33440; name='iPhone Distribution: yongqiang wang (L35R378236)', hash='22243576F87E877A85626A537BE91AC65C4FB4B9', serialNumber='37770C1016F705EB', certificateKinds='(
    "1.2.840.113635.100.6.1.4"
), issueDate='2019-12-17 14:06:32 +0000''>', entitlements='(null)', teamID='L35R378236', identifier='cn.wildfirechat.WFMomentClient', executablePath='<DVTFilePath:0x7f9c0ed41d70:'/Users/chensw/Library/Developer/Xcode/Archives/2020-01-02/WildFireChat 2020-1-2, 8.48 PM.xcarchive/Products/Applications/九州.app/Frameworks/WFMomentClient.framework/WFMomentClient'>', hardenedRuntime='0'>'> to: /var/folders/53/qb55slss0q7f71qwghcz4vr40000gq/T/XcodeDistPipeline.~~~wJ2ZYp/entitlements~~~pjsQxI
2020-01-02 12:48:38 +0000  Running /usr/bin/codesign '-vvv' '--force' '--sign' '22243576F87E877A85626A537BE91AC65C4FB4B9' '--entitlements' '/var/folders/53/qb55slss0q7f71qwghcz4vr40000gq/T/XcodeDistPipeline.~~~wJ2ZYp/entitlements~~~pjsQxI' '--preserve-metadata=identifier,flags,runtime' '/var/folders/53/qb55slss0q7f71qwghcz4vr40000gq/T/XcodeDistPipeline.~~~wJ2ZYp/Root/Payload/九州.app/Frameworks/WFMomentClient.framework'
2020-01-02 12:48:38 +0000  /var/folders/53/qb55slss0q7f71qwghcz4vr40000gq/T/XcodeDistPipeline.~~~wJ2ZYp/Root/Payload/九州.app/Frameworks/WFMomentClient.framework: replacing existing signature
2020-01-02 12:48:38 +0000  /var/folders/53/qb55slss0q7f71qwghcz4vr40000gq/T/XcodeDistPipeline.~~~wJ2ZYp/Root/Payload/九州.app/Frameworks/WFMomentClient.framework: signed bundle with Mach-O thin (arm64) [cn.wildfirechat.WFMomentClient]
2020-01-02 12:48:38 +0000  /usr/bin/codesign exited with 0
2020-01-02 12:48:38 +0000  Entitlements for <IDEDistributionItem: 0x7f9c15b917d0; bundleID='cn.wildfirechat.WFMomentUIKit', path='<DVTFilePath:0x7f9c12edc0a0:'/Users/chensw/Library/Developer/Xcode/Archives/2020-01-02/WildFireChat 2020-1-2, 8.48 PM.xcarchive/Products/Applications/九州.app/Frameworks/WFMomentUIKit.framework'>', codeSigningInfo='<_DVTCodeSigningInformation_Path: 0x7f9c249590d0; isSigned='1', isAdHocSigned='0', signingCertificate='<DVTSigningCertificate: 0x7f9bff0a8500; name='iPhone Distribution: yongqiang wang (L35R378236)', hash='22243576F87E877A85626A537BE91AC65C4FB4B9', serialNumber='37770C1016F705EB', certificateKinds='(
    "1.2.840.113635.100.6.1.4"
), issueDate='2019-12-17 14:06:32 +0000''>', entitlements='(null)', teamID='L35R378236', identifier='cn.wildfirechat.WFMomentUIKit', executablePath='<DVTFilePath:0x7f9c0ed46420:'/Users/chensw/Library/Developer/Xcode/Archives/2020-01-02/WildFireChat 2020-1-2, 8.48 PM.xcarchive/Products/Applications/九州.app/Frameworks/WFMomentUIKit.framework/WFMomentUIKit'>', hardenedRuntime='0'>'>: {
}
2020-01-02 12:48:38 +0000  Writing entitlements for <IDEDistributionItem: 0x7f9c15b917d0; bundleID='cn.wildfirechat.WFMomentUIKit', path='<DVTFilePath:0x7f9c12edc0a0:'/Users/chensw/Library/Developer/Xcode/Archives/2020-01-02/WildFireChat 2020-1-2, 8.48 PM.xcarchive/Products/Applications/九州.app/Frameworks/WFMomentUIKit.framework'>', codeSigningInfo='<_DVTCodeSigningInformation_Path: 0x7f9c249590d0; isSigned='1', isAdHocSigned='0', signingCertificate='<DVTSigningCertificate: 0x7f9c20d33440; name='iPhone Distribution: yongqiang wang (L35R378236)', hash='22243576F87E877A85626A537BE91AC65C4FB4B9', serialNumber='37770C1016F705EB', certificateKinds='(
    "1.2.840.113635.100.6.1.4"
), issueDate='2019-12-17 14:06:32 +0000''>', entitlements='(null)', teamID='L35R378236', identifier='cn.wildfirechat.WFMomentUIKit', executablePath='<DVTFilePath:0x7f9c0ed46420:'/Users/chensw/Library/Developer/Xcode/Archives/2020-01-02/WildFireChat 2020-1-2, 8.48 PM.xcarchive/Products/Applications/九州.app/Frameworks/WFMomentUIKit.framework/WFMomentUIKit'>', hardenedRuntime='0'>'> to: /var/folders/53/qb55slss0q7f71qwghcz4vr40000gq/T/XcodeDistPipeline.~~~wJ2ZYp/entitlements~~~AsaJJn
2020-01-02 12:48:38 +0000  Running /usr/bin/codesign '-vvv' '--force' '--sign' '22243576F87E877A85626A537BE91AC65C4FB4B9' '--entitlements' '/var/folders/53/qb55slss0q7f71qwghcz4vr40000gq/T/XcodeDistPipeline.~~~wJ2ZYp/entitlements~~~AsaJJn' '--preserve-metadata=identifier,flags,runtime' '/var/folders/53/qb55slss0q7f71qwghcz4vr40000gq/T/XcodeDistPipeline.~~~wJ2ZYp/Root/Payload/九州.app/Frameworks/WFMomentUIKit.framework'
2020-01-02 12:48:38 +0000  /var/folders/53/qb55slss0q7f71qwghcz4vr40000gq/T/XcodeDistPipeline.~~~wJ2ZYp/Root/Payload/九州.app/Frameworks/WFMomentUIKit.framework: replacing existing signature
2020-01-02 12:48:38 +0000  /var/folders/53/qb55slss0q7f71qwghcz4vr40000gq/T/XcodeDistPipeline.~~~wJ2ZYp/Root/Payload/九州.app/Frameworks/WFMomentUIKit.framework: signed bundle with Mach-O thin (arm64) [cn.wildfirechat.WFMomentUIKit]
2020-01-02 12:48:38 +0000  /usr/bin/codesign exited with 0
2020-01-02 12:48:38 +0000  Entitlements for <IDEDistributionItem: 0x7f9c39092780; bundleID='org.webrtc.WebRTC', path='<DVTFilePath:0x7f9c0ed0e010:'/Users/chensw/Library/Developer/Xcode/Archives/2020-01-02/WildFireChat 2020-1-2, 8.48 PM.xcarchive/Products/Applications/九州.app/Frameworks/WebRTC.framework'>', codeSigningInfo='<_DVTCodeSigningInformation_Path: 0x7f9c2493e340; isSigned='1', isAdHocSigned='0', signingCertificate='<DVTSigningCertificate: 0x7f9c23acece0; name='iPhone Distribution: yongqiang wang (L35R378236)', hash='22243576F87E877A85626A537BE91AC65C4FB4B9', serialNumber='37770C1016F705EB', certificateKinds='(
    "1.2.840.113635.100.6.1.4"
), issueDate='2019-12-17 14:06:32 +0000''>', entitlements='(null)', teamID='L35R378236', identifier='org.webrtc.WebRTC', executablePath='<DVTFilePath:0x7f9c0ed40f90:'/Users/chensw/Library/Developer/Xcode/Archives/2020-01-02/WildFireChat 2020-1-2, 8.48 PM.xcarchive/Products/Applications/九州.app/Frameworks/WebRTC.framework/WebRTC'>', hardenedRuntime='0'>'>: {
}
2020-01-02 12:48:38 +0000  Writing entitlements for <IDEDistributionItem: 0x7f9c39092780; bundleID='org.webrtc.WebRTC', path='<DVTFilePath:0x7f9c0ed0e010:'/Users/chensw/Library/Developer/Xcode/Archives/2020-01-02/WildFireChat 2020-1-2, 8.48 PM.xcarchive/Products/Applications/九州.app/Frameworks/WebRTC.framework'>', codeSigningInfo='<_DVTCodeSigningInformation_Path: 0x7f9c2493e340; isSigned='1', isAdHocSigned='0', signingCertificate='<DVTSigningCertificate: 0x7f9c20d33440; name='iPhone Distribution: yongqiang wang (L35R378236)', hash='22243576F87E877A85626A537BE91AC65C4FB4B9', serialNumber='37770C1016F705EB', certificateKinds='(
    "1.2.840.113635.100.6.1.4"
), issueDate='2019-12-17 14:06:32 +0000''>', entitlements='(null)', teamID='L35R378236', identifier='org.webrtc.WebRTC', executablePath='<DVTFilePath:0x7f9c0ed40f90:'/Users/chensw/Library/Developer/Xcode/Archives/2020-01-02/WildFireChat 2020-1-2, 8.48 PM.xcarchive/Products/Applications/九州.app/Frameworks/WebRTC.framework/WebRTC'>', hardenedRuntime='0'>'> to: /var/folders/53/qb55slss0q7f71qwghcz4vr40000gq/T/XcodeDistPipeline.~~~wJ2ZYp/entitlements~~~EUKxCf
2020-01-02 12:48:38 +0000  Running /usr/bin/codesign '-vvv' '--force' '--sign' '22243576F87E877A85626A537BE91AC65C4FB4B9' '--entitlements' '/var/folders/53/qb55slss0q7f71qwghcz4vr40000gq/T/XcodeDistPipeline.~~~wJ2ZYp/entitlements~~~EUKxCf' '--preserve-metadata=identifier,flags,runtime' '/var/folders/53/qb55slss0q7f71qwghcz4vr40000gq/T/XcodeDistPipeline.~~~wJ2ZYp/Root/Payload/九州.app/Frameworks/WebRTC.framework'
2020-01-02 12:48:38 +0000  /var/folders/53/qb55slss0q7f71qwghcz4vr40000gq/T/XcodeDistPipeline.~~~wJ2ZYp/Root/Payload/九州.app/Frameworks/WebRTC.framework: replacing existing signature
2020-01-02 12:48:38 +0000  /var/folders/53/qb55slss0q7f71qwghcz4vr40000gq/T/XcodeDistPipeline.~~~wJ2ZYp/Root/Payload/九州.app/Frameworks/WebRTC.framework: signed bundle with Mach-O thin (arm64) [org.webrtc.WebRTC]
2020-01-02 12:48:38 +0000  /usr/bin/codesign exited with 0
2020-01-02 12:48:38 +0000  Entitlements for <IDEDistributionItem: 0x7f9c3904d120; bundleID='cn.shengshichat.messange.JIUZHOU', path='<DVTFilePath:0x7f9c0bcf54c0:'/Users/chensw/Library/Developer/Xcode/Archives/2020-01-02/WildFireChat 2020-1-2, 8.48 PM.xcarchive/Products/Applications/九州.app'>', codeSigningInfo='<_DVTCodeSigningInformation_Path: 0x7f9c1d7d7a00; isSigned='1', isAdHocSigned='0', signingCertificate='<DVTSigningCertificate: 0x7f9c184705f0; name='iPhone Distribution: yongqiang wang (L35R378236)', hash='22243576F87E877A85626A537BE91AC65C4FB4B9', serialNumber='37770C1016F705EB', certificateKinds='(
    "1.2.840.113635.100.6.1.4"
), issueDate='2019-12-17 14:06:32 +0000''>', entitlements='{
    "application-identifier" = "L35R378236.cn.shengshichat.messange.JIUZHOU";
    "aps-environment" = production;
    "com.apple.developer.team-identifier" = L35R378236;
    "get-task-allow" = 0;
}', teamID='L35R378236', identifier='cn.shengshichat.messange.JIUZHOU', executablePath='<DVTFilePath:0x7f9c15bb9a90:'/Users/chensw/Library/Developer/Xcode/Archives/2020-01-02/WildFireChat 2020-1-2, 8.48 PM.xcarchive/Products/Applications/九州.app/九州'>', hardenedRuntime='0'>'>: {
    "application-identifier" = "L35R378236.cn.shengshichat.messange.JIUZHOU";
    "aps-environment" = production;
    "com.apple.developer.team-identifier" = L35R378236;
    "get-task-allow" = 0;
}
2020-01-02 12:48:38 +0000  Writing entitlements for <IDEDistributionItem: 0x7f9c3904d120; bundleID='cn.shengshichat.messange.JIUZHOU', path='<DVTFilePath:0x7f9c0bcf54c0:'/Users/chensw/Library/Developer/Xcode/Archives/2020-01-02/WildFireChat 2020-1-2, 8.48 PM.xcarchive/Products/Applications/九州.app'>', codeSigningInfo='<_DVTCodeSigningInformation_Path: 0x7f9c1d7d7a00; isSigned='1', isAdHocSigned='0', signingCertificate='<DVTSigningCertificate: 0x7f9c20d33440; name='iPhone Distribution: yongqiang wang (L35R378236)', hash='22243576F87E877A85626A537BE91AC65C4FB4B9', serialNumber='37770C1016F705EB', certificateKinds='(
    "1.2.840.113635.100.6.1.4"
), issueDate='2019-12-17 14:06:32 +0000''>', entitlements='{
    "application-identifier" = "L35R378236.cn.shengshichat.messange.JIUZHOU";
    "aps-environment" = production;
    "com.apple.developer.team-identifier" = L35R378236;
    "get-task-allow" = 0;
}', teamID='L35R378236', identifier='cn.shengshichat.messange.JIUZHOU', executablePath='<DVTFilePath:0x7f9c15bb9a90:'/Users/chensw/Library/Developer/Xcode/Archives/2020-01-02/WildFireChat 2020-1-2, 8.48 PM.xcarchive/Products/Applications/九州.app/九州'>', hardenedRuntime='0'>'> to: /var/folders/53/qb55slss0q7f71qwghcz4vr40000gq/T/XcodeDistPipeline.~~~wJ2ZYp/entitlements~~~tvMGrQ
2020-01-02 12:48:38 +0000  Running /usr/bin/codesign '-vvv' '--force' '--sign' '22243576F87E877A85626A537BE91AC65C4FB4B9' '--entitlements' '/var/folders/53/qb55slss0q7f71qwghcz4vr40000gq/T/XcodeDistPipeline.~~~wJ2ZYp/entitlements~~~tvMGrQ' '--preserve-metadata=identifier,flags,runtime' '/var/folders/53/qb55slss0q7f71qwghcz4vr40000gq/T/XcodeDistPipeline.~~~wJ2ZYp/Root/Payload/九州.app'
2020-01-02 12:48:38 +0000  /var/folders/53/qb55slss0q7f71qwghcz4vr40000gq/T/XcodeDistPipeline.~~~wJ2ZYp/Root/Payload/九州.app: replacing existing signature
2020-01-02 12:48:39 +0000  /var/folders/53/qb55slss0q7f71qwghcz4vr40000gq/T/XcodeDistPipeline.~~~wJ2ZYp/Root/Payload/九州.app: signed app bundle with Mach-O thin (arm64) [cn.shengshichat.messange.JIUZHOU]
2020-01-02 12:48:39 +0000  /usr/bin/codesign exited with 0
2020-01-02 12:48:39 +0000  Processing step: IDEDistributionZipODRItemStep
2020-01-02 12:48:39 +0000  Skipping step: IDEDistributionZipODRItemStep because it said so
2020-01-02 12:48:39 +0000  Skipping step: IDEDistributionZipODRItemStep because it said so
2020-01-02 12:48:39 +0000  Skipping step: IDEDistributionZipODRItemStep because it said so
2020-01-02 12:48:39 +0000  Skipping step: IDEDistributionZipODRItemStep because it said so
2020-01-02 12:48:39 +0000  Skipping step: IDEDistributionZipODRItemStep because it said so
2020-01-02 12:48:39 +0000  Skipping step: IDEDistributionZipODRItemStep because it said so
2020-01-02 12:48:39 +0000  Skipping step: IDEDistributionZipODRItemStep because it said so
2020-01-02 12:48:39 +0000  Processing step: IDEDistributionCreateIPAStep
2020-01-02 12:48:39 +0000  Running /usr/bin/ditto '-V' '-c' '-k' '--norsrc' '/var/folders/53/qb55slss0q7f71qwghcz4vr40000gq/T/XcodeDistPipeline.~~~wJ2ZYp/Root' '/var/folders/53/qb55slss0q7f71qwghcz4vr40000gq/T/XcodeDistPipeline.~~~wJ2ZYp/Packages/WildFireChat.ipa'
2020-01-02 12:48:39 +0000  >>> Copying /var/folders/53/qb55slss0q7f71qwghcz4vr40000gq/T/XcodeDistPipeline.~~~wJ2ZYp/Root 
2020-01-02 12:48:39 +0000  copying file ./Payload/九州.app/_CodeSignature/CodeResources ... 
2020-01-02 12:48:39 +0000  38375 bytes for ./Payload/九州.app/_CodeSignature/CodeResources
2020-01-02 12:48:39 +0000  copying file ./Payload/九州.app/CodeScan.bundle/qrcode_scan_full_net.png ... 
2020-01-02 12:48:39 +0000  4878 bytes for ./Payload/九州.app/CodeScan.bundle/qrcode_scan_full_net.png
copying file ./Payload/九州.app/CodeScan.bundle/qrcode_scan_btn_scan_off@2x.png ... 
2020-01-02 12:48:39 +0000  956 bytes for ./Payload/九州.app/CodeScan.bundle/qrcode_scan_btn_scan_off@2x.png
copying file ./Payload/九州.app/CodeScan.bundle/device_scan@2x.png ... 
2020-01-02 12:48:39 +0000  336 bytes for ./Payload/九州.app/CodeScan.bundle/device_scan@2x.png
copying file ./Payload/九州.app/CodeScan.bundle/qrcode_scan_btn_photo_down@2x.png ... 
2020-01-02 12:48:39 +0000  980 bytes for ./Payload/九州.app/CodeScan.bundle/qrcode_scan_btn_photo_down@2x.png
copying file ./Payload/九州.app/CodeScan.bundle/qrcode_scan_btn_myqrcode_nor@2x.png ... 
2020-01-02 12:48:39 +0000  1603 bytes for ./Payload/九州.app/CodeScan.bundle/qrcode_scan_btn_myqrcode_nor@2x.png
copying file ./Payload/九州.app/CodeScan.bundle/qrcode_scan_btn_photo_nor@2x.png ... 
2020-01-02 12:48:39 +0000  1243 bytes for ./Payload/九州.app/CodeScan.bundle/qrcode_scan_btn_photo_nor@2x.png
copying file ./Payload/九州.app/CodeScan.bundle/qrcode_scan_btn_myqrcode_down@2x.png ... 
2020-01-02 12:48:39 +0000  1327 bytes for ./Payload/九州.app/CodeScan.bundle/qrcode_scan_btn_myqrcode_down@2x.png
copying file ./Payload/九州.app/CodeScan.bundle/qrcode_scan_btn_flash_down@2x.png ... 
2020-01-02 12:48:39 +0000  938 bytes for ./Payload/九州.app/CodeScan.bundle/qrcode_scan_btn_flash_down@2x.png
copying file ./Payload/九州.app/CodeScan.bundle/qrcode_Scan_weixin_Line@2x.png ... 
2020-01-02 12:48:39 +0000  1500 bytes for ./Payload/九州.app/CodeScan.bundle/qrcode_Scan_weixin_Line@2x.png
copying file ./Payload/九州.app/CodeScan.bundle/qrcode_scan_part_net.png ... 
2020-01-02 12:48:39 +0000  4637 bytes for ./Payload/九州.app/CodeScan.bundle/qrcode_scan_part_net.png
copying file ./Payload/九州.app/CodeScan.bundle/qrcode_scan_btn_flash_nor@2x.png ... 
2020-01-02 12:48:39 +0000  1173 bytes for ./Payload/九州.app/CodeScan.bundle/qrcode_scan_btn_flash_nor@2x.png
2020-01-02 12:48:39 +0000  copying file ./Payload/九州.app/CodeScan.bundle/qrcode_scan_titlebar_back_nor@2x.png ... 
185 bytes for ./Payload/九州.app/CodeScan.bundle/qrcode_scan_titlebar_back_nor@2x.png
copying file ./Payload/九州.app/CodeScan.bundle/qrcode_scan_titlebar_back_pressed@2x.png ... 
2020-01-02 12:48:39 +0000  164 bytes for ./Payload/九州.app/CodeScan.bundle/qrcode_scan_titlebar_back_pressed@2x.png
copying file ./Payload/九州.app/CodeScan.bundle/qrcode_scan_light_green@2x.png ... 
2020-01-02 12:48:39 +0000  801 bytes for ./Payload/九州.app/CodeScan.bundle/qrcode_scan_light_green@2x.png
2020-01-02 12:48:39 +0000  copying file ./Payload/九州.app/zh-Hans.lproj/wfc.strings ... 
2020-01-02 12:48:39 +0000  6021 bytes for ./Payload/九州.app/zh-Hans.lproj/wfc.strings
copying file ./Payload/九州.app/zh-Hans.lproj/InfoPlist.strings ... 
2020-01-02 12:48:39 +0000  592 bytes for ./Payload/九州.app/zh-Hans.lproj/InfoPlist.strings
2020-01-02 12:48:39 +0000  copying file ./Payload/九州.app/LaunchImage-1100-Portrait-2436h@3x.png ... 
2020-01-02 12:48:39 +0000  145172 bytes for ./Payload/九州.app/LaunchImage-1100-Portrait-2436h@3x.png
copying file ./Payload/九州.app/LICENSE.md ... 
2020-01-02 12:48:39 +0000  43261 bytes for ./Payload/九州.app/LICENSE.md
2020-01-02 12:48:39 +0000  copying file ./Payload/九州.app/en.lproj/wfc.strings ... 
2020-01-02 12:48:39 +0000  6395 bytes for ./Payload/九州.app/en.lproj/wfc.strings
2020-01-02 12:48:39 +0000  copying file ./Payload/九州.app/en.lproj/InfoPlist.strings ... 
619 bytes for ./Payload/九州.app/en.lproj/InfoPlist.strings
2020-01-02 12:48:39 +0000  copying file ./Payload/九州.app/shengshi.plist ... 
401 bytes for ./Payload/九州.app/shengshi.plist
copying file ./Payload/九州.app/ring.mp3 ... 
2020-01-02 12:48:39 +0000  108204 bytes for ./Payload/九州.app/ring.mp3
copying file ./Payload/九州.app/AppIcon60x60@2x.png ... 
2020-01-02 12:48:39 +0000  26588 bytes for ./Payload/九州.app/AppIcon60x60@2x.png
2020-01-02 12:48:39 +0000  copying file ./Payload/九州.app/Stickers.bundle/B数.png ... 
2020-01-02 12:48:39 +0000  14566 bytes for ./Payload/九州.app/Stickers.bundle/B数.png
2020-01-02 12:48:39 +0000  copying file ./Payload/九州.app/Stickers.bundle/B数/你以前不是这样子的.jpg ... 
2020-01-02 12:48:39 +0000  3535 bytes for ./Payload/九州.app/Stickers.bundle/B数/你以前不是这样子的.jpg
copying file ./Payload/九州.app/Stickers.bundle/B数/B数，没有，我很膨胀.png ... 
2020-01-02 12:48:39 +0000  14566 bytes for ./Payload/九州.app/Stickers.bundle/B数/B数，没有，我很膨胀.png
copying file ./Payload/九州.app/Stickers.bundle/B数/宝宝委屈，宝宝心里苦，宝宝不说.jpg ... 
2020-01-02 12:48:39 +0000  8311 bytes for ./Payload/九州.app/Stickers.bundle/B数/宝宝委屈，宝宝心里苦，宝宝不说.jpg
copying file ./Payload/九州.app/Stickers.bundle/B数/心里没有一点B数吗.jpg ... 
2020-01-02 12:48:39 +0000  6929 bytes for ./Payload/九州.app/Stickers.bundle/B数/心里没有一点B数吗.jpg
copying file ./Payload/九州.app/Stickers.bundle/B数/有没有B数，你心里没有点B数吗.png ... 
2020-01-02 12:48:39 +0000  75926 bytes for ./Payload/九州.app/Stickers.bundle/B数/有没有B数，你心里没有点B数吗.png
copying file ./Payload/九州.app/Stickers.bundle/B数/委屈地哭了起来.jpg ... 
2020-01-02 12:48:39 +0000  13327 bytes for ./Payload/九州.app/Stickers.bundle/B数/委屈地哭了起来.jpg
copying file ./Payload/九州.app/Stickers.bundle/B数/宝宝委屈，但宝宝不说.jpg ... 
2020-01-02 12:48:39 +0000  50177 bytes for ./Payload/九州.app/Stickers.bundle/B数/宝宝委屈，但宝宝不说.jpg
copying file ./Payload/九州.app/Stickers.bundle/B数/自己心里没有一点B数吗.jpg ... 
2020-01-02 12:48:39 +0000  7440 bytes for ./Payload/九州.app/Stickers.bundle/B数/自己心里没有一点B数吗.jpg
copying file ./Payload/九州.app/Stickers.bundle/B数/本宝宝不开心了，本宝宝有小情绪了.jpeg ... 
2020-01-02 12:48:39 +0000  49854 bytes for ./Payload/九州.app/Stickers.bundle/B数/本宝宝不开心了，本宝宝有小情绪了.jpeg
copying file ./Payload/九州.app/Stickers.bundle/B数/宝宝心里苦，但宝宝说了.png ... 
2020-01-02 12:48:39 +0000  123421 bytes for ./Payload/九州.app/Stickers.bundle/B数/宝宝心里苦，但宝宝说了.png
copying file ./Payload/九州.app/Stickers.bundle/B数/心里难道没有一点B数吗.jpg ... 
2020-01-02 12:48:39 +0000  10968 bytes for ./Payload/九州.app/Stickers.bundle/B数/心里难道没有一点B数吗.jpg
2020-01-02 12:48:39 +0000  copying file ./Payload/九州.app/Emoj.plist ... 
1033 bytes for ./Payload/九州.app/Emoj.plist
2020-01-02 12:48:39 +0000  copying file ./Payload/九州.app/LaunchImage-800-667h@2x.png ... 
2020-01-02 12:48:39 +0000  59352 bytes for ./Payload/九州.app/LaunchImage-800-667h@2x.png
copying file ./Payload/九州.app/LaunchImage-1200-Portrait-2688h@3x.png ... 
2020-01-02 12:48:39 +0000  147647 bytes for ./Payload/九州.app/LaunchImage-1200-Portrait-2688h@3x.png
copying file ./Payload/九州.app/foreman.mp4 ... 
2020-01-02 12:48:39 +0000  546651 bytes for ./Payload/九州.app/foreman.mp4
2020-01-02 12:48:39 +0000  copying file ./Payload/九州.app/AppIcon60x60@3x.png ... 
2020-01-02 12:48:39 +0000  45120 bytes for ./Payload/九州.app/AppIcon60x60@3x.png
2020-01-02 12:48:39 +0000  copying file ./Payload/九州.app/Base.lproj/Main.storyboardc/UIViewController-BYZ-38-t0r.nib/objects-13.0+.nib ... 
2020-01-02 12:48:39 +0000  805 bytes for ./Payload/九州.app/Base.lproj/Main.storyboardc/UIViewController-BYZ-38-t0r.nib/objects-13.0+.nib
copying file ./Payload/九州.app/Base.lproj/Main.storyboardc/UIViewController-BYZ-38-t0r.nib/runtime.nib ... 
2020-01-02 12:48:39 +0000  805 bytes for ./Payload/九州.app/Base.lproj/Main.storyboardc/UIViewController-BYZ-38-t0r.nib/runtime.nib
copying file ./Payload/九州.app/Base.lproj/Main.storyboardc/Info.plist ... 
2020-01-02 12:48:39 +0000  258 bytes for ./Payload/九州.app/Base.lproj/Main.storyboardc/Info.plist
2020-01-02 12:48:39 +0000  copying file ./Payload/九州.app/Base.lproj/LaunchScreen.storyboardc/01J-lp-oVM-view-Ze5-6b-2t3.nib/objects-13.0+.nib ... 
2020-01-02 12:48:39 +0000  3784 bytes for ./Payload/九州.app/Base.lproj/LaunchScreen.storyboardc/01J-lp-oVM-view-Ze5-6b-2t3.nib/objects-13.0+.nib
2020-01-02 12:48:39 +0000  copying file ./Payload/九州.app/Base.lproj/LaunchScreen.storyboardc/01J-lp-oVM-view-Ze5-6b-2t3.nib/runtime.nib ... 
2020-01-02 12:48:39 +0000  3796 bytes for ./Payload/九州.app/Base.lproj/LaunchScreen.storyboardc/01J-lp-oVM-view-Ze5-6b-2t3.nib/runtime.nib
2020-01-02 12:48:39 +0000  copying file ./Payload/九州.app/Base.lproj/LaunchScreen.storyboardc/UIViewController-01J-lp-oVM.nib/objects-13.0+.nib ... 
2020-01-02 12:48:39 +0000  896 bytes for ./Payload/九州.app/Base.lproj/LaunchScreen.storyboardc/UIViewController-01J-lp-oVM.nib/objects-13.0+.nib
copying file ./Payload/九州.app/Base.lproj/LaunchScreen.storyboardc/UIViewController-01J-lp-oVM.nib/runtime.nib ... 
2020-01-02 12:48:39 +0000  896 bytes for ./Payload/九州.app/Base.lproj/LaunchScreen.storyboardc/UIViewController-01J-lp-oVM.nib/runtime.nib
copying file ./Payload/九州.app/Base.lproj/LaunchScreen.storyboardc/Info.plist ... 
2020-01-02 12:48:39 +0000  258 bytes for ./Payload/九州.app/Base.lproj/LaunchScreen.storyboardc/Info.plist
copying file ./Payload/九州.app/Assets.car ... 
2020-01-02 12:48:39 +0000  1940736 bytes for ./Payload/九州.app/Assets.car
copying file ./Payload/九州.app/LaunchImage-800-Portrait-736h@3x.png ... 
2020-01-02 12:48:39 +0000  150379 bytes for ./Payload/九州.app/LaunchImage-800-Portrait-736h@3x.png
2020-01-02 12:48:39 +0000  copying file ./Payload/九州.app/LaunchImage-700@2x.png ... 
2020-01-02 12:48:39 +0000  40702 bytes for ./Payload/九州.app/LaunchImage-700@2x.png
2020-01-02 12:48:39 +0000  copying file ./Payload/九州.app/WFCUShareMessageView.nib/objects-13.0+.nib ... 
2020-01-02 12:48:39 +0000  6844 bytes for ./Payload/九州.app/WFCUShareMessageView.nib/objects-13.0+.nib
copying file ./Payload/九州.app/WFCUShareMessageView.nib/runtime.nib ... 
2020-01-02 12:48:39 +0000  6851 bytes for ./Payload/九州.app/WFCUShareMessageView.nib/runtime.nib
2020-01-02 12:48:39 +0000  copying file ./Payload/九州.app/九州 ... 
2020-01-02 12:48:39 +0000  1012512 bytes for ./Payload/九州.app/九州
2020-01-02 12:48:39 +0000  copying file ./Payload/九州.app/MyLoginViewController.nib/objects-13.0+.nib ... 
7227 bytes for ./Payload/九州.app/MyLoginViewController.nib/objects-13.0+.nib
copying file ./Payload/九州.app/MyLoginViewController.nib/runtime.nib ... 
7214 bytes for ./Payload/九州.app/MyLoginViewController.nib/runtime.nib
copying file ./Payload/九州.app/LaunchImage-1200-Portrait-1792h@2x.png ... 
2020-01-02 12:48:39 +0000  78217 bytes for ./Payload/九州.app/LaunchImage-1200-Portrait-1792h@2x.png
2020-01-02 12:48:39 +0000  copying file ./Payload/九州.app/Frameworks/WFChatUIKit.framework/_CodeSignature/CodeResources ... 
2020-01-02 12:48:39 +0000  8552 bytes for ./Payload/九州.app/Frameworks/WFChatUIKit.framework/_CodeSignature/CodeResources
2020-01-02 12:48:39 +0000  copying file ./Payload/九州.app/Frameworks/WFChatUIKit.framework/zh-Hans.lproj/wfc.strings ... 
2020-01-02 12:48:39 +0000  6021 bytes for ./Payload/九州.app/Frameworks/WFChatUIKit.framework/zh-Hans.lproj/wfc.strings
2020-01-02 12:48:39 +0000  copying file ./Payload/九州.app/Frameworks/WFChatUIKit.framework/LICENSE.md ... 
2020-01-02 12:48:39 +0000  43261 bytes for ./Payload/九州.app/Frameworks/WFChatUIKit.framework/LICENSE.md
2020-01-02 12:48:39 +0000  copying file ./Payload/九州.app/Frameworks/WFChatUIKit.framework/en.lproj/wfc.strings ... 
2020-01-02 12:48:39 +0000  6395 bytes for ./Payload/九州.app/Frameworks/WFChatUIKit.framework/en.lproj/wfc.strings
2020-01-02 12:48:39 +0000  copying file ./Payload/九州.app/Frameworks/WFChatUIKit.framework/Stickers.bundle/B数.png ... 
2020-01-02 12:48:39 +0000  14566 bytes for ./Payload/九州.app/Frameworks/WFChatUIKit.framework/Stickers.bundle/B数.png
2020-01-02 12:48:39 +0000  copying file ./Payload/九州.app/Frameworks/WFChatUIKit.framework/Stickers.bundle/B数/你以前不是这样子的.jpg ... 
2020-01-02 12:48:39 +0000  3535 bytes for ./Payload/九州.app/Frameworks/WFChatUIKit.framework/Stickers.bundle/B数/你以前不是这样子的.jpg
copying file ./Payload/九州.app/Frameworks/WFChatUIKit.framework/Stickers.bundle/B数/B数，没有，我很膨胀.png ... 
2020-01-02 12:48:39 +0000  14566 bytes for ./Payload/九州.app/Frameworks/WFChatUIKit.framework/Stickers.bundle/B数/B数，没有，我很膨胀.png
2020-01-02 12:48:39 +0000  copying file ./Payload/九州.app/Frameworks/WFChatUIKit.framework/Stickers.bundle/B数/宝宝委屈，宝宝心里苦，宝宝不说.jpg ... 
2020-01-02 12:48:39 +0000  8311 bytes for ./Payload/九州.app/Frameworks/WFChatUIKit.framework/Stickers.bundle/B数/宝宝委屈，宝宝心里苦，宝宝不说.jpg
2020-01-02 12:48:39 +0000  copying file ./Payload/九州.app/Frameworks/WFChatUIKit.framework/Stickers.bundle/B数/心里没有一点B数吗.jpg ... 
2020-01-02 12:48:39 +0000  6929 bytes for ./Payload/九州.app/Frameworks/WFChatUIKit.framework/Stickers.bundle/B数/心里没有一点B数吗.jpg
2020-01-02 12:48:39 +0000  copying file ./Payload/九州.app/Frameworks/WFChatUIKit.framework/Stickers.bundle/B数/有没有B数，你心里没有点B数吗.png ... 
2020-01-02 12:48:39 +0000  75926 bytes for ./Payload/九州.app/Frameworks/WFChatUIKit.framework/Stickers.bundle/B数/有没有B数，你心里没有点B数吗.png
2020-01-02 12:48:39 +0000  copying file ./Payload/九州.app/Frameworks/WFChatUIKit.framework/Stickers.bundle/B数/委屈地哭了起来.jpg ... 
2020-01-02 12:48:39 +0000  13327 bytes for ./Payload/九州.app/Frameworks/WFChatUIKit.framework/Stickers.bundle/B数/委屈地哭了起来.jpg
2020-01-02 12:48:39 +0000  copying file ./Payload/九州.app/Frameworks/WFChatUIKit.framework/Stickers.bundle/B数/宝宝委屈，但宝宝不说.jpg ... 
2020-01-02 12:48:39 +0000  50177 bytes for ./Payload/九州.app/Frameworks/WFChatUIKit.framework/Stickers.bundle/B数/宝宝委屈，但宝宝不说.jpg
2020-01-02 12:48:39 +0000  copying file ./Payload/九州.app/Frameworks/WFChatUIKit.framework/Stickers.bundle/B数/自己心里没有一点B数吗.jpg ... 
2020-01-02 12:48:39 +0000  7440 bytes for ./Payload/九州.app/Frameworks/WFChatUIKit.framework/Stickers.bundle/B数/自己心里没有一点B数吗.jpg
2020-01-02 12:48:39 +0000  copying file ./Payload/九州.app/Frameworks/WFChatUIKit.framework/Stickers.bundle/B数/本宝宝不开心了，本宝宝有小情绪了.jpeg ... 
2020-01-02 12:48:39 +0000  49854 bytes for ./Payload/九州.app/Frameworks/WFChatUIKit.framework/Stickers.bundle/B数/本宝宝不开心了，本宝宝有小情绪了.jpeg
2020-01-02 12:48:39 +0000  copying file ./Payload/九州.app/Frameworks/WFChatUIKit.framework/Stickers.bundle/B数/宝宝心里苦，但宝宝说了.png ... 
2020-01-02 12:48:39 +0000  123421 bytes for ./Payload/九州.app/Frameworks/WFChatUIKit.framework/Stickers.bundle/B数/宝宝心里苦，但宝宝说了.png
2020-01-02 12:48:39 +0000  copying file ./Payload/九州.app/Frameworks/WFChatUIKit.framework/Stickers.bundle/B数/心里难道没有一点B数吗.jpg ... 
2020-01-02 12:48:39 +0000  10968 bytes for ./Payload/九州.app/Frameworks/WFChatUIKit.framework/Stickers.bundle/B数/心里难道没有一点B数吗.jpg
2020-01-02 12:48:39 +0000  copying file ./Payload/九州.app/Frameworks/WFChatUIKit.framework/Emoj.plist ... 
2020-01-02 12:48:39 +0000  1033 bytes for ./Payload/九州.app/Frameworks/WFChatUIKit.framework/Emoj.plist
copying file ./Payload/九州.app/Frameworks/WFChatUIKit.framework/WFChatUIKit ... 
2020-01-02 12:48:39 +0000  3622880 bytes for ./Payload/九州.app/Frameworks/WFChatUIKit.framework/WFChatUIKit
copying file ./Payload/九州.app/Frameworks/WFChatUIKit.framework/Assets.car ... 
2020-01-02 12:48:39 +0000  441008 bytes for ./Payload/九州.app/Frameworks/WFChatUIKit.framework/Assets.car
2020-01-02 12:48:39 +0000  copying file ./Payload/九州.app/Frameworks/WFChatUIKit.framework/WFCUShareMessageView.nib/objects-13.0+.nib ... 
2020-01-02 12:48:39 +0000  6843 bytes for ./Payload/九州.app/Frameworks/WFChatUIKit.framework/WFCUShareMessageView.nib/objects-13.0+.nib
copying file ./Payload/九州.app/Frameworks/WFChatUIKit.framework/WFCUShareMessageView.nib/runtime.nib ... 
2020-01-02 12:48:39 +0000  6845 bytes for ./Payload/九州.app/Frameworks/WFChatUIKit.framework/WFCUShareMessageView.nib/runtime.nib
2020-01-02 12:48:39 +0000  copying file ./Payload/九州.app/Frameworks/WFChatUIKit.framework/Info.plist ... 
760 bytes for ./Payload/九州.app/Frameworks/WFChatUIKit.framework/Info.plist
2020-01-02 12:48:39 +0000  copying file ./Payload/九州.app/Frameworks/WFAVEngineKit.framework/_CodeSignature/CodeResources ... 
2020-01-02 12:48:39 +0000  2084 bytes for ./Payload/九州.app/Frameworks/WFAVEngineKit.framework/_CodeSignature/CodeResources
copying file ./Payload/九州.app/Frameworks/WFAVEngineKit.framework/LICENSE.md ... 
2020-01-02 12:48:39 +0000  43261 bytes for ./Payload/九州.app/Frameworks/WFAVEngineKit.framework/LICENSE.md
copying file ./Payload/九州.app/Frameworks/WFAVEngineKit.framework/WFAVEngineKit ... 
2020-01-02 12:48:39 +0000  301584 bytes for ./Payload/九州.app/Frameworks/WFAVEngineKit.framework/WFAVEngineKit
copying file ./Payload/九州.app/Frameworks/WFAVEngineKit.framework/Info.plist ... 
2020-01-02 12:48:39 +0000  762 bytes for ./Payload/九州.app/Frameworks/WFAVEngineKit.framework/Info.plist
2020-01-02 12:48:39 +0000  copying file ./Payload/九州.app/Frameworks/WebRTC.framework/_CodeSignature/CodeResources ... 
2020-01-02 12:48:39 +0000  2084 bytes for ./Payload/九州.app/Frameworks/WebRTC.framework/_CodeSignature/CodeResources
copying file ./Payload/九州.app/Frameworks/WebRTC.framework/LICENSE.md ... 
2020-01-02 12:48:39 +0000  43916 bytes for ./Payload/九州.app/Frameworks/WebRTC.framework/LICENSE.md
copying file ./Payload/九州.app/Frameworks/WebRTC.framework/WebRTC ... 
2020-01-02 12:48:39 +0000  5337872 bytes for ./Payload/九州.app/Frameworks/WebRTC.framework/WebRTC
2020-01-02 12:48:39 +0000  copying file ./Payload/九州.app/Frameworks/WebRTC.framework/Info.plist ... 
780 bytes for ./Payload/九州.app/Frameworks/WebRTC.framework/Info.plist
copying file ./Payload/九州.app/Frameworks/WFChatClient.framework/_CodeSignature/CodeResources ... 
1798 bytes for ./Payload/九州.app/Frameworks/WFChatClient.framework/_CodeSignature/CodeResources
copying file ./Payload/九州.app/Frameworks/WFChatClient.framework/WFChatClient ... 
2020-01-02 12:48:40 +0000  6542304 bytes for ./Payload/九州.app/Frameworks/WFChatClient.framework/WFChatClient
copying file ./Payload/九州.app/Frameworks/WFChatClient.framework/Info.plist ... 
2020-01-02 12:48:40 +0000  762 bytes for ./Payload/九州.app/Frameworks/WFChatClient.framework/Info.plist
copying file ./Payload/九州.app/Frameworks/WFMomentUIKit.framework/_CodeSignature/CodeResources ... 
1798 bytes for ./Payload/九州.app/Frameworks/WFMomentUIKit.framework/_CodeSignature/CodeResources
copying file ./Payload/九州.app/Frameworks/WFMomentUIKit.framework/WFMomentUIKit ... 
52528 bytes for ./Payload/九州.app/Frameworks/WFMomentUIKit.framework/WFMomentUIKit
copying file ./Payload/九州.app/Frameworks/WFMomentUIKit.framework/Info.plist ... 
758 bytes for ./Payload/九州.app/Frameworks/WFMomentUIKit.framework/Info.plist
copying file ./Payload/九州.app/Frameworks/WFMomentClient.framework/_CodeSignature/CodeResources ... 
1798 bytes for ./Payload/九州.app/Frameworks/WFMomentClient.framework/_CodeSignature/CodeResources
copying file ./Payload/九州.app/Frameworks/WFMomentClient.framework/WFMomentClient ... 
52544 bytes for ./Payload/九州.app/Frameworks/WFMomentClient.framework/WFMomentClient
copying file ./Payload/九州.app/Frameworks/WFMomentClient.framework/Info.plist ... 
2020-01-02 12:48:40 +0000  760 bytes for ./Payload/九州.app/Frameworks/WFMomentClient.framework/Info.plist
copying file ./Payload/九州.app/embedded.mobileprovision ... 
2020-01-02 12:48:40 +0000  7524 bytes for ./Payload/九州.app/embedded.mobileprovision
copying file ./Payload/九州.app/ring.caf ... 
2020-01-02 12:48:40 +0000  221254 bytes for ./Payload/九州.app/ring.caf
copying file ./Payload/九州.app/LaunchImage-800-Landscape-736h@3x.png ... 
2020-01-02 12:48:40 +0000  149622 bytes for ./Payload/九州.app/LaunchImage-800-Landscape-736h@3x.png
2020-01-02 12:48:40 +0000  copying file ./Payload/九州.app/MyEditPasswordViewController.nib/objects-13.0+.nib ... 
2020-01-02 12:48:40 +0000  6439 bytes for ./Payload/九州.app/MyEditPasswordViewController.nib/objects-13.0+.nib
copying file ./Payload/九州.app/MyEditPasswordViewController.nib/runtime.nib ... 
2020-01-02 12:48:40 +0000  6436 bytes for ./Payload/九州.app/MyEditPasswordViewController.nib/runtime.nib
2020-01-02 12:48:40 +0000  copying file ./Payload/九州.app/Info.plist ... 
2020-01-02 12:48:40 +0000  2609 bytes for ./Payload/九州.app/Info.plist
copying file ./Payload/九州.app/PkgInfo ... 
8 bytes for ./Payload/九州.app/PkgInfo
2020-01-02 12:48:40 +0000  /usr/bin/ditto exited with 0
2020-01-02 12:48:40 +0000  Processing step: IDEDistributionAppStoreInformationStep
2020-01-02 12:48:40 +0000  Skipping step: IDEDistributionAppStoreInformationStep because it said so
2020-01-02 12:48:40 +0000  Processing step: IDEDistributionGenerateProcessedDistributionItems
2020-01-02 12:48:40 +0000  Processing step: IDEDistributionCreateManifestStep
