2020-01-15 10:50:12 +0000  Initial pipeline context: <IDEDistributionProcessingPipelineContext: 0x7fa0ec3a4510; archive(resolved)='<IDEArchive: 0x7fa0ec6becf0>', distributionTask(resolved)='2', distributionDestination(resolved)='1', distributionMethod(resolved)='<IDEDistributionMethodAdHoc: 0x7fa11326da90>', team(resolved)='<IDEProvisioningDisambiguatableBasicTeam: 0x7fa10ee7f270; teamID='3AC5Z7RJQ3', teamName='leiyang wang', teamType='Individual', username='wenpianshan4@21cn.com', isFreeProvisioningTeam='0'>'>
	Chain (13, self inclusive):
	<IDEDistributionProcessingPipelineContext: 0x7fa0ec3a4510; archive = '<IDEArchive: 0x7fa0ec6becf0>', distributionMethod='<IDEDistributionMethodAdHoc: 0x7fa11326da90>', team='<IDEProvisioningDisambiguatableBasicTeam: 0x7fa10ee7f270; teamID='3AC5Z7RJQ3', teamName='leiyang wang', teamType='Individual', username='wenpianshan4@21cn.com', isFreeProvisioningTeam='0'>'>
	<IDEDistributionProcessingPipelineContext: 0x7fa1184f0a40; archive = '<IDEArchive: 0x7fa0ec6becf0>', distributionMethod='<IDEDistributionMethodAdHoc: 0x7fa11326da90>', team='<IDEProvisioningDisambiguatableBasicTeam: 0x7fa10ee7f270; teamID='3AC5Z7RJQ3', teamName='leiyang wang', teamType='Individual', username='wenpianshan4@21cn.com', isFreeProvisioningTeam='0'>'>
	<IDEDistributionContext: 0x7fa0ff7df720; archive = '<IDEArchive: 0x7fa0ec6becf0>', distributionMethod='<IDEDistributionMethodAdHoc: 0x7fa11326da90>', team='<IDEProvisioningDisambiguatableBasicTeam: 0x7fa10ee7f270; teamID='3AC5Z7RJQ3', teamName='leiyang wang', teamType='Individual', username='wenpianshan4@21cn.com', isFreeProvisioningTeam='0'>'>
	<IDEDistributionContext: 0x7fa0ffa795e0; archive = '<IDEArchive: 0x7fa0ec6becf0>', distributionMethod='<IDEDistributionMethodAdHoc: 0x7fa11326da90>', team='<IDEProvisioningDisambiguatableBasicTeam: 0x7fa10ee7f270; teamID='3AC5Z7RJQ3', teamName='leiyang wang', teamType='Individual', username='wenpianshan4@21cn.com', isFreeProvisioningTeam='0'>'>
	<IDEDistributionContext: 0x7fa0ebcc8a70; archive = '<IDEArchive: 0x7fa0ec6becf0>', distributionMethod='<IDEDistributionMethodAdHoc: 0x7fa11326da90>', team='<IDEProvisioningDisambiguatableBasicTeam: 0x7fa10ee7f270; teamID='3AC5Z7RJQ3', teamName='leiyang wang', teamType='Individual', username='wenpianshan4@21cn.com', isFreeProvisioningTeam='0'>'>
	<IDEDistributionContext: 0x7fa10fb99880; archive = '<IDEArchive: 0x7fa0ec6becf0>', distributionMethod='<IDEDistributionMethodAdHoc: 0x7fa11326da90>', team='<IDEProvisioningDisambiguatableBasicTeam: 0x7fa10ee7f270; teamID='3AC5Z7RJQ3', teamName='leiyang wang', teamType='Individual', username='wenpianshan4@21cn.com', isFreeProvisioningTeam='0'>'>
	<IDEDistributionContext: 0x7fa0ec42aec0; archive = '<IDEArchive: 0x7fa0ec6becf0>', distributionMethod='<IDEDistributionMethodAdHoc: 0x7fa11326da90>', team='<IDEProvisioningDisambiguatableBasicTeam: 0x7fa10ee7f270; teamID='3AC5Z7RJQ3', teamName='leiyang wang', teamType='Individual', username='wenpianshan4@21cn.com', isFreeProvisioningTeam='0'>'>
	<IDEDistributionContext: 0x7fa0ed906510; archive = '<IDEArchive: 0x7fa0ec6becf0>', distributionMethod='<IDEDistributionMethodAdHoc: 0x7fa11326da90>', team='<IDEProvisioningDisambiguatableBasicTeam: 0x7fa10ee7f270; teamID='3AC5Z7RJQ3', teamName='leiyang wang', teamType='Individual', username='wenpianshan4@21cn.com', isFreeProvisioningTeam='0'>'>
	<IDEDistributionContext: 0x7fa108cea7a0; archive = '<IDEArchive: 0x7fa0ec6becf0>', distributionMethod='<IDEDistributionMethodAdHoc: 0x7fa11326da90>', team='<IDEProvisioningDisambiguatableBasicTeam: 0x7fa10ee7f270; teamID='3AC5Z7RJQ3', teamName='leiyang wang', teamType='Individual', username='wenpianshan4@21cn.com', isFreeProvisioningTeam='0'>'>
	<IDEDistributionContext: 0x7fa0fbe9b4a0; archive = '<IDEArchive: 0x7fa0ec6becf0>', distributionMethod='<IDEDistributionMethodAdHoc: 0x7fa11326da90>', team='(null)'>
	<IDEDistributionContext: 0x7fa0fbede360; archive = '<IDEArchive: 0x7fa0ec6becf0>', distributionMethod='<IDEDistributionMethodAdHoc: 0x7fa11326da90>', team='(null)'>
	<IDEDistributionContext: 0x7fa10370d8b0; archive = '<IDEArchive: 0x7fa0ec6becf0>', distributionMethod='<IDEDistributionMethodAdHoc: 0x7fa11326da90>', team='(null)'>
	<IDEDistributionContext: 0x7fa106c009c0; archive = '<IDEArchive: 0x7fa0ec6becf0>', distributionMethod='(null)', team='(null)'>
</IDEDistributionProcessingPipelineContext: 0x7fa0ec3a4510>
2020-01-15 10:50:12 +0000  Processing step: IDEDistributionCreateDestRootStep
2020-01-15 10:50:12 +0000  Processing step: IDEDistributionCopyItemStep
2020-01-15 10:50:12 +0000  Running /usr/bin/ditto '-V' '/Users/chensw/Library/Developer/Xcode/Archives/2020-01-15/WildFireChat 2020-1-15, 6.50 PM.xcarchive/Products/Applications/聊8.app' '/var/folders/53/qb55slss0q7f71qwghcz4vr40000gq/T/XcodeDistPipeline.~~~59Ogyg/Root/Payload/聊8.app'
2020-01-15 10:50:12 +0000  >>> Copying /Users/chensw/Library/Developer/Xcode/Archives/2020-01-15/WildFireChat 2020-1-15, 6.50 PM.xcarchive/Products/Applications/聊8.app 
2020-01-15 10:50:12 +0000  copying file ./_CodeSignature/CodeResources ... 
2020-01-15 10:50:12 +0000  38375 bytes for ./_CodeSignature/CodeResources
2020-01-15 10:50:12 +0000  copying file ./CodeScan.bundle/qrcode_scan_full_net.png ... 
2020-01-15 10:50:12 +0000  4878 bytes for ./CodeScan.bundle/qrcode_scan_full_net.png
2020-01-15 10:50:12 +0000  copying file ./CodeScan.bundle/qrcode_scan_btn_scan_off@2x.png ... 
2020-01-15 10:50:12 +0000  956 bytes for ./CodeScan.bundle/qrcode_scan_btn_scan_off@2x.png
2020-01-15 10:50:12 +0000  copying file ./CodeScan.bundle/device_scan@2x.png ... 
2020-01-15 10:50:12 +0000  336 bytes for ./CodeScan.bundle/device_scan@2x.png
2020-01-15 10:50:12 +0000  copying file ./CodeScan.bundle/qrcode_scan_btn_photo_down@2x.png ... 
2020-01-15 10:50:12 +0000  980 bytes for ./CodeScan.bundle/qrcode_scan_btn_photo_down@2x.png
2020-01-15 10:50:12 +0000  copying file ./CodeScan.bundle/qrcode_scan_btn_myqrcode_nor@2x.png ... 
2020-01-15 10:50:12 +0000  1603 bytes for ./CodeScan.bundle/qrcode_scan_btn_myqrcode_nor@2x.png
2020-01-15 10:50:12 +0000  copying file ./CodeScan.bundle/qrcode_scan_btn_photo_nor@2x.png ... 
2020-01-15 10:50:12 +0000  1243 bytes for ./CodeScan.bundle/qrcode_scan_btn_photo_nor@2x.png
2020-01-15 10:50:12 +0000  copying file ./CodeScan.bundle/qrcode_scan_btn_myqrcode_down@2x.png ... 
2020-01-15 10:50:12 +0000  1327 bytes for ./CodeScan.bundle/qrcode_scan_btn_myqrcode_down@2x.png
2020-01-15 10:50:12 +0000  copying file ./CodeScan.bundle/qrcode_scan_btn_flash_down@2x.png ... 
2020-01-15 10:50:12 +0000  938 bytes for ./CodeScan.bundle/qrcode_scan_btn_flash_down@2x.png
2020-01-15 10:50:12 +0000  copying file ./CodeScan.bundle/qrcode_Scan_weixin_Line@2x.png ... 
2020-01-15 10:50:12 +0000  1500 bytes for ./CodeScan.bundle/qrcode_Scan_weixin_Line@2x.png
2020-01-15 10:50:12 +0000  copying file ./CodeScan.bundle/qrcode_scan_part_net.png ... 
2020-01-15 10:50:12 +0000  4637 bytes for ./CodeScan.bundle/qrcode_scan_part_net.png
2020-01-15 10:50:12 +0000  copying file ./CodeScan.bundle/qrcode_scan_btn_flash_nor@2x.png ... 
2020-01-15 10:50:12 +0000  1173 bytes for ./CodeScan.bundle/qrcode_scan_btn_flash_nor@2x.png
2020-01-15 10:50:12 +0000  copying file ./CodeScan.bundle/qrcode_scan_titlebar_back_nor@2x.png ... 
2020-01-15 10:50:12 +0000  185 bytes for ./CodeScan.bundle/qrcode_scan_titlebar_back_nor@2x.png
2020-01-15 10:50:12 +0000  copying file ./CodeScan.bundle/qrcode_scan_titlebar_back_pressed@2x.png ... 
2020-01-15 10:50:12 +0000  164 bytes for ./CodeScan.bundle/qrcode_scan_titlebar_back_pressed@2x.png
2020-01-15 10:50:12 +0000  copying file ./CodeScan.bundle/qrcode_scan_light_green@2x.png ... 
2020-01-15 10:50:12 +0000  801 bytes for ./CodeScan.bundle/qrcode_scan_light_green@2x.png
2020-01-15 10:50:12 +0000  copying file ./zh-Hans.lproj/wfc.strings ... 
2020-01-15 10:50:12 +0000  6021 bytes for ./zh-Hans.lproj/wfc.strings
2020-01-15 10:50:12 +0000  copying file ./zh-Hans.lproj/InfoPlist.strings ... 
2020-01-15 10:50:12 +0000  588 bytes for ./zh-Hans.lproj/InfoPlist.strings
2020-01-15 10:50:12 +0000  copying file ./LaunchImage-1100-Portrait-2436h@3x.png ... 
2020-01-15 10:50:12 +0000  145172 bytes for ./LaunchImage-1100-Portrait-2436h@3x.png
2020-01-15 10:50:12 +0000  copying file ./LICENSE.md ... 
2020-01-15 10:50:12 +0000  43261 bytes for ./LICENSE.md
2020-01-15 10:50:12 +0000  copying file ./en.lproj/wfc.strings ... 
2020-01-15 10:50:12 +0000  6395 bytes for ./en.lproj/wfc.strings
2020-01-15 10:50:12 +0000  copying file ./en.lproj/InfoPlist.strings ... 
2020-01-15 10:50:12 +0000  615 bytes for ./en.lproj/InfoPlist.strings
2020-01-15 10:50:12 +0000  copying file ./shengshi.plist ... 
2020-01-15 10:50:12 +0000  401 bytes for ./shengshi.plist
2020-01-15 10:50:12 +0000  copying file ./ring.mp3 ... 
2020-01-15 10:50:12 +0000  108204 bytes for ./ring.mp3
2020-01-15 10:50:12 +0000  copying file ./AppIcon60x60@2x.png ... 
2020-01-15 10:50:12 +0000  15727 bytes for ./AppIcon60x60@2x.png
2020-01-15 10:50:12 +0000  copying file ./Stickers.bundle/B数.png ... 
2020-01-15 10:50:12 +0000  14566 bytes for ./Stickers.bundle/B数.png
2020-01-15 10:50:12 +0000  copying file ./Stickers.bundle/B数/你以前不是这样子的.jpg ... 
2020-01-15 10:50:12 +0000  3535 bytes for ./Stickers.bundle/B数/你以前不是这样子的.jpg
2020-01-15 10:50:12 +0000  copying file ./Stickers.bundle/B数/B数，没有，我很膨胀.png ... 
2020-01-15 10:50:12 +0000  14566 bytes for ./Stickers.bundle/B数/B数，没有，我很膨胀.png
2020-01-15 10:50:12 +0000  copying file ./Stickers.bundle/B数/宝宝委屈，宝宝心里苦，宝宝不说.jpg ... 
2020-01-15 10:50:12 +0000  8311 bytes for ./Stickers.bundle/B数/宝宝委屈，宝宝心里苦，宝宝不说.jpg
2020-01-15 10:50:12 +0000  copying file ./Stickers.bundle/B数/心里没有一点B数吗.jpg ... 
2020-01-15 10:50:12 +0000  6929 bytes for ./Stickers.bundle/B数/心里没有一点B数吗.jpg
2020-01-15 10:50:12 +0000  copying file ./Stickers.bundle/B数/有没有B数，你心里没有点B数吗.png ... 
2020-01-15 10:50:12 +0000  75926 bytes for ./Stickers.bundle/B数/有没有B数，你心里没有点B数吗.png
2020-01-15 10:50:12 +0000  copying file ./Stickers.bundle/B数/委屈地哭了起来.jpg ... 
2020-01-15 10:50:12 +0000  13327 bytes for ./Stickers.bundle/B数/委屈地哭了起来.jpg
2020-01-15 10:50:12 +0000  copying file ./Stickers.bundle/B数/宝宝委屈，但宝宝不说.jpg ... 
2020-01-15 10:50:12 +0000  50177 bytes for ./Stickers.bundle/B数/宝宝委屈，但宝宝不说.jpg
2020-01-15 10:50:12 +0000  copying file ./Stickers.bundle/B数/自己心里没有一点B数吗.jpg ... 
2020-01-15 10:50:12 +0000  7440 bytes for ./Stickers.bundle/B数/自己心里没有一点B数吗.jpg
2020-01-15 10:50:12 +0000  copying file ./Stickers.bundle/B数/本宝宝不开心了，本宝宝有小情绪了.jpeg ... 
2020-01-15 10:50:12 +0000  49854 bytes for ./Stickers.bundle/B数/本宝宝不开心了，本宝宝有小情绪了.jpeg
2020-01-15 10:50:12 +0000  copying file ./Stickers.bundle/B数/宝宝心里苦，但宝宝说了.png ... 
2020-01-15 10:50:12 +0000  123421 bytes for ./Stickers.bundle/B数/宝宝心里苦，但宝宝说了.png
2020-01-15 10:50:12 +0000  copying file ./Stickers.bundle/B数/心里难道没有一点B数吗.jpg ... 
2020-01-15 10:50:12 +0000  10968 bytes for ./Stickers.bundle/B数/心里难道没有一点B数吗.jpg
2020-01-15 10:50:12 +0000  copying file ./Emoj.plist ... 
2020-01-15 10:50:12 +0000  1033 bytes for ./Emoj.plist
2020-01-15 10:50:12 +0000  copying file ./LaunchImage-800-667h@2x.png ... 
2020-01-15 10:50:12 +0000  59352 bytes for ./LaunchImage-800-667h@2x.png
2020-01-15 10:50:12 +0000  copying file ./LaunchImage-1200-Portrait-2688h@3x.png ... 
2020-01-15 10:50:12 +0000  147647 bytes for ./LaunchImage-1200-Portrait-2688h@3x.png
2020-01-15 10:50:12 +0000  copying file ./foreman.mp4 ... 
2020-01-15 10:50:12 +0000  546651 bytes for ./foreman.mp4
2020-01-15 10:50:12 +0000  copying file ./AppIcon60x60@3x.png ... 
2020-01-15 10:50:12 +0000  22768 bytes for ./AppIcon60x60@3x.png
2020-01-15 10:50:12 +0000  copying file ./Base.lproj/Main.storyboardc/UIViewController-BYZ-38-t0r.nib/objects-13.0+.nib ... 
2020-01-15 10:50:12 +0000  805 bytes for ./Base.lproj/Main.storyboardc/UIViewController-BYZ-38-t0r.nib/objects-13.0+.nib
2020-01-15 10:50:12 +0000  copying file ./Base.lproj/Main.storyboardc/UIViewController-BYZ-38-t0r.nib/runtime.nib ... 
2020-01-15 10:50:12 +0000  805 bytes for ./Base.lproj/Main.storyboardc/UIViewController-BYZ-38-t0r.nib/runtime.nib
2020-01-15 10:50:12 +0000  copying file ./Base.lproj/Main.storyboardc/Info.plist ... 
2020-01-15 10:50:12 +0000  258 bytes for ./Base.lproj/Main.storyboardc/Info.plist
2020-01-15 10:50:12 +0000  copying file ./Base.lproj/LaunchScreen.storyboardc/01J-lp-oVM-view-Ze5-6b-2t3.nib/objects-13.0+.nib ... 
2020-01-15 10:50:12 +0000  3791 bytes for ./Base.lproj/LaunchScreen.storyboardc/01J-lp-oVM-view-Ze5-6b-2t3.nib/objects-13.0+.nib
2020-01-15 10:50:12 +0000  copying file ./Base.lproj/LaunchScreen.storyboardc/01J-lp-oVM-view-Ze5-6b-2t3.nib/runtime.nib ... 
2020-01-15 10:50:12 +0000  3785 bytes for ./Base.lproj/LaunchScreen.storyboardc/01J-lp-oVM-view-Ze5-6b-2t3.nib/runtime.nib
2020-01-15 10:50:12 +0000  copying file ./Base.lproj/LaunchScreen.storyboardc/UIViewController-01J-lp-oVM.nib/objects-13.0+.nib ... 
2020-01-15 10:50:12 +0000  896 bytes for ./Base.lproj/LaunchScreen.storyboardc/UIViewController-01J-lp-oVM.nib/objects-13.0+.nib
2020-01-15 10:50:12 +0000  copying file ./Base.lproj/LaunchScreen.storyboardc/UIViewController-01J-lp-oVM.nib/runtime.nib ... 
2020-01-15 10:50:12 +0000  896 bytes for ./Base.lproj/LaunchScreen.storyboardc/UIViewController-01J-lp-oVM.nib/runtime.nib
2020-01-15 10:50:12 +0000  copying file ./Base.lproj/LaunchScreen.storyboardc/Info.plist ... 
2020-01-15 10:50:12 +0000  258 bytes for ./Base.lproj/LaunchScreen.storyboardc/Info.plist
2020-01-15 10:50:12 +0000  copying file ./Assets.car ... 
2020-01-15 10:50:12 +0000  1908064 bytes for ./Assets.car
2020-01-15 10:50:12 +0000  copying file ./LaunchImage-800-Portrait-736h@3x.png ... 
150379 bytes for ./LaunchImage-800-Portrait-736h@3x.png
copying file ./LaunchImage-700@2x.png ... 
2020-01-15 10:50:12 +0000  40702 bytes for ./LaunchImage-700@2x.png
2020-01-15 10:50:12 +0000  copying file ./WFCUShareMessageView.nib/objects-13.0+.nib ... 
2020-01-15 10:50:12 +0000  7897 bytes for ./WFCUShareMessageView.nib/objects-13.0+.nib
2020-01-15 10:50:12 +0000  copying file ./WFCUShareMessageView.nib/runtime.nib ... 
2020-01-15 10:50:12 +0000  7901 bytes for ./WFCUShareMessageView.nib/runtime.nib
2020-01-15 10:50:12 +0000  copying file ./MyLoginViewController.nib/objects-13.0+.nib ... 
2020-01-15 10:50:12 +0000  7226 bytes for ./MyLoginViewController.nib/objects-13.0+.nib
2020-01-15 10:50:12 +0000  copying file ./MyLoginViewController.nib/runtime.nib ... 
2020-01-15 10:50:12 +0000  7215 bytes for ./MyLoginViewController.nib/runtime.nib
2020-01-15 10:50:12 +0000  copying file ./LaunchImage-1200-Portrait-1792h@2x.png ... 
2020-01-15 10:50:12 +0000  78217 bytes for ./LaunchImage-1200-Portrait-1792h@2x.png
2020-01-15 10:50:12 +0000  copying file ./Frameworks/WFChatUIKit.framework/_CodeSignature/CodeResources ... 
2020-01-15 10:50:12 +0000  8552 bytes for ./Frameworks/WFChatUIKit.framework/_CodeSignature/CodeResources
2020-01-15 10:50:12 +0000  copying file ./Frameworks/WFChatUIKit.framework/zh-Hans.lproj/wfc.strings ... 
2020-01-15 10:50:12 +0000  6021 bytes for ./Frameworks/WFChatUIKit.framework/zh-Hans.lproj/wfc.strings
2020-01-15 10:50:12 +0000  copying file ./Frameworks/WFChatUIKit.framework/LICENSE.md ... 
2020-01-15 10:50:12 +0000  43261 bytes for ./Frameworks/WFChatUIKit.framework/LICENSE.md
2020-01-15 10:50:12 +0000  copying file ./Frameworks/WFChatUIKit.framework/en.lproj/wfc.strings ... 
2020-01-15 10:50:12 +0000  6395 bytes for ./Frameworks/WFChatUIKit.framework/en.lproj/wfc.strings
2020-01-15 10:50:12 +0000  copying file ./Frameworks/WFChatUIKit.framework/Stickers.bundle/B数.png ... 
2020-01-15 10:50:12 +0000  14566 bytes for ./Frameworks/WFChatUIKit.framework/Stickers.bundle/B数.png
2020-01-15 10:50:12 +0000  copying file ./Frameworks/WFChatUIKit.framework/Stickers.bundle/B数/你以前不是这样子的.jpg ... 
2020-01-15 10:50:12 +0000  3535 bytes for ./Frameworks/WFChatUIKit.framework/Stickers.bundle/B数/你以前不是这样子的.jpg
2020-01-15 10:50:12 +0000  copying file ./Frameworks/WFChatUIKit.framework/Stickers.bundle/B数/B数，没有，我很膨胀.png ... 
2020-01-15 10:50:12 +0000  14566 bytes for ./Frameworks/WFChatUIKit.framework/Stickers.bundle/B数/B数，没有，我很膨胀.png
2020-01-15 10:50:12 +0000  copying file ./Frameworks/WFChatUIKit.framework/Stickers.bundle/B数/宝宝委屈，宝宝心里苦，宝宝不说.jpg ... 
2020-01-15 10:50:12 +0000  8311 bytes for ./Frameworks/WFChatUIKit.framework/Stickers.bundle/B数/宝宝委屈，宝宝心里苦，宝宝不说.jpg
2020-01-15 10:50:12 +0000  copying file ./Frameworks/WFChatUIKit.framework/Stickers.bundle/B数/心里没有一点B数吗.jpg ... 
2020-01-15 10:50:12 +0000  6929 bytes for ./Frameworks/WFChatUIKit.framework/Stickers.bundle/B数/心里没有一点B数吗.jpg
2020-01-15 10:50:12 +0000  copying file ./Frameworks/WFChatUIKit.framework/Stickers.bundle/B数/有没有B数，你心里没有点B数吗.png ... 
2020-01-15 10:50:12 +0000  75926 bytes for ./Frameworks/WFChatUIKit.framework/Stickers.bundle/B数/有没有B数，你心里没有点B数吗.png
2020-01-15 10:50:12 +0000  copying file ./Frameworks/WFChatUIKit.framework/Stickers.bundle/B数/委屈地哭了起来.jpg ... 
2020-01-15 10:50:12 +0000  13327 bytes for ./Frameworks/WFChatUIKit.framework/Stickers.bundle/B数/委屈地哭了起来.jpg
2020-01-15 10:50:12 +0000  copying file ./Frameworks/WFChatUIKit.framework/Stickers.bundle/B数/宝宝委屈，但宝宝不说.jpg ... 
2020-01-15 10:50:12 +0000  50177 bytes for ./Frameworks/WFChatUIKit.framework/Stickers.bundle/B数/宝宝委屈，但宝宝不说.jpg
2020-01-15 10:50:12 +0000  copying file ./Frameworks/WFChatUIKit.framework/Stickers.bundle/B数/自己心里没有一点B数吗.jpg ... 
2020-01-15 10:50:12 +0000  7440 bytes for ./Frameworks/WFChatUIKit.framework/Stickers.bundle/B数/自己心里没有一点B数吗.jpg
2020-01-15 10:50:12 +0000  copying file ./Frameworks/WFChatUIKit.framework/Stickers.bundle/B数/本宝宝不开心了，本宝宝有小情绪了.jpeg ... 
2020-01-15 10:50:12 +0000  49854 bytes for ./Frameworks/WFChatUIKit.framework/Stickers.bundle/B数/本宝宝不开心了，本宝宝有小情绪了.jpeg
2020-01-15 10:50:12 +0000  copying file ./Frameworks/WFChatUIKit.framework/Stickers.bundle/B数/宝宝心里苦，但宝宝说了.png ... 
2020-01-15 10:50:12 +0000  123421 bytes for ./Frameworks/WFChatUIKit.framework/Stickers.bundle/B数/宝宝心里苦，但宝宝说了.png
2020-01-15 10:50:12 +0000  copying file ./Frameworks/WFChatUIKit.framework/Stickers.bundle/B数/心里难道没有一点B数吗.jpg ... 
2020-01-15 10:50:12 +0000  10968 bytes for ./Frameworks/WFChatUIKit.framework/Stickers.bundle/B数/心里难道没有一点B数吗.jpg
2020-01-15 10:50:12 +0000  copying file ./Frameworks/WFChatUIKit.framework/Emoj.plist ... 
2020-01-15 10:50:12 +0000  1033 bytes for ./Frameworks/WFChatUIKit.framework/Emoj.plist
2020-01-15 10:50:12 +0000  copying file ./Frameworks/WFChatUIKit.framework/WFChatUIKit ... 
2020-01-15 10:50:12 +0000  3646128 bytes for ./Frameworks/WFChatUIKit.framework/WFChatUIKit
copying file ./Frameworks/WFChatUIKit.framework/Assets.car ... 
2020-01-15 10:50:12 +0000  441008 bytes for ./Frameworks/WFChatUIKit.framework/Assets.car
2020-01-15 10:50:12 +0000  copying file ./Frameworks/WFChatUIKit.framework/WFCUShareMessageView.nib/objects-13.0+.nib ... 
2020-01-15 10:50:12 +0000  7894 bytes for ./Frameworks/WFChatUIKit.framework/WFCUShareMessageView.nib/objects-13.0+.nib
2020-01-15 10:50:12 +0000  copying file ./Frameworks/WFChatUIKit.framework/WFCUShareMessageView.nib/runtime.nib ... 
2020-01-15 10:50:12 +0000  7899 bytes for ./Frameworks/WFChatUIKit.framework/WFCUShareMessageView.nib/runtime.nib
2020-01-15 10:50:12 +0000  copying file ./Frameworks/WFChatUIKit.framework/Info.plist ... 
2020-01-15 10:50:12 +0000  760 bytes for ./Frameworks/WFChatUIKit.framework/Info.plist
2020-01-15 10:50:12 +0000  copying file ./Frameworks/WFAVEngineKit.framework/_CodeSignature/CodeResources ... 
2020-01-15 10:50:12 +0000  2084 bytes for ./Frameworks/WFAVEngineKit.framework/_CodeSignature/CodeResources
2020-01-15 10:50:12 +0000  copying file ./Frameworks/WFAVEngineKit.framework/LICENSE.md ... 
2020-01-15 10:50:12 +0000  43261 bytes for ./Frameworks/WFAVEngineKit.framework/LICENSE.md
2020-01-15 10:50:12 +0000  copying file ./Frameworks/WFAVEngineKit.framework/WFAVEngineKit ... 
2020-01-15 10:50:12 +0000  301280 bytes for ./Frameworks/WFAVEngineKit.framework/WFAVEngineKit
2020-01-15 10:50:12 +0000  copying file ./Frameworks/WFAVEngineKit.framework/Info.plist ... 
2020-01-15 10:50:12 +0000  762 bytes for ./Frameworks/WFAVEngineKit.framework/Info.plist
2020-01-15 10:50:12 +0000  copying file ./Frameworks/WebRTC.framework/_CodeSignature/CodeResources ... 
2020-01-15 10:50:12 +0000  2084 bytes for ./Frameworks/WebRTC.framework/_CodeSignature/CodeResources
2020-01-15 10:50:12 +0000  copying file ./Frameworks/WebRTC.framework/LICENSE.md ... 
2020-01-15 10:50:12 +0000  43916 bytes for ./Frameworks/WebRTC.framework/LICENSE.md
2020-01-15 10:50:12 +0000  copying file ./Frameworks/WebRTC.framework/WebRTC ... 
2020-01-15 10:50:12 +0000  5337568 bytes for ./Frameworks/WebRTC.framework/WebRTC
copying file ./Frameworks/WebRTC.framework/Info.plist ... 
780 bytes for ./Frameworks/WebRTC.framework/Info.plist
2020-01-15 10:50:12 +0000  copying file ./Frameworks/WFChatClient.framework/_CodeSignature/CodeResources ... 
1798 bytes for ./Frameworks/WFChatClient.framework/_CodeSignature/CodeResources
2020-01-15 10:50:12 +0000  copying file ./Frameworks/WFChatClient.framework/WFChatClient ... 
2020-01-15 10:50:12 +0000  6575328 bytes for ./Frameworks/WFChatClient.framework/WFChatClient
2020-01-15 10:50:12 +0000  copying file ./Frameworks/WFChatClient.framework/Info.plist ... 
762 bytes for ./Frameworks/WFChatClient.framework/Info.plist
2020-01-15 10:50:12 +0000  copying file ./Frameworks/WFMomentUIKit.framework/_CodeSignature/CodeResources ... 
2020-01-15 10:50:12 +0000  1798 bytes for ./Frameworks/WFMomentUIKit.framework/_CodeSignature/CodeResources
2020-01-15 10:50:12 +0000  copying file ./Frameworks/WFMomentUIKit.framework/WFMomentUIKit ... 
2020-01-15 10:50:12 +0000  52256 bytes for ./Frameworks/WFMomentUIKit.framework/WFMomentUIKit
2020-01-15 10:50:12 +0000  copying file ./Frameworks/WFMomentUIKit.framework/Info.plist ... 
2020-01-15 10:50:12 +0000  758 bytes for ./Frameworks/WFMomentUIKit.framework/Info.plist
2020-01-15 10:50:12 +0000  copying file ./Frameworks/WFMomentClient.framework/_CodeSignature/CodeResources ... 
2020-01-15 10:50:12 +0000  1798 bytes for ./Frameworks/WFMomentClient.framework/_CodeSignature/CodeResources
copying file ./Frameworks/WFMomentClient.framework/WFMomentClient ... 
2020-01-15 10:50:12 +0000  52272 bytes for ./Frameworks/WFMomentClient.framework/WFMomentClient
2020-01-15 10:50:12 +0000  copying file ./Frameworks/WFMomentClient.framework/Info.plist ... 
2020-01-15 10:50:12 +0000  760 bytes for ./Frameworks/WFMomentClient.framework/Info.plist
2020-01-15 10:50:12 +0000  copying file ./embedded.mobileprovision ... 
2020-01-15 10:50:12 +0000  9421 bytes for ./embedded.mobileprovision
copying file ./ring.caf ... 
2020-01-15 10:50:12 +0000  221254 bytes for ./ring.caf
2020-01-15 10:50:12 +0000  copying file ./LaunchImage-800-Landscape-736h@3x.png ... 
2020-01-15 10:50:12 +0000  149622 bytes for ./LaunchImage-800-Landscape-736h@3x.png
2020-01-15 10:50:12 +0000  copying file ./MyEditPasswordViewController.nib/objects-13.0+.nib ... 
2020-01-15 10:50:12 +0000  6441 bytes for ./MyEditPasswordViewController.nib/objects-13.0+.nib
2020-01-15 10:50:12 +0000  copying file ./MyEditPasswordViewController.nib/runtime.nib ... 
2020-01-15 10:50:12 +0000  6436 bytes for ./MyEditPasswordViewController.nib/runtime.nib
2020-01-15 10:50:12 +0000  copying file ./Info.plist ... 
2020-01-15 10:50:12 +0000  2592 bytes for ./Info.plist
2020-01-15 10:50:12 +0000  copying file ./PkgInfo ... 
2020-01-15 10:50:12 +0000  8 bytes for ./PkgInfo
2020-01-15 10:50:12 +0000  copying file ./聊8 ... 
2020-01-15 10:50:12 +0000  1029104 bytes for ./聊8
2020-01-15 10:50:12 +0000  /usr/bin/ditto exited with 0
2020-01-15 10:50:12 +0000  Processing step: IDEDistributionEmbedProfileStep
2020-01-15 10:50:12 +0000  Skipping profile for item: <IDEDistributionItem: 0x7fa110d176a0; bundleID='cn.wildfirechat.WFAVEngineKit', path='<DVTFilePath:0x7fa0ebfb7930:'/Users/chensw/Library/Developer/Xcode/Archives/2020-01-15/WildFireChat 2020-1-15, 6.50 PM.xcarchive/Products/Applications/聊8.app/Frameworks/WFAVEngineKit.framework'>', codeSigningInfo='<_DVTCodeSigningInformation_Path: 0x7fa119310b50; isSigned='1', isAdHocSigned='0', signingCertificate='<DVTSigningCertificate: 0x7fa0ecd035b0; name='Apple Development: leiyang wang (7U363Q4Z97)', hash='E48411AE1CAAF3A5171120E94C858991323867C5', serialNumber='2B4B91486129C61', certificateKinds='(
    "1.2.840.113635.100.6.1.12",
    "1.2.840.113635.100.6.1.2"
), issueDate='2020-01-10 12:16:20 +0000''>', entitlements='(null)', teamID='3AC5Z7RJQ3', identifier='cn.wildfirechat.WFAVEngineKit', executablePath='<DVTFilePath:0x7fa0ece74030:'/Users/chensw/Library/Developer/Xcode/Archives/2020-01-15/WildFireChat 2020-1-15, 6.50 PM.xcarchive/Products/Applications/聊8.app/Frameworks/WFAVEngineKit.framework/WFAVEngineKit'>', hardenedRuntime='0'>'>
2020-01-15 10:50:12 +0000  Skipping profile for item: <IDEDistributionItem: 0x7fa0ebd5c900; bundleID='cn.wildfirechat.WFChatClient', path='<DVTFilePath:0x7fa0ecff62d0:'/Users/chensw/Library/Developer/Xcode/Archives/2020-01-15/WildFireChat 2020-1-15, 6.50 PM.xcarchive/Products/Applications/聊8.app/Frameworks/WFChatClient.framework'>', codeSigningInfo='<_DVTCodeSigningInformation_Path: 0x7fa106ac4280; isSigned='1', isAdHocSigned='0', signingCertificate='<DVTSigningCertificate: 0x7fa107787590; name='Apple Development: leiyang wang (7U363Q4Z97)', hash='E48411AE1CAAF3A5171120E94C858991323867C5', serialNumber='2B4B91486129C61', certificateKinds='(
    "1.2.840.113635.100.6.1.12",
    "1.2.840.113635.100.6.1.2"
), issueDate='2020-01-10 12:16:20 +0000''>', entitlements='(null)', teamID='3AC5Z7RJQ3', identifier='cn.wildfirechat.WFChatClient', executablePath='<DVTFilePath:0x7fa1165ce920:'/Users/chensw/Library/Developer/Xcode/Archives/2020-01-15/WildFireChat 2020-1-15, 6.50 PM.xcarchive/Products/Applications/聊8.app/Frameworks/WFChatClient.framework/WFChatClient'>', hardenedRuntime='0'>'>
2020-01-15 10:50:12 +0000  Skipping profile for item: <IDEDistributionItem: 0x7fa0ede0ec50; bundleID='cn.wildfirechat.WFChatUIKit', path='<DVTFilePath:0x7fa0fe485dd0:'/Users/chensw/Library/Developer/Xcode/Archives/2020-01-15/WildFireChat 2020-1-15, 6.50 PM.xcarchive/Products/Applications/聊8.app/Frameworks/WFChatUIKit.framework'>', codeSigningInfo='<_DVTCodeSigningInformation_Path: 0x7fa0ebf911c0; isSigned='1', isAdHocSigned='0', signingCertificate='<DVTSigningCertificate: 0x7fa107787590; name='Apple Development: leiyang wang (7U363Q4Z97)', hash='E48411AE1CAAF3A5171120E94C858991323867C5', serialNumber='2B4B91486129C61', certificateKinds='(
    "1.2.840.113635.100.6.1.12",
    "1.2.840.113635.100.6.1.2"
), issueDate='2020-01-10 12:16:20 +0000''>', entitlements='(null)', teamID='3AC5Z7RJQ3', identifier='cn.wildfirechat.WFChatUIKit', executablePath='<DVTFilePath:0x7fa0ec59a010:'/Users/chensw/Library/Developer/Xcode/Archives/2020-01-15/WildFireChat 2020-1-15, 6.50 PM.xcarchive/Products/Applications/聊8.app/Frameworks/WFChatUIKit.framework/WFChatUIKit'>', hardenedRuntime='0'>'>
2020-01-15 10:50:12 +0000  Skipping profile for item: <IDEDistributionItem: 0x7fa0ecb8a8a0; bundleID='cn.wildfirechat.WFMomentClient', path='<DVTFilePath:0x7fa10f94c420:'/Users/chensw/Library/Developer/Xcode/Archives/2020-01-15/WildFireChat 2020-1-15, 6.50 PM.xcarchive/Products/Applications/聊8.app/Frameworks/WFMomentClient.framework'>', codeSigningInfo='<_DVTCodeSigningInformation_Path: 0x7fa10f7b3360; isSigned='1', isAdHocSigned='0', signingCertificate='<DVTSigningCertificate: 0x7fa0ecd035b0; name='Apple Development: leiyang wang (7U363Q4Z97)', hash='E48411AE1CAAF3A5171120E94C858991323867C5', serialNumber='2B4B91486129C61', certificateKinds='(
    "1.2.840.113635.100.6.1.12",
    "1.2.840.113635.100.6.1.2"
), issueDate='2020-01-10 12:16:20 +0000''>', entitlements='(null)', teamID='3AC5Z7RJQ3', identifier='cn.wildfirechat.WFMomentClient', executablePath='<DVTFilePath:0x7fa1043b4390:'/Users/chensw/Library/Developer/Xcode/Archives/2020-01-15/WildFireChat 2020-1-15, 6.50 PM.xcarchive/Products/Applications/聊8.app/Frameworks/WFMomentClient.framework/WFMomentClient'>', hardenedRuntime='0'>'>
2020-01-15 10:50:12 +0000  Skipping profile for item: <IDEDistributionItem: 0x7fa0ecea6540; bundleID='cn.wildfirechat.WFMomentUIKit', path='<DVTFilePath:0x7fa1027e7ee0:'/Users/chensw/Library/Developer/Xcode/Archives/2020-01-15/WildFireChat 2020-1-15, 6.50 PM.xcarchive/Products/Applications/聊8.app/Frameworks/WFMomentUIKit.framework'>', codeSigningInfo='<_DVTCodeSigningInformation_Path: 0x7fa10581ccb0; isSigned='1', isAdHocSigned='0', signingCertificate='<DVTSigningCertificate: 0x7fa0edbaa360; name='Apple Development: leiyang wang (7U363Q4Z97)', hash='E48411AE1CAAF3A5171120E94C858991323867C5', serialNumber='2B4B91486129C61', certificateKinds='(
    "1.2.840.113635.100.6.1.12",
    "1.2.840.113635.100.6.1.2"
), issueDate='2020-01-10 12:16:20 +0000''>', entitlements='(null)', teamID='3AC5Z7RJQ3', identifier='cn.wildfirechat.WFMomentUIKit', executablePath='<DVTFilePath:0x7fa116e07d30:'/Users/chensw/Library/Developer/Xcode/Archives/2020-01-15/WildFireChat 2020-1-15, 6.50 PM.xcarchive/Products/Applications/聊8.app/Frameworks/WFMomentUIKit.framework/WFMomentUIKit'>', hardenedRuntime='0'>'>
2020-01-15 10:50:12 +0000  Skipping profile for item: <IDEDistributionItem: 0x7fa0ff7d9e80; bundleID='org.webrtc.WebRTC', path='<DVTFilePath:0x7fa108356500:'/Users/chensw/Library/Developer/Xcode/Archives/2020-01-15/WildFireChat 2020-1-15, 6.50 PM.xcarchive/Products/Applications/聊8.app/Frameworks/WebRTC.framework'>', codeSigningInfo='<_DVTCodeSigningInformation_Path: 0x7fa10fe4b750; isSigned='1', isAdHocSigned='0', signingCertificate='<DVTSigningCertificate: 0x7fa107787590; name='Apple Development: leiyang wang (7U363Q4Z97)', hash='E48411AE1CAAF3A5171120E94C858991323867C5', serialNumber='2B4B91486129C61', certificateKinds='(
    "1.2.840.113635.100.6.1.12",
    "1.2.840.113635.100.6.1.2"
), issueDate='2020-01-10 12:16:20 +0000''>', entitlements='(null)', teamID='3AC5Z7RJQ3', identifier='org.webrtc.WebRTC', executablePath='<DVTFilePath:0x7fa0eca32c40:'/Users/chensw/Library/Developer/Xcode/Archives/2020-01-15/WildFireChat 2020-1-15, 6.50 PM.xcarchive/Products/Applications/聊8.app/Frameworks/WebRTC.framework/WebRTC'>', hardenedRuntime='0'>'>
2020-01-15 10:50:12 +0000  Processing step: IDEDistributionAppThinningPlistStep
2020-01-15 10:50:12 +0000  Skipping step: IDEDistributionAppThinningPlistStep because it said so
2020-01-15 10:50:12 +0000  Processing step: IDEDistributionCompileBitcodeStep
2020-01-15 10:50:12 +0000  Skipping step: IDEDistributionCompileBitcodeStep because it said so
2020-01-15 10:50:12 +0000  Processing step: IDEDistributionCodeSlimmingStep
2020-01-15 10:50:12 +0000  Processing step: IDEDistributionCopyBCSymbolMapsStep
2020-01-15 10:50:12 +0000  Skipping step: IDEDistributionCopyBCSymbolMapsStep because it said so
2020-01-15 10:50:12 +0000  Skipping step: IDEDistributionCopyBCSymbolMapsStep because it said so
2020-01-15 10:50:12 +0000  Skipping step: IDEDistributionCopyBCSymbolMapsStep because it said so
2020-01-15 10:50:12 +0000  Skipping step: IDEDistributionCopyBCSymbolMapsStep because it said so
2020-01-15 10:50:12 +0000  Skipping step: IDEDistributionCopyBCSymbolMapsStep because it said so
2020-01-15 10:50:12 +0000  Skipping step: IDEDistributionCopyBCSymbolMapsStep because it said so
2020-01-15 10:50:12 +0000  Skipping step: IDEDistributionCopyBCSymbolMapsStep because it said so
2020-01-15 10:50:12 +0000  Processing step: IDEDistributionSymbolsStep
2020-01-15 10:50:12 +0000  Skipping step: IDEDistributionSymbolsStep because it said so
2020-01-15 10:50:12 +0000  Skipping step: IDEDistributionSymbolsStep because it said so
2020-01-15 10:50:12 +0000  Skipping step: IDEDistributionSymbolsStep because it said so
2020-01-15 10:50:12 +0000  Skipping step: IDEDistributionSymbolsStep because it said so
2020-01-15 10:50:12 +0000  Skipping step: IDEDistributionSymbolsStep because it said so
2020-01-15 10:50:12 +0000  Skipping step: IDEDistributionSymbolsStep because it said so
2020-01-15 10:50:12 +0000  Skipping step: IDEDistributionSymbolsStep because it said so
2020-01-15 10:50:12 +0000  Processing step: IDEDistributionAppThinningStep
2020-01-15 10:50:12 +0000  Skipping step: IDEDistributionAppThinningStep because it said so
2020-01-15 10:50:12 +0000  Processing step: IDEDistributionArchThinningStep
2020-01-15 10:50:12 +0000  Running /Applications/Xcode.app/Contents/Developer/Toolchains/XcodeDefault.xctoolchain/usr/bin/lipo '/var/folders/53/qb55slss0q7f71qwghcz4vr40000gq/T/XcodeDistPipeline.~~~59Ogyg/Root/Payload/聊8.app/Frameworks/WFAVEngineKit.framework/WFAVEngineKit' '-verify_arch' 'arm64e'
2020-01-15 10:50:12 +0000  /Applications/Xcode.app/Contents/Developer/Toolchains/XcodeDefault.xctoolchain/usr/bin/lipo exited with 1
2020-01-15 10:50:12 +0000  Skipping architecture thinning for item "WFAVEngineKit" because arch "arm64e" wasn't found
2020-01-15 10:50:12 +0000  Running /Applications/Xcode.app/Contents/Developer/Toolchains/XcodeDefault.xctoolchain/usr/bin/lipo '/var/folders/53/qb55slss0q7f71qwghcz4vr40000gq/T/XcodeDistPipeline.~~~59Ogyg/Root/Payload/聊8.app/Frameworks/WFChatClient.framework/WFChatClient' '-verify_arch' 'arm64e'
2020-01-15 10:50:12 +0000  /Applications/Xcode.app/Contents/Developer/Toolchains/XcodeDefault.xctoolchain/usr/bin/lipo exited with 1
2020-01-15 10:50:12 +0000  Skipping architecture thinning for item "WFChatClient" because arch "arm64e" wasn't found
2020-01-15 10:50:12 +0000  Running /Applications/Xcode.app/Contents/Developer/Toolchains/XcodeDefault.xctoolchain/usr/bin/lipo '/var/folders/53/qb55slss0q7f71qwghcz4vr40000gq/T/XcodeDistPipeline.~~~59Ogyg/Root/Payload/聊8.app/Frameworks/WFChatUIKit.framework/WFChatUIKit' '-verify_arch' 'arm64e'
2020-01-15 10:50:12 +0000  /Applications/Xcode.app/Contents/Developer/Toolchains/XcodeDefault.xctoolchain/usr/bin/lipo exited with 1
2020-01-15 10:50:12 +0000  Skipping architecture thinning for item "WFChatUIKit" because arch "arm64e" wasn't found
2020-01-15 10:50:12 +0000  Running /Applications/Xcode.app/Contents/Developer/Toolchains/XcodeDefault.xctoolchain/usr/bin/lipo '/var/folders/53/qb55slss0q7f71qwghcz4vr40000gq/T/XcodeDistPipeline.~~~59Ogyg/Root/Payload/聊8.app/Frameworks/WFMomentClient.framework/WFMomentClient' '-verify_arch' 'arm64e'
2020-01-15 10:50:12 +0000  /Applications/Xcode.app/Contents/Developer/Toolchains/XcodeDefault.xctoolchain/usr/bin/lipo exited with 1
2020-01-15 10:50:12 +0000  Skipping architecture thinning for item "WFMomentClient" because arch "arm64e" wasn't found
2020-01-15 10:50:12 +0000  Running /Applications/Xcode.app/Contents/Developer/Toolchains/XcodeDefault.xctoolchain/usr/bin/lipo '/var/folders/53/qb55slss0q7f71qwghcz4vr40000gq/T/XcodeDistPipeline.~~~59Ogyg/Root/Payload/聊8.app/Frameworks/WFMomentUIKit.framework/WFMomentUIKit' '-verify_arch' 'arm64e'
2020-01-15 10:50:12 +0000  /Applications/Xcode.app/Contents/Developer/Toolchains/XcodeDefault.xctoolchain/usr/bin/lipo exited with 1
2020-01-15 10:50:12 +0000  Skipping architecture thinning for item "WFMomentUIKit" because arch "arm64e" wasn't found
2020-01-15 10:50:12 +0000  Running /Applications/Xcode.app/Contents/Developer/Toolchains/XcodeDefault.xctoolchain/usr/bin/lipo '/var/folders/53/qb55slss0q7f71qwghcz4vr40000gq/T/XcodeDistPipeline.~~~59Ogyg/Root/Payload/聊8.app/Frameworks/WebRTC.framework/WebRTC' '-verify_arch' 'arm64e'
2020-01-15 10:50:12 +0000  /Applications/Xcode.app/Contents/Developer/Toolchains/XcodeDefault.xctoolchain/usr/bin/lipo exited with 1
2020-01-15 10:50:12 +0000  Skipping architecture thinning for item "WebRTC" because arch "arm64e" wasn't found
2020-01-15 10:50:12 +0000  Running /Applications/Xcode.app/Contents/Developer/Toolchains/XcodeDefault.xctoolchain/usr/bin/lipo '/var/folders/53/qb55slss0q7f71qwghcz4vr40000gq/T/XcodeDistPipeline.~~~59Ogyg/Root/Payload/聊8.app/聊8' '-verify_arch' 'arm64e'
2020-01-15 10:50:12 +0000  /Applications/Xcode.app/Contents/Developer/Toolchains/XcodeDefault.xctoolchain/usr/bin/lipo exited with 1
2020-01-15 10:50:12 +0000  Skipping architecture thinning for item "聊8" because arch "arm64e" wasn't found
2020-01-15 10:50:12 +0000  Processing step: IDEDistributionODRStep
2020-01-15 10:50:12 +0000  Processing step: IDEDistributionStripXattrsStep
2020-01-15 10:50:12 +0000  Skipping stripping extended attributes of item: <IDEDistributionItem: 0x7fa110d176a0; bundleID='cn.wildfirechat.WFAVEngineKit', path='<DVTFilePath:0x7fa0ebfb7930:'/Users/chensw/Library/Developer/Xcode/Archives/2020-01-15/WildFireChat 2020-1-15, 6.50 PM.xcarchive/Products/Applications/聊8.app/Frameworks/WFAVEngineKit.framework'>', codeSigningInfo='<_DVTCodeSigningInformation_Path: 0x7fa119310b50; isSigned='1', isAdHocSigned='0', signingCertificate='<DVTSigningCertificate: 0x7fa0ecd3ac50; name='Apple Development: leiyang wang (7U363Q4Z97)', hash='E48411AE1CAAF3A5171120E94C858991323867C5', serialNumber='2B4B91486129C61', certificateKinds='(
    "1.2.840.113635.100.6.1.12",
    "1.2.840.113635.100.6.1.2"
), issueDate='2020-01-10 12:16:20 +0000''>', entitlements='(null)', teamID='3AC5Z7RJQ3', identifier='cn.wildfirechat.WFAVEngineKit', executablePath='<DVTFilePath:0x7fa0ece74030:'/Users/chensw/Library/Developer/Xcode/Archives/2020-01-15/WildFireChat 2020-1-15, 6.50 PM.xcarchive/Products/Applications/聊8.app/Frameworks/WFAVEngineKit.framework/WFAVEngineKit'>', hardenedRuntime='0'>'>
2020-01-15 10:50:12 +0000  Skipping stripping extended attributes of item: <IDEDistributionItem: 0x7fa0ebd5c900; bundleID='cn.wildfirechat.WFChatClient', path='<DVTFilePath:0x7fa0ecff62d0:'/Users/chensw/Library/Developer/Xcode/Archives/2020-01-15/WildFireChat 2020-1-15, 6.50 PM.xcarchive/Products/Applications/聊8.app/Frameworks/WFChatClient.framework'>', codeSigningInfo='<_DVTCodeSigningInformation_Path: 0x7fa106ac4280; isSigned='1', isAdHocSigned='0', signingCertificate='<DVTSigningCertificate: 0x7fa1087151d0; name='Apple Development: leiyang wang (7U363Q4Z97)', hash='E48411AE1CAAF3A5171120E94C858991323867C5', serialNumber='2B4B91486129C61', certificateKinds='(
    "1.2.840.113635.100.6.1.12",
    "1.2.840.113635.100.6.1.2"
), issueDate='2020-01-10 12:16:20 +0000''>', entitlements='(null)', teamID='3AC5Z7RJQ3', identifier='cn.wildfirechat.WFChatClient', executablePath='<DVTFilePath:0x7fa1165ce920:'/Users/chensw/Library/Developer/Xcode/Archives/2020-01-15/WildFireChat 2020-1-15, 6.50 PM.xcarchive/Products/Applications/聊8.app/Frameworks/WFChatClient.framework/WFChatClient'>', hardenedRuntime='0'>'>
2020-01-15 10:50:12 +0000  Skipping stripping extended attributes of item: <IDEDistributionItem: 0x7fa0ede0ec50; bundleID='cn.wildfirechat.WFChatUIKit', path='<DVTFilePath:0x7fa0fe485dd0:'/Users/chensw/Library/Developer/Xcode/Archives/2020-01-15/WildFireChat 2020-1-15, 6.50 PM.xcarchive/Products/Applications/聊8.app/Frameworks/WFChatUIKit.framework'>', codeSigningInfo='<_DVTCodeSigningInformation_Path: 0x7fa0ebf911c0; isSigned='1', isAdHocSigned='0', signingCertificate='<DVTSigningCertificate: 0x7fa0ec049440; name='Apple Development: leiyang wang (7U363Q4Z97)', hash='E48411AE1CAAF3A5171120E94C858991323867C5', serialNumber='2B4B91486129C61', certificateKinds='(
    "1.2.840.113635.100.6.1.12",
    "1.2.840.113635.100.6.1.2"
), issueDate='2020-01-10 12:16:20 +0000''>', entitlements='(null)', teamID='3AC5Z7RJQ3', identifier='cn.wildfirechat.WFChatUIKit', executablePath='<DVTFilePath:0x7fa0ec59a010:'/Users/chensw/Library/Developer/Xcode/Archives/2020-01-15/WildFireChat 2020-1-15, 6.50 PM.xcarchive/Products/Applications/聊8.app/Frameworks/WFChatUIKit.framework/WFChatUIKit'>', hardenedRuntime='0'>'>
2020-01-15 10:50:12 +0000  Skipping stripping extended attributes of item: <IDEDistributionItem: 0x7fa0ecb8a8a0; bundleID='cn.wildfirechat.WFMomentClient', path='<DVTFilePath:0x7fa10f94c420:'/Users/chensw/Library/Developer/Xcode/Archives/2020-01-15/WildFireChat 2020-1-15, 6.50 PM.xcarchive/Products/Applications/聊8.app/Frameworks/WFMomentClient.framework'>', codeSigningInfo='<_DVTCodeSigningInformation_Path: 0x7fa10f7b3360; isSigned='1', isAdHocSigned='0', signingCertificate='<DVTSigningCertificate: 0x7fa1075f6440; name='Apple Development: leiyang wang (7U363Q4Z97)', hash='E48411AE1CAAF3A5171120E94C858991323867C5', serialNumber='2B4B91486129C61', certificateKinds='(
    "1.2.840.113635.100.6.1.12",
    "1.2.840.113635.100.6.1.2"
), issueDate='2020-01-10 12:16:20 +0000''>', entitlements='(null)', teamID='3AC5Z7RJQ3', identifier='cn.wildfirechat.WFMomentClient', executablePath='<DVTFilePath:0x7fa1043b4390:'/Users/chensw/Library/Developer/Xcode/Archives/2020-01-15/WildFireChat 2020-1-15, 6.50 PM.xcarchive/Products/Applications/聊8.app/Frameworks/WFMomentClient.framework/WFMomentClient'>', hardenedRuntime='0'>'>
2020-01-15 10:50:12 +0000  Skipping stripping extended attributes of item: <IDEDistributionItem: 0x7fa0ecea6540; bundleID='cn.wildfirechat.WFMomentUIKit', path='<DVTFilePath:0x7fa1027e7ee0:'/Users/chensw/Library/Developer/Xcode/Archives/2020-01-15/WildFireChat 2020-1-15, 6.50 PM.xcarchive/Products/Applications/聊8.app/Frameworks/WFMomentUIKit.framework'>', codeSigningInfo='<_DVTCodeSigningInformation_Path: 0x7fa10581ccb0; isSigned='1', isAdHocSigned='0', signingCertificate='<DVTSigningCertificate: 0x7fa1075f6440; name='Apple Development: leiyang wang (7U363Q4Z97)', hash='E48411AE1CAAF3A5171120E94C858991323867C5', serialNumber='2B4B91486129C61', certificateKinds='(
    "1.2.840.113635.100.6.1.12",
    "1.2.840.113635.100.6.1.2"
), issueDate='2020-01-10 12:16:20 +0000''>', entitlements='(null)', teamID='3AC5Z7RJQ3', identifier='cn.wildfirechat.WFMomentUIKit', executablePath='<DVTFilePath:0x7fa116e07d30:'/Users/chensw/Library/Developer/Xcode/Archives/2020-01-15/WildFireChat 2020-1-15, 6.50 PM.xcarchive/Products/Applications/聊8.app/Frameworks/WFMomentUIKit.framework/WFMomentUIKit'>', hardenedRuntime='0'>'>
2020-01-15 10:50:12 +0000  Skipping stripping extended attributes of item: <IDEDistributionItem: 0x7fa0ff7d9e80; bundleID='org.webrtc.WebRTC', path='<DVTFilePath:0x7fa108356500:'/Users/chensw/Library/Developer/Xcode/Archives/2020-01-15/WildFireChat 2020-1-15, 6.50 PM.xcarchive/Products/Applications/聊8.app/Frameworks/WebRTC.framework'>', codeSigningInfo='<_DVTCodeSigningInformation_Path: 0x7fa10fe4b750; isSigned='1', isAdHocSigned='0', signingCertificate='<DVTSigningCertificate: 0x7fa1075f6440; name='Apple Development: leiyang wang (7U363Q4Z97)', hash='E48411AE1CAAF3A5171120E94C858991323867C5', serialNumber='2B4B91486129C61', certificateKinds='(
    "1.2.840.113635.100.6.1.12",
    "1.2.840.113635.100.6.1.2"
), issueDate='2020-01-10 12:16:20 +0000''>', entitlements='(null)', teamID='3AC5Z7RJQ3', identifier='org.webrtc.WebRTC', executablePath='<DVTFilePath:0x7fa0eca32c40:'/Users/chensw/Library/Developer/Xcode/Archives/2020-01-15/WildFireChat 2020-1-15, 6.50 PM.xcarchive/Products/Applications/聊8.app/Frameworks/WebRTC.framework/WebRTC'>', hardenedRuntime='0'>'>
2020-01-15 10:50:12 +0000  Running /usr/bin/xattr '-crs' '/var/folders/53/qb55slss0q7f71qwghcz4vr40000gq/T/XcodeDistPipeline.~~~59Ogyg/Root/Payload/聊8.app'
2020-01-15 10:50:12 +0000  /usr/bin/xattr exited with 0
2020-01-15 10:50:12 +0000  Processing step: IDEDistributionCodesignStep
2020-01-15 10:50:12 +0000  Entitlements for <IDEDistributionItem: 0x7fa110d176a0; bundleID='cn.wildfirechat.WFAVEngineKit', path='<DVTFilePath:0x7fa0ebfb7930:'/Users/chensw/Library/Developer/Xcode/Archives/2020-01-15/WildFireChat 2020-1-15, 6.50 PM.xcarchive/Products/Applications/聊8.app/Frameworks/WFAVEngineKit.framework'>', codeSigningInfo='<_DVTCodeSigningInformation_Path: 0x7fa119310b50; isSigned='1', isAdHocSigned='0', signingCertificate='<DVTSigningCertificate: 0x7fa0ec74e850; name='Apple Development: leiyang wang (7U363Q4Z97)', hash='E48411AE1CAAF3A5171120E94C858991323867C5', serialNumber='2B4B91486129C61', certificateKinds='(
    "1.2.840.113635.100.6.1.12",
    "1.2.840.113635.100.6.1.2"
), issueDate='2020-01-10 12:16:20 +0000''>', entitlements='(null)', teamID='3AC5Z7RJQ3', identifier='cn.wildfirechat.WFAVEngineKit', executablePath='<DVTFilePath:0x7fa0ece74030:'/Users/chensw/Library/Developer/Xcode/Archives/2020-01-15/WildFireChat 2020-1-15, 6.50 PM.xcarchive/Products/Applications/聊8.app/Frameworks/WFAVEngineKit.framework/WFAVEngineKit'>', hardenedRuntime='0'>'>: {
}
2020-01-15 10:50:12 +0000  Writing entitlements for <IDEDistributionItem: 0x7fa110d176a0; bundleID='cn.wildfirechat.WFAVEngineKit', path='<DVTFilePath:0x7fa0ebfb7930:'/Users/chensw/Library/Developer/Xcode/Archives/2020-01-15/WildFireChat 2020-1-15, 6.50 PM.xcarchive/Products/Applications/聊8.app/Frameworks/WFAVEngineKit.framework'>', codeSigningInfo='<_DVTCodeSigningInformation_Path: 0x7fa119310b50; isSigned='1', isAdHocSigned='0', signingCertificate='<DVTSigningCertificate: 0x7fa0ebf2ffe0; name='Apple Development: leiyang wang (7U363Q4Z97)', hash='E48411AE1CAAF3A5171120E94C858991323867C5', serialNumber='2B4B91486129C61', certificateKinds='(
    "1.2.840.113635.100.6.1.12",
    "1.2.840.113635.100.6.1.2"
), issueDate='2020-01-10 12:16:20 +0000''>', entitlements='(null)', teamID='3AC5Z7RJQ3', identifier='cn.wildfirechat.WFAVEngineKit', executablePath='<DVTFilePath:0x7fa0ece74030:'/Users/chensw/Library/Developer/Xcode/Archives/2020-01-15/WildFireChat 2020-1-15, 6.50 PM.xcarchive/Products/Applications/聊8.app/Frameworks/WFAVEngineKit.framework/WFAVEngineKit'>', hardenedRuntime='0'>'> to: /var/folders/53/qb55slss0q7f71qwghcz4vr40000gq/T/XcodeDistPipeline.~~~59Ogyg/entitlements~~~Imwavp
2020-01-15 10:50:13 +0000  Running /usr/bin/codesign '-vvv' '--force' '--sign' 'D8C39303ADAA07CD5A441BCEE62A094B53C3240E' '--entitlements' '/var/folders/53/qb55slss0q7f71qwghcz4vr40000gq/T/XcodeDistPipeline.~~~59Ogyg/entitlements~~~Imwavp' '--preserve-metadata=identifier,flags,runtime' '/var/folders/53/qb55slss0q7f71qwghcz4vr40000gq/T/XcodeDistPipeline.~~~59Ogyg/Root/Payload/聊8.app/Frameworks/WFAVEngineKit.framework'
2020-01-15 10:50:13 +0000  /var/folders/53/qb55slss0q7f71qwghcz4vr40000gq/T/XcodeDistPipeline.~~~59Ogyg/Root/Payload/聊8.app/Frameworks/WFAVEngineKit.framework: replacing existing signature
2020-01-15 10:50:13 +0000  /var/folders/53/qb55slss0q7f71qwghcz4vr40000gq/T/XcodeDistPipeline.~~~59Ogyg/Root/Payload/聊8.app/Frameworks/WFAVEngineKit.framework: signed bundle with Mach-O thin (arm64) [cn.wildfirechat.WFAVEngineKit]
2020-01-15 10:50:13 +0000  
2020-01-15 10:50:13 +0000  /usr/bin/codesign exited with 0
2020-01-15 10:50:13 +0000  Entitlements for <IDEDistributionItem: 0x7fa0ebd5c900; bundleID='cn.wildfirechat.WFChatClient', path='<DVTFilePath:0x7fa0ecff62d0:'/Users/chensw/Library/Developer/Xcode/Archives/2020-01-15/WildFireChat 2020-1-15, 6.50 PM.xcarchive/Products/Applications/聊8.app/Frameworks/WFChatClient.framework'>', codeSigningInfo='<_DVTCodeSigningInformation_Path: 0x7fa106ac4280; isSigned='1', isAdHocSigned='0', signingCertificate='<DVTSigningCertificate: 0x7fa0ecd78440; name='Apple Development: leiyang wang (7U363Q4Z97)', hash='E48411AE1CAAF3A5171120E94C858991323867C5', serialNumber='2B4B91486129C61', certificateKinds='(
    "1.2.840.113635.100.6.1.12",
    "1.2.840.113635.100.6.1.2"
), issueDate='2020-01-10 12:16:20 +0000''>', entitlements='(null)', teamID='3AC5Z7RJQ3', identifier='cn.wildfirechat.WFChatClient', executablePath='<DVTFilePath:0x7fa1165ce920:'/Users/chensw/Library/Developer/Xcode/Archives/2020-01-15/WildFireChat 2020-1-15, 6.50 PM.xcarchive/Products/Applications/聊8.app/Frameworks/WFChatClient.framework/WFChatClient'>', hardenedRuntime='0'>'>: {
}
2020-01-15 10:50:13 +0000  Writing entitlements for <IDEDistributionItem: 0x7fa0ebd5c900; bundleID='cn.wildfirechat.WFChatClient', path='<DVTFilePath:0x7fa0ecff62d0:'/Users/chensw/Library/Developer/Xcode/Archives/2020-01-15/WildFireChat 2020-1-15, 6.50 PM.xcarchive/Products/Applications/聊8.app/Frameworks/WFChatClient.framework'>', codeSigningInfo='<_DVTCodeSigningInformation_Path: 0x7fa106ac4280; isSigned='1', isAdHocSigned='0', signingCertificate='<DVTSigningCertificate: 0x7fa0ed933cd0; name='Apple Development: leiyang wang (7U363Q4Z97)', hash='E48411AE1CAAF3A5171120E94C858991323867C5', serialNumber='2B4B91486129C61', certificateKinds='(
    "1.2.840.113635.100.6.1.12",
    "1.2.840.113635.100.6.1.2"
), issueDate='2020-01-10 12:16:20 +0000''>', entitlements='(null)', teamID='3AC5Z7RJQ3', identifier='cn.wildfirechat.WFChatClient', executablePath='<DVTFilePath:0x7fa1165ce920:'/Users/chensw/Library/Developer/Xcode/Archives/2020-01-15/WildFireChat 2020-1-15, 6.50 PM.xcarchive/Products/Applications/聊8.app/Frameworks/WFChatClient.framework/WFChatClient'>', hardenedRuntime='0'>'> to: /var/folders/53/qb55slss0q7f71qwghcz4vr40000gq/T/XcodeDistPipeline.~~~59Ogyg/entitlements~~~puAu6x
2020-01-15 10:50:13 +0000  Running /usr/bin/codesign '-vvv' '--force' '--sign' 'D8C39303ADAA07CD5A441BCEE62A094B53C3240E' '--entitlements' '/var/folders/53/qb55slss0q7f71qwghcz4vr40000gq/T/XcodeDistPipeline.~~~59Ogyg/entitlements~~~puAu6x' '--preserve-metadata=identifier,flags,runtime' '/var/folders/53/qb55slss0q7f71qwghcz4vr40000gq/T/XcodeDistPipeline.~~~59Ogyg/Root/Payload/聊8.app/Frameworks/WFChatClient.framework'
2020-01-15 10:50:13 +0000  /var/folders/53/qb55slss0q7f71qwghcz4vr40000gq/T/XcodeDistPipeline.~~~59Ogyg/Root/Payload/聊8.app/Frameworks/WFChatClient.framework: replacing existing signature
2020-01-15 10:50:13 +0000  /var/folders/53/qb55slss0q7f71qwghcz4vr40000gq/T/XcodeDistPipeline.~~~59Ogyg/Root/Payload/聊8.app/Frameworks/WFChatClient.framework: signed bundle with Mach-O thin (arm64) [cn.wildfirechat.WFChatClient]
2020-01-15 10:50:13 +0000  /usr/bin/codesign exited with 0
2020-01-15 10:50:13 +0000  Entitlements for <IDEDistributionItem: 0x7fa0ede0ec50; bundleID='cn.wildfirechat.WFChatUIKit', path='<DVTFilePath:0x7fa0fe485dd0:'/Users/chensw/Library/Developer/Xcode/Archives/2020-01-15/WildFireChat 2020-1-15, 6.50 PM.xcarchive/Products/Applications/聊8.app/Frameworks/WFChatUIKit.framework'>', codeSigningInfo='<_DVTCodeSigningInformation_Path: 0x7fa0ebf911c0; isSigned='1', isAdHocSigned='0', signingCertificate='<DVTSigningCertificate: 0x7fa104245990; name='Apple Development: leiyang wang (7U363Q4Z97)', hash='E48411AE1CAAF3A5171120E94C858991323867C5', serialNumber='2B4B91486129C61', certificateKinds='(
    "1.2.840.113635.100.6.1.12",
    "1.2.840.113635.100.6.1.2"
), issueDate='2020-01-10 12:16:20 +0000''>', entitlements='(null)', teamID='3AC5Z7RJQ3', identifier='cn.wildfirechat.WFChatUIKit', executablePath='<DVTFilePath:0x7fa0ec59a010:'/Users/chensw/Library/Developer/Xcode/Archives/2020-01-15/WildFireChat 2020-1-15, 6.50 PM.xcarchive/Products/Applications/聊8.app/Frameworks/WFChatUIKit.framework/WFChatUIKit'>', hardenedRuntime='0'>'>: {
}
2020-01-15 10:50:13 +0000  Writing entitlements for <IDEDistributionItem: 0x7fa0ede0ec50; bundleID='cn.wildfirechat.WFChatUIKit', path='<DVTFilePath:0x7fa0fe485dd0:'/Users/chensw/Library/Developer/Xcode/Archives/2020-01-15/WildFireChat 2020-1-15, 6.50 PM.xcarchive/Products/Applications/聊8.app/Frameworks/WFChatUIKit.framework'>', codeSigningInfo='<_DVTCodeSigningInformation_Path: 0x7fa0ebf911c0; isSigned='1', isAdHocSigned='0', signingCertificate='<DVTSigningCertificate: 0x7fa102e8c1f0; name='Apple Development: leiyang wang (7U363Q4Z97)', hash='E48411AE1CAAF3A5171120E94C858991323867C5', serialNumber='2B4B91486129C61', certificateKinds='(
    "1.2.840.113635.100.6.1.12",
    "1.2.840.113635.100.6.1.2"
), issueDate='2020-01-10 12:16:20 +0000''>', entitlements='(null)', teamID='3AC5Z7RJQ3', identifier='cn.wildfirechat.WFChatUIKit', executablePath='<DVTFilePath:0x7fa0ec59a010:'/Users/chensw/Library/Developer/Xcode/Archives/2020-01-15/WildFireChat 2020-1-15, 6.50 PM.xcarchive/Products/Applications/聊8.app/Frameworks/WFChatUIKit.framework/WFChatUIKit'>', hardenedRuntime='0'>'> to: /var/folders/53/qb55slss0q7f71qwghcz4vr40000gq/T/XcodeDistPipeline.~~~59Ogyg/entitlements~~~go1oy1
2020-01-15 10:50:13 +0000  Running /usr/bin/codesign '-vvv' '--force' '--sign' 'D8C39303ADAA07CD5A441BCEE62A094B53C3240E' '--entitlements' '/var/folders/53/qb55slss0q7f71qwghcz4vr40000gq/T/XcodeDistPipeline.~~~59Ogyg/entitlements~~~go1oy1' '--preserve-metadata=identifier,flags,runtime' '/var/folders/53/qb55slss0q7f71qwghcz4vr40000gq/T/XcodeDistPipeline.~~~59Ogyg/Root/Payload/聊8.app/Frameworks/WFChatUIKit.framework'
2020-01-15 10:50:13 +0000  /var/folders/53/qb55slss0q7f71qwghcz4vr40000gq/T/XcodeDistPipeline.~~~59Ogyg/Root/Payload/聊8.app/Frameworks/WFChatUIKit.framework: replacing existing signature
2020-01-15 10:50:13 +0000  /var/folders/53/qb55slss0q7f71qwghcz4vr40000gq/T/XcodeDistPipeline.~~~59Ogyg/Root/Payload/聊8.app/Frameworks/WFChatUIKit.framework: signed bundle with Mach-O thin (arm64) [cn.wildfirechat.WFChatUIKit]
2020-01-15 10:50:13 +0000  /usr/bin/codesign exited with 0
2020-01-15 10:50:13 +0000  Entitlements for <IDEDistributionItem: 0x7fa0ecb8a8a0; bundleID='cn.wildfirechat.WFMomentClient', path='<DVTFilePath:0x7fa10f94c420:'/Users/chensw/Library/Developer/Xcode/Archives/2020-01-15/WildFireChat 2020-1-15, 6.50 PM.xcarchive/Products/Applications/聊8.app/Frameworks/WFMomentClient.framework'>', codeSigningInfo='<_DVTCodeSigningInformation_Path: 0x7fa10f7b3360; isSigned='1', isAdHocSigned='0', signingCertificate='<DVTSigningCertificate: 0x7fa10fac7180; name='Apple Development: leiyang wang (7U363Q4Z97)', hash='E48411AE1CAAF3A5171120E94C858991323867C5', serialNumber='2B4B91486129C61', certificateKinds='(
    "1.2.840.113635.100.6.1.12",
    "1.2.840.113635.100.6.1.2"
), issueDate='2020-01-10 12:16:20 +0000''>', entitlements='(null)', teamID='3AC5Z7RJQ3', identifier='cn.wildfirechat.WFMomentClient', executablePath='<DVTFilePath:0x7fa1043b4390:'/Users/chensw/Library/Developer/Xcode/Archives/2020-01-15/WildFireChat 2020-1-15, 6.50 PM.xcarchive/Products/Applications/聊8.app/Frameworks/WFMomentClient.framework/WFMomentClient'>', hardenedRuntime='0'>'>: {
}
2020-01-15 10:50:13 +0000  Writing entitlements for <IDEDistributionItem: 0x7fa0ecb8a8a0; bundleID='cn.wildfirechat.WFMomentClient', path='<DVTFilePath:0x7fa10f94c420:'/Users/chensw/Library/Developer/Xcode/Archives/2020-01-15/WildFireChat 2020-1-15, 6.50 PM.xcarchive/Products/Applications/聊8.app/Frameworks/WFMomentClient.framework'>', codeSigningInfo='<_DVTCodeSigningInformation_Path: 0x7fa10f7b3360; isSigned='1', isAdHocSigned='0', signingCertificate='<DVTSigningCertificate: 0x7fa0ebf2ffe0; name='Apple Development: leiyang wang (7U363Q4Z97)', hash='E48411AE1CAAF3A5171120E94C858991323867C5', serialNumber='2B4B91486129C61', certificateKinds='(
    "1.2.840.113635.100.6.1.12",
    "1.2.840.113635.100.6.1.2"
), issueDate='2020-01-10 12:16:20 +0000''>', entitlements='(null)', teamID='3AC5Z7RJQ3', identifier='cn.wildfirechat.WFMomentClient', executablePath='<DVTFilePath:0x7fa1043b4390:'/Users/chensw/Library/Developer/Xcode/Archives/2020-01-15/WildFireChat 2020-1-15, 6.50 PM.xcarchive/Products/Applications/聊8.app/Frameworks/WFMomentClient.framework/WFMomentClient'>', hardenedRuntime='0'>'> to: /var/folders/53/qb55slss0q7f71qwghcz4vr40000gq/T/XcodeDistPipeline.~~~59Ogyg/entitlements~~~ZqPMkG
2020-01-15 10:50:13 +0000  Running /usr/bin/codesign '-vvv' '--force' '--sign' 'D8C39303ADAA07CD5A441BCEE62A094B53C3240E' '--entitlements' '/var/folders/53/qb55slss0q7f71qwghcz4vr40000gq/T/XcodeDistPipeline.~~~59Ogyg/entitlements~~~ZqPMkG' '--preserve-metadata=identifier,flags,runtime' '/var/folders/53/qb55slss0q7f71qwghcz4vr40000gq/T/XcodeDistPipeline.~~~59Ogyg/Root/Payload/聊8.app/Frameworks/WFMomentClient.framework'
2020-01-15 10:50:13 +0000  /var/folders/53/qb55slss0q7f71qwghcz4vr40000gq/T/XcodeDistPipeline.~~~59Ogyg/Root/Payload/聊8.app/Frameworks/WFMomentClient.framework: replacing existing signature
2020-01-15 10:50:13 +0000  /var/folders/53/qb55slss0q7f71qwghcz4vr40000gq/T/XcodeDistPipeline.~~~59Ogyg/Root/Payload/聊8.app/Frameworks/WFMomentClient.framework: signed bundle with Mach-O thin (arm64) [cn.wildfirechat.WFMomentClient]
2020-01-15 10:50:13 +0000  /usr/bin/codesign exited with 0
2020-01-15 10:50:13 +0000  Entitlements for <IDEDistributionItem: 0x7fa0ecea6540; bundleID='cn.wildfirechat.WFMomentUIKit', path='<DVTFilePath:0x7fa1027e7ee0:'/Users/chensw/Library/Developer/Xcode/Archives/2020-01-15/WildFireChat 2020-1-15, 6.50 PM.xcarchive/Products/Applications/聊8.app/Frameworks/WFMomentUIKit.framework'>', codeSigningInfo='<_DVTCodeSigningInformation_Path: 0x7fa10581ccb0; isSigned='1', isAdHocSigned='0', signingCertificate='<DVTSigningCertificate: 0x7fa0ed56ce50; name='Apple Development: leiyang wang (7U363Q4Z97)', hash='E48411AE1CAAF3A5171120E94C858991323867C5', serialNumber='2B4B91486129C61', certificateKinds='(
    "1.2.840.113635.100.6.1.12",
    "1.2.840.113635.100.6.1.2"
), issueDate='2020-01-10 12:16:20 +0000''>', entitlements='(null)', teamID='3AC5Z7RJQ3', identifier='cn.wildfirechat.WFMomentUIKit', executablePath='<DVTFilePath:0x7fa116e07d30:'/Users/chensw/Library/Developer/Xcode/Archives/2020-01-15/WildFireChat 2020-1-15, 6.50 PM.xcarchive/Products/Applications/聊8.app/Frameworks/WFMomentUIKit.framework/WFMomentUIKit'>', hardenedRuntime='0'>'>: {
}
2020-01-15 10:50:13 +0000  Writing entitlements for <IDEDistributionItem: 0x7fa0ecea6540; bundleID='cn.wildfirechat.WFMomentUIKit', path='<DVTFilePath:0x7fa1027e7ee0:'/Users/chensw/Library/Developer/Xcode/Archives/2020-01-15/WildFireChat 2020-1-15, 6.50 PM.xcarchive/Products/Applications/聊8.app/Frameworks/WFMomentUIKit.framework'>', codeSigningInfo='<_DVTCodeSigningInformation_Path: 0x7fa10581ccb0; isSigned='1', isAdHocSigned='0', signingCertificate='<DVTSigningCertificate: 0x7fa1075f6440; name='Apple Development: leiyang wang (7U363Q4Z97)', hash='E48411AE1CAAF3A5171120E94C858991323867C5', serialNumber='2B4B91486129C61', certificateKinds='(
    "1.2.840.113635.100.6.1.12",
    "1.2.840.113635.100.6.1.2"
), issueDate='2020-01-10 12:16:20 +0000''>', entitlements='(null)', teamID='3AC5Z7RJQ3', identifier='cn.wildfirechat.WFMomentUIKit', executablePath='<DVTFilePath:0x7fa116e07d30:'/Users/chensw/Library/Developer/Xcode/Archives/2020-01-15/WildFireChat 2020-1-15, 6.50 PM.xcarchive/Products/Applications/聊8.app/Frameworks/WFMomentUIKit.framework/WFMomentUIKit'>', hardenedRuntime='0'>'> to: /var/folders/53/qb55slss0q7f71qwghcz4vr40000gq/T/XcodeDistPipeline.~~~59Ogyg/entitlements~~~UVvbfC
2020-01-15 10:50:13 +0000  Running /usr/bin/codesign '-vvv' '--force' '--sign' 'D8C39303ADAA07CD5A441BCEE62A094B53C3240E' '--entitlements' '/var/folders/53/qb55slss0q7f71qwghcz4vr40000gq/T/XcodeDistPipeline.~~~59Ogyg/entitlements~~~UVvbfC' '--preserve-metadata=identifier,flags,runtime' '/var/folders/53/qb55slss0q7f71qwghcz4vr40000gq/T/XcodeDistPipeline.~~~59Ogyg/Root/Payload/聊8.app/Frameworks/WFMomentUIKit.framework'
2020-01-15 10:50:13 +0000  /var/folders/53/qb55slss0q7f71qwghcz4vr40000gq/T/XcodeDistPipeline.~~~59Ogyg/Root/Payload/聊8.app/Frameworks/WFMomentUIKit.framework: replacing existing signature
2020-01-15 10:50:13 +0000  /var/folders/53/qb55slss0q7f71qwghcz4vr40000gq/T/XcodeDistPipeline.~~~59Ogyg/Root/Payload/聊8.app/Frameworks/WFMomentUIKit.framework: signed bundle with Mach-O thin (arm64) [cn.wildfirechat.WFMomentUIKit]
2020-01-15 10:50:13 +0000  /usr/bin/codesign exited with 0
2020-01-15 10:50:13 +0000  Entitlements for <IDEDistributionItem: 0x7fa0ff7d9e80; bundleID='org.webrtc.WebRTC', path='<DVTFilePath:0x7fa108356500:'/Users/chensw/Library/Developer/Xcode/Archives/2020-01-15/WildFireChat 2020-1-15, 6.50 PM.xcarchive/Products/Applications/聊8.app/Frameworks/WebRTC.framework'>', codeSigningInfo='<_DVTCodeSigningInformation_Path: 0x7fa10fe4b750; isSigned='1', isAdHocSigned='0', signingCertificate='<DVTSigningCertificate: 0x7fa10fac7180; name='Apple Development: leiyang wang (7U363Q4Z97)', hash='E48411AE1CAAF3A5171120E94C858991323867C5', serialNumber='2B4B91486129C61', certificateKinds='(
    "1.2.840.113635.100.6.1.12",
    "1.2.840.113635.100.6.1.2"
), issueDate='2020-01-10 12:16:20 +0000''>', entitlements='(null)', teamID='3AC5Z7RJQ3', identifier='org.webrtc.WebRTC', executablePath='<DVTFilePath:0x7fa0eca32c40:'/Users/chensw/Library/Developer/Xcode/Archives/2020-01-15/WildFireChat 2020-1-15, 6.50 PM.xcarchive/Products/Applications/聊8.app/Frameworks/WebRTC.framework/WebRTC'>', hardenedRuntime='0'>'>: {
}
2020-01-15 10:50:13 +0000  Writing entitlements for <IDEDistributionItem: 0x7fa0ff7d9e80; bundleID='org.webrtc.WebRTC', path='<DVTFilePath:0x7fa108356500:'/Users/chensw/Library/Developer/Xcode/Archives/2020-01-15/WildFireChat 2020-1-15, 6.50 PM.xcarchive/Products/Applications/聊8.app/Frameworks/WebRTC.framework'>', codeSigningInfo='<_DVTCodeSigningInformation_Path: 0x7fa10fe4b750; isSigned='1', isAdHocSigned='0', signingCertificate='<DVTSigningCertificate: 0x7fa107787590; name='Apple Development: leiyang wang (7U363Q4Z97)', hash='E48411AE1CAAF3A5171120E94C858991323867C5', serialNumber='2B4B91486129C61', certificateKinds='(
    "1.2.840.113635.100.6.1.12",
    "1.2.840.113635.100.6.1.2"
), issueDate='2020-01-10 12:16:20 +0000''>', entitlements='(null)', teamID='3AC5Z7RJQ3', identifier='org.webrtc.WebRTC', executablePath='<DVTFilePath:0x7fa0eca32c40:'/Users/chensw/Library/Developer/Xcode/Archives/2020-01-15/WildFireChat 2020-1-15, 6.50 PM.xcarchive/Products/Applications/聊8.app/Frameworks/WebRTC.framework/WebRTC'>', hardenedRuntime='0'>'> to: /var/folders/53/qb55slss0q7f71qwghcz4vr40000gq/T/XcodeDistPipeline.~~~59Ogyg/entitlements~~~DMaY4U
2020-01-15 10:50:13 +0000  Running /usr/bin/codesign '-vvv' '--force' '--sign' 'D8C39303ADAA07CD5A441BCEE62A094B53C3240E' '--entitlements' '/var/folders/53/qb55slss0q7f71qwghcz4vr40000gq/T/XcodeDistPipeline.~~~59Ogyg/entitlements~~~DMaY4U' '--preserve-metadata=identifier,flags,runtime' '/var/folders/53/qb55slss0q7f71qwghcz4vr40000gq/T/XcodeDistPipeline.~~~59Ogyg/Root/Payload/聊8.app/Frameworks/WebRTC.framework'
2020-01-15 10:50:13 +0000  /var/folders/53/qb55slss0q7f71qwghcz4vr40000gq/T/XcodeDistPipeline.~~~59Ogyg/Root/Payload/聊8.app/Frameworks/WebRTC.framework: replacing existing signature
2020-01-15 10:50:13 +0000  /var/folders/53/qb55slss0q7f71qwghcz4vr40000gq/T/XcodeDistPipeline.~~~59Ogyg/Root/Payload/聊8.app/Frameworks/WebRTC.framework: signed bundle with Mach-O thin (arm64) [org.webrtc.WebRTC]
2020-01-15 10:50:13 +0000  /usr/bin/codesign exited with 0
2020-01-15 10:50:13 +0000  Entitlements for <IDEDistributionItem: 0x7fa0edec44b0; bundleID='cn.messange.518', path='<DVTFilePath:0x7fa1105a17b0:'/Users/chensw/Library/Developer/Xcode/Archives/2020-01-15/WildFireChat 2020-1-15, 6.50 PM.xcarchive/Products/Applications/聊8.app'>', codeSigningInfo='<_DVTCodeSigningInformation_Path: 0x7fa0ec9e13f0; isSigned='1', isAdHocSigned='0', signingCertificate='<DVTSigningCertificate: 0x7fa0eca40270; name='Apple Development: leiyang wang (7U363Q4Z97)', hash='E48411AE1CAAF3A5171120E94C858991323867C5', serialNumber='2B4B91486129C61', certificateKinds='(
    "1.2.840.113635.100.6.1.12",
    "1.2.840.113635.100.6.1.2"
), issueDate='2020-01-10 12:16:20 +0000''>', entitlements='{
    "application-identifier" = "3AC5Z7RJQ3.cn.messange.518";
    "aps-environment" = development;
    "com.apple.developer.team-identifier" = 3AC5Z7RJQ3;
    "get-task-allow" = 1;
}', teamID='3AC5Z7RJQ3', identifier='cn.messange.518', executablePath='<DVTFilePath:0x7fa0ecbbf3a0:'/Users/chensw/Library/Developer/Xcode/Archives/2020-01-15/WildFireChat 2020-1-15, 6.50 PM.xcarchive/Products/Applications/聊8.app/聊8'>', hardenedRuntime='0'>'>: {
    "application-identifier" = "3AC5Z7RJQ3.cn.messange.518";
    "aps-environment" = production;
    "com.apple.developer.team-identifier" = 3AC5Z7RJQ3;
    "get-task-allow" = 0;
}
2020-01-15 10:50:13 +0000  Writing entitlements for <IDEDistributionItem: 0x7fa0edec44b0; bundleID='cn.messange.518', path='<DVTFilePath:0x7fa1105a17b0:'/Users/chensw/Library/Developer/Xcode/Archives/2020-01-15/WildFireChat 2020-1-15, 6.50 PM.xcarchive/Products/Applications/聊8.app'>', codeSigningInfo='<_DVTCodeSigningInformation_Path: 0x7fa0ec9e13f0; isSigned='1', isAdHocSigned='0', signingCertificate='<DVTSigningCertificate: 0x7fa0ec023b40; name='Apple Development: leiyang wang (7U363Q4Z97)', hash='E48411AE1CAAF3A5171120E94C858991323867C5', serialNumber='2B4B91486129C61', certificateKinds='(
    "1.2.840.113635.100.6.1.12",
    "1.2.840.113635.100.6.1.2"
), issueDate='2020-01-10 12:16:20 +0000''>', entitlements='{
    "application-identifier" = "3AC5Z7RJQ3.cn.messange.518";
    "aps-environment" = development;
    "com.apple.developer.team-identifier" = 3AC5Z7RJQ3;
    "get-task-allow" = 1;
}', teamID='3AC5Z7RJQ3', identifier='cn.messange.518', executablePath='<DVTFilePath:0x7fa0ecbbf3a0:'/Users/chensw/Library/Developer/Xcode/Archives/2020-01-15/WildFireChat 2020-1-15, 6.50 PM.xcarchive/Products/Applications/聊8.app/聊8'>', hardenedRuntime='0'>'> to: /var/folders/53/qb55slss0q7f71qwghcz4vr40000gq/T/XcodeDistPipeline.~~~59Ogyg/entitlements~~~C63ji2
2020-01-15 10:50:13 +0000  Running /usr/bin/codesign '-vvv' '--force' '--sign' 'D8C39303ADAA07CD5A441BCEE62A094B53C3240E' '--entitlements' '/var/folders/53/qb55slss0q7f71qwghcz4vr40000gq/T/XcodeDistPipeline.~~~59Ogyg/entitlements~~~C63ji2' '--preserve-metadata=identifier,flags,runtime' '/var/folders/53/qb55slss0q7f71qwghcz4vr40000gq/T/XcodeDistPipeline.~~~59Ogyg/Root/Payload/聊8.app'
2020-01-15 10:50:13 +0000  /var/folders/53/qb55slss0q7f71qwghcz4vr40000gq/T/XcodeDistPipeline.~~~59Ogyg/Root/Payload/聊8.app: replacing existing signature
2020-01-15 10:50:13 +0000  /var/folders/53/qb55slss0q7f71qwghcz4vr40000gq/T/XcodeDistPipeline.~~~59Ogyg/Root/Payload/聊8.app: signed app bundle with Mach-O thin (arm64) [cn.messange.518]
2020-01-15 10:50:13 +0000  
2020-01-15 10:50:13 +0000  /usr/bin/codesign exited with 0
2020-01-15 10:50:13 +0000  Processing step: IDEDistributionZipODRItemStep
2020-01-15 10:50:13 +0000  Skipping step: IDEDistributionZipODRItemStep because it said so
2020-01-15 10:50:13 +0000  Skipping step: IDEDistributionZipODRItemStep because it said so
2020-01-15 10:50:13 +0000  Skipping step: IDEDistributionZipODRItemStep because it said so
2020-01-15 10:50:13 +0000  Skipping step: IDEDistributionZipODRItemStep because it said so
2020-01-15 10:50:13 +0000  Skipping step: IDEDistributionZipODRItemStep because it said so
2020-01-15 10:50:13 +0000  Skipping step: IDEDistributionZipODRItemStep because it said so
2020-01-15 10:50:13 +0000  Skipping step: IDEDistributionZipODRItemStep because it said so
2020-01-15 10:50:13 +0000  Processing step: IDEDistributionCreateIPAStep
2020-01-15 10:50:13 +0000  Running /usr/bin/ditto '-V' '-c' '-k' '--norsrc' '/var/folders/53/qb55slss0q7f71qwghcz4vr40000gq/T/XcodeDistPipeline.~~~59Ogyg/Root' '/var/folders/53/qb55slss0q7f71qwghcz4vr40000gq/T/XcodeDistPipeline.~~~59Ogyg/Packages/WildFireChat.ipa'
2020-01-15 10:50:13 +0000  >>> Copying /var/folders/53/qb55slss0q7f71qwghcz4vr40000gq/T/XcodeDistPipeline.~~~59Ogyg/Root 
2020-01-15 10:50:13 +0000  copying file ./Payload/聊8.app/_CodeSignature/CodeResources ... 
2020-01-15 10:50:13 +0000  38375 bytes for ./Payload/聊8.app/_CodeSignature/CodeResources
2020-01-15 10:50:13 +0000  copying file ./Payload/聊8.app/CodeScan.bundle/qrcode_scan_full_net.png ... 
2020-01-15 10:50:13 +0000  4878 bytes for ./Payload/聊8.app/CodeScan.bundle/qrcode_scan_full_net.png
2020-01-15 10:50:13 +0000  copying file ./Payload/聊8.app/CodeScan.bundle/qrcode_scan_btn_scan_off@2x.png ... 
2020-01-15 10:50:13 +0000  956 bytes for ./Payload/聊8.app/CodeScan.bundle/qrcode_scan_btn_scan_off@2x.png
copying file ./Payload/聊8.app/CodeScan.bundle/device_scan@2x.png ... 
2020-01-15 10:50:13 +0000  336 bytes for ./Payload/聊8.app/CodeScan.bundle/device_scan@2x.png
copying file ./Payload/聊8.app/CodeScan.bundle/qrcode_scan_btn_photo_down@2x.png ... 
2020-01-15 10:50:13 +0000  980 bytes for ./Payload/聊8.app/CodeScan.bundle/qrcode_scan_btn_photo_down@2x.png
2020-01-15 10:50:13 +0000  copying file ./Payload/聊8.app/CodeScan.bundle/qrcode_scan_btn_myqrcode_nor@2x.png ... 
2020-01-15 10:50:13 +0000  1603 bytes for ./Payload/聊8.app/CodeScan.bundle/qrcode_scan_btn_myqrcode_nor@2x.png
copying file ./Payload/聊8.app/CodeScan.bundle/qrcode_scan_btn_photo_nor@2x.png ... 
2020-01-15 10:50:13 +0000  1243 bytes for ./Payload/聊8.app/CodeScan.bundle/qrcode_scan_btn_photo_nor@2x.png
2020-01-15 10:50:13 +0000  copying file ./Payload/聊8.app/CodeScan.bundle/qrcode_scan_btn_myqrcode_down@2x.png ... 
2020-01-15 10:50:13 +0000  1327 bytes for ./Payload/聊8.app/CodeScan.bundle/qrcode_scan_btn_myqrcode_down@2x.png
copying file ./Payload/聊8.app/CodeScan.bundle/qrcode_scan_btn_flash_down@2x.png ... 
2020-01-15 10:50:13 +0000  938 bytes for ./Payload/聊8.app/CodeScan.bundle/qrcode_scan_btn_flash_down@2x.png
copying file ./Payload/聊8.app/CodeScan.bundle/qrcode_Scan_weixin_Line@2x.png ... 
2020-01-15 10:50:13 +0000  1500 bytes for ./Payload/聊8.app/CodeScan.bundle/qrcode_Scan_weixin_Line@2x.png
2020-01-15 10:50:13 +0000  copying file ./Payload/聊8.app/CodeScan.bundle/qrcode_scan_part_net.png ... 
2020-01-15 10:50:13 +0000  4637 bytes for ./Payload/聊8.app/CodeScan.bundle/qrcode_scan_part_net.png
2020-01-15 10:50:13 +0000  copying file ./Payload/聊8.app/CodeScan.bundle/qrcode_scan_btn_flash_nor@2x.png ... 
2020-01-15 10:50:13 +0000  1173 bytes for ./Payload/聊8.app/CodeScan.bundle/qrcode_scan_btn_flash_nor@2x.png
copying file ./Payload/聊8.app/CodeScan.bundle/qrcode_scan_titlebar_back_nor@2x.png ... 
2020-01-15 10:50:13 +0000  185 bytes for ./Payload/聊8.app/CodeScan.bundle/qrcode_scan_titlebar_back_nor@2x.png
copying file ./Payload/聊8.app/CodeScan.bundle/qrcode_scan_titlebar_back_pressed@2x.png ... 
2020-01-15 10:50:13 +0000  164 bytes for ./Payload/聊8.app/CodeScan.bundle/qrcode_scan_titlebar_back_pressed@2x.png
copying file ./Payload/聊8.app/CodeScan.bundle/qrcode_scan_light_green@2x.png ... 
2020-01-15 10:50:13 +0000  801 bytes for ./Payload/聊8.app/CodeScan.bundle/qrcode_scan_light_green@2x.png
2020-01-15 10:50:13 +0000  copying file ./Payload/聊8.app/zh-Hans.lproj/wfc.strings ... 
2020-01-15 10:50:13 +0000  6021 bytes for ./Payload/聊8.app/zh-Hans.lproj/wfc.strings
2020-01-15 10:50:13 +0000  copying file ./Payload/聊8.app/zh-Hans.lproj/InfoPlist.strings ... 
2020-01-15 10:50:13 +0000  588 bytes for ./Payload/聊8.app/zh-Hans.lproj/InfoPlist.strings
copying file ./Payload/聊8.app/LaunchImage-1100-Portrait-2436h@3x.png ... 
2020-01-15 10:50:13 +0000  145172 bytes for ./Payload/聊8.app/LaunchImage-1100-Portrait-2436h@3x.png
2020-01-15 10:50:13 +0000  copying file ./Payload/聊8.app/LICENSE.md ... 
2020-01-15 10:50:13 +0000  43261 bytes for ./Payload/聊8.app/LICENSE.md
2020-01-15 10:50:13 +0000  copying file ./Payload/聊8.app/en.lproj/wfc.strings ... 
2020-01-15 10:50:13 +0000  6395 bytes for ./Payload/聊8.app/en.lproj/wfc.strings
2020-01-15 10:50:13 +0000  copying file ./Payload/聊8.app/en.lproj/InfoPlist.strings ... 
2020-01-15 10:50:13 +0000  615 bytes for ./Payload/聊8.app/en.lproj/InfoPlist.strings
copying file ./Payload/聊8.app/shengshi.plist ... 
2020-01-15 10:50:13 +0000  401 bytes for ./Payload/聊8.app/shengshi.plist
2020-01-15 10:50:13 +0000  copying file ./Payload/聊8.app/ring.mp3 ... 
2020-01-15 10:50:13 +0000  108204 bytes for ./Payload/聊8.app/ring.mp3
2020-01-15 10:50:13 +0000  copying file ./Payload/聊8.app/AppIcon60x60@2x.png ... 
2020-01-15 10:50:13 +0000  15727 bytes for ./Payload/聊8.app/AppIcon60x60@2x.png
2020-01-15 10:50:13 +0000  copying file ./Payload/聊8.app/Stickers.bundle/B数.png ... 
2020-01-15 10:50:13 +0000  14566 bytes for ./Payload/聊8.app/Stickers.bundle/B数.png
2020-01-15 10:50:13 +0000  copying file ./Payload/聊8.app/Stickers.bundle/B数/你以前不是这样子的.jpg ... 
2020-01-15 10:50:13 +0000  3535 bytes for ./Payload/聊8.app/Stickers.bundle/B数/你以前不是这样子的.jpg
2020-01-15 10:50:13 +0000  copying file ./Payload/聊8.app/Stickers.bundle/B数/B数，没有，我很膨胀.png ... 
2020-01-15 10:50:13 +0000  14566 bytes for ./Payload/聊8.app/Stickers.bundle/B数/B数，没有，我很膨胀.png
2020-01-15 10:50:13 +0000  copying file ./Payload/聊8.app/Stickers.bundle/B数/宝宝委屈，宝宝心里苦，宝宝不说.jpg ... 
2020-01-15 10:50:13 +0000  8311 bytes for ./Payload/聊8.app/Stickers.bundle/B数/宝宝委屈，宝宝心里苦，宝宝不说.jpg
2020-01-15 10:50:13 +0000  copying file ./Payload/聊8.app/Stickers.bundle/B数/心里没有一点B数吗.jpg ... 
2020-01-15 10:50:13 +0000  6929 bytes for ./Payload/聊8.app/Stickers.bundle/B数/心里没有一点B数吗.jpg
2020-01-15 10:50:13 +0000  copying file ./Payload/聊8.app/Stickers.bundle/B数/有没有B数，你心里没有点B数吗.png ... 
2020-01-15 10:50:13 +0000  75926 bytes for ./Payload/聊8.app/Stickers.bundle/B数/有没有B数，你心里没有点B数吗.png
2020-01-15 10:50:13 +0000  copying file ./Payload/聊8.app/Stickers.bundle/B数/委屈地哭了起来.jpg ... 
2020-01-15 10:50:13 +0000  13327 bytes for ./Payload/聊8.app/Stickers.bundle/B数/委屈地哭了起来.jpg
2020-01-15 10:50:13 +0000  copying file ./Payload/聊8.app/Stickers.bundle/B数/宝宝委屈，但宝宝不说.jpg ... 
2020-01-15 10:50:13 +0000  50177 bytes for ./Payload/聊8.app/Stickers.bundle/B数/宝宝委屈，但宝宝不说.jpg
2020-01-15 10:50:13 +0000  copying file ./Payload/聊8.app/Stickers.bundle/B数/自己心里没有一点B数吗.jpg ... 
2020-01-15 10:50:13 +0000  7440 bytes for ./Payload/聊8.app/Stickers.bundle/B数/自己心里没有一点B数吗.jpg
2020-01-15 10:50:13 +0000  copying file ./Payload/聊8.app/Stickers.bundle/B数/本宝宝不开心了，本宝宝有小情绪了.jpeg ... 
2020-01-15 10:50:13 +0000  49854 bytes for ./Payload/聊8.app/Stickers.bundle/B数/本宝宝不开心了，本宝宝有小情绪了.jpeg
2020-01-15 10:50:13 +0000  copying file ./Payload/聊8.app/Stickers.bundle/B数/宝宝心里苦，但宝宝说了.png ... 
2020-01-15 10:50:13 +0000  123421 bytes for ./Payload/聊8.app/Stickers.bundle/B数/宝宝心里苦，但宝宝说了.png
2020-01-15 10:50:13 +0000  copying file ./Payload/聊8.app/Stickers.bundle/B数/心里难道没有一点B数吗.jpg ... 
2020-01-15 10:50:13 +0000  10968 bytes for ./Payload/聊8.app/Stickers.bundle/B数/心里难道没有一点B数吗.jpg
copying file ./Payload/聊8.app/Emoj.plist ... 
2020-01-15 10:50:13 +0000  1033 bytes for ./Payload/聊8.app/Emoj.plist
copying file ./Payload/聊8.app/LaunchImage-800-667h@2x.png ... 
2020-01-15 10:50:13 +0000  59352 bytes for ./Payload/聊8.app/LaunchImage-800-667h@2x.png
2020-01-15 10:50:13 +0000  copying file ./Payload/聊8.app/LaunchImage-1200-Portrait-2688h@3x.png ... 
2020-01-15 10:50:13 +0000  147647 bytes for ./Payload/聊8.app/LaunchImage-1200-Portrait-2688h@3x.png
2020-01-15 10:50:13 +0000  copying file ./Payload/聊8.app/foreman.mp4 ... 
2020-01-15 10:50:13 +0000  546651 bytes for ./Payload/聊8.app/foreman.mp4
2020-01-15 10:50:13 +0000  copying file ./Payload/聊8.app/AppIcon60x60@3x.png ... 
2020-01-15 10:50:13 +0000  22768 bytes for ./Payload/聊8.app/AppIcon60x60@3x.png
2020-01-15 10:50:13 +0000  copying file ./Payload/聊8.app/Base.lproj/Main.storyboardc/UIViewController-BYZ-38-t0r.nib/objects-13.0+.nib ... 
2020-01-15 10:50:13 +0000  805 bytes for ./Payload/聊8.app/Base.lproj/Main.storyboardc/UIViewController-BYZ-38-t0r.nib/objects-13.0+.nib
copying file ./Payload/聊8.app/Base.lproj/Main.storyboardc/UIViewController-BYZ-38-t0r.nib/runtime.nib ... 
2020-01-15 10:50:13 +0000  805 bytes for ./Payload/聊8.app/Base.lproj/Main.storyboardc/UIViewController-BYZ-38-t0r.nib/runtime.nib
2020-01-15 10:50:13 +0000  copying file ./Payload/聊8.app/Base.lproj/Main.storyboardc/Info.plist ... 
258 bytes for ./Payload/聊8.app/Base.lproj/Main.storyboardc/Info.plist
2020-01-15 10:50:13 +0000  copying file ./Payload/聊8.app/Base.lproj/LaunchScreen.storyboardc/01J-lp-oVM-view-Ze5-6b-2t3.nib/objects-13.0+.nib ... 
2020-01-15 10:50:13 +0000  3791 bytes for ./Payload/聊8.app/Base.lproj/LaunchScreen.storyboardc/01J-lp-oVM-view-Ze5-6b-2t3.nib/objects-13.0+.nib
2020-01-15 10:50:13 +0000  copying file ./Payload/聊8.app/Base.lproj/LaunchScreen.storyboardc/01J-lp-oVM-view-Ze5-6b-2t3.nib/runtime.nib ... 
2020-01-15 10:50:13 +0000  3785 bytes for ./Payload/聊8.app/Base.lproj/LaunchScreen.storyboardc/01J-lp-oVM-view-Ze5-6b-2t3.nib/runtime.nib
2020-01-15 10:50:13 +0000  copying file ./Payload/聊8.app/Base.lproj/LaunchScreen.storyboardc/UIViewController-01J-lp-oVM.nib/objects-13.0+.nib ... 
2020-01-15 10:50:13 +0000  896 bytes for ./Payload/聊8.app/Base.lproj/LaunchScreen.storyboardc/UIViewController-01J-lp-oVM.nib/objects-13.0+.nib
2020-01-15 10:50:13 +0000  copying file ./Payload/聊8.app/Base.lproj/LaunchScreen.storyboardc/UIViewController-01J-lp-oVM.nib/runtime.nib ... 
2020-01-15 10:50:13 +0000  896 bytes for ./Payload/聊8.app/Base.lproj/LaunchScreen.storyboardc/UIViewController-01J-lp-oVM.nib/runtime.nib
copying file ./Payload/聊8.app/Base.lproj/LaunchScreen.storyboardc/Info.plist ... 
2020-01-15 10:50:13 +0000  258 bytes for ./Payload/聊8.app/Base.lproj/LaunchScreen.storyboardc/Info.plist
2020-01-15 10:50:13 +0000  copying file ./Payload/聊8.app/Assets.car ... 
2020-01-15 10:50:14 +0000  1908064 bytes for ./Payload/聊8.app/Assets.car
copying file ./Payload/聊8.app/LaunchImage-800-Portrait-736h@3x.png ... 
2020-01-15 10:50:14 +0000  150379 bytes for ./Payload/聊8.app/LaunchImage-800-Portrait-736h@3x.png
2020-01-15 10:50:14 +0000  copying file ./Payload/聊8.app/LaunchImage-700@2x.png ... 
2020-01-15 10:50:14 +0000  40702 bytes for ./Payload/聊8.app/LaunchImage-700@2x.png
2020-01-15 10:50:14 +0000  copying file ./Payload/聊8.app/WFCUShareMessageView.nib/objects-13.0+.nib ... 
2020-01-15 10:50:14 +0000  7897 bytes for ./Payload/聊8.app/WFCUShareMessageView.nib/objects-13.0+.nib
2020-01-15 10:50:14 +0000  copying file ./Payload/聊8.app/WFCUShareMessageView.nib/runtime.nib ... 
2020-01-15 10:50:14 +0000  7901 bytes for ./Payload/聊8.app/WFCUShareMessageView.nib/runtime.nib
2020-01-15 10:50:14 +0000  copying file ./Payload/聊8.app/MyLoginViewController.nib/objects-13.0+.nib ... 
2020-01-15 10:50:14 +0000  7226 bytes for ./Payload/聊8.app/MyLoginViewController.nib/objects-13.0+.nib
2020-01-15 10:50:14 +0000  copying file ./Payload/聊8.app/MyLoginViewController.nib/runtime.nib ... 
2020-01-15 10:50:14 +0000  7215 bytes for ./Payload/聊8.app/MyLoginViewController.nib/runtime.nib
2020-01-15 10:50:14 +0000  copying file ./Payload/聊8.app/LaunchImage-1200-Portrait-1792h@2x.png ... 
2020-01-15 10:50:14 +0000  78217 bytes for ./Payload/聊8.app/LaunchImage-1200-Portrait-1792h@2x.png
2020-01-15 10:50:14 +0000  copying file ./Payload/聊8.app/Frameworks/WFChatUIKit.framework/_CodeSignature/CodeResources ... 
2020-01-15 10:50:14 +0000  8552 bytes for ./Payload/聊8.app/Frameworks/WFChatUIKit.framework/_CodeSignature/CodeResources
2020-01-15 10:50:14 +0000  copying file ./Payload/聊8.app/Frameworks/WFChatUIKit.framework/zh-Hans.lproj/wfc.strings ... 
2020-01-15 10:50:14 +0000  6021 bytes for ./Payload/聊8.app/Frameworks/WFChatUIKit.framework/zh-Hans.lproj/wfc.strings
2020-01-15 10:50:14 +0000  copying file ./Payload/聊8.app/Frameworks/WFChatUIKit.framework/LICENSE.md ... 
2020-01-15 10:50:14 +0000  43261 bytes for ./Payload/聊8.app/Frameworks/WFChatUIKit.framework/LICENSE.md
2020-01-15 10:50:14 +0000  copying file ./Payload/聊8.app/Frameworks/WFChatUIKit.framework/en.lproj/wfc.strings ... 
2020-01-15 10:50:14 +0000  6395 bytes for ./Payload/聊8.app/Frameworks/WFChatUIKit.framework/en.lproj/wfc.strings
2020-01-15 10:50:14 +0000  copying file ./Payload/聊8.app/Frameworks/WFChatUIKit.framework/Stickers.bundle/B数.png ... 
2020-01-15 10:50:14 +0000  14566 bytes for ./Payload/聊8.app/Frameworks/WFChatUIKit.framework/Stickers.bundle/B数.png
2020-01-15 10:50:14 +0000  copying file ./Payload/聊8.app/Frameworks/WFChatUIKit.framework/Stickers.bundle/B数/你以前不是这样子的.jpg ... 
2020-01-15 10:50:14 +0000  3535 bytes for ./Payload/聊8.app/Frameworks/WFChatUIKit.framework/Stickers.bundle/B数/你以前不是这样子的.jpg
2020-01-15 10:50:14 +0000  copying file ./Payload/聊8.app/Frameworks/WFChatUIKit.framework/Stickers.bundle/B数/B数，没有，我很膨胀.png ... 
2020-01-15 10:50:14 +0000  14566 bytes for ./Payload/聊8.app/Frameworks/WFChatUIKit.framework/Stickers.bundle/B数/B数，没有，我很膨胀.png
2020-01-15 10:50:14 +0000  copying file ./Payload/聊8.app/Frameworks/WFChatUIKit.framework/Stickers.bundle/B数/宝宝委屈，宝宝心里苦，宝宝不说.jpg ... 
2020-01-15 10:50:14 +0000  8311 bytes for ./Payload/聊8.app/Frameworks/WFChatUIKit.framework/Stickers.bundle/B数/宝宝委屈，宝宝心里苦，宝宝不说.jpg
copying file ./Payload/聊8.app/Frameworks/WFChatUIKit.framework/Stickers.bundle/B数/心里没有一点B数吗.jpg ... 
2020-01-15 10:50:14 +0000  6929 bytes for ./Payload/聊8.app/Frameworks/WFChatUIKit.framework/Stickers.bundle/B数/心里没有一点B数吗.jpg
2020-01-15 10:50:14 +0000  copying file ./Payload/聊8.app/Frameworks/WFChatUIKit.framework/Stickers.bundle/B数/有没有B数，你心里没有点B数吗.png ... 
2020-01-15 10:50:14 +0000  75926 bytes for ./Payload/聊8.app/Frameworks/WFChatUIKit.framework/Stickers.bundle/B数/有没有B数，你心里没有点B数吗.png
2020-01-15 10:50:14 +0000  copying file ./Payload/聊8.app/Frameworks/WFChatUIKit.framework/Stickers.bundle/B数/委屈地哭了起来.jpg ... 
2020-01-15 10:50:14 +0000  13327 bytes for ./Payload/聊8.app/Frameworks/WFChatUIKit.framework/Stickers.bundle/B数/委屈地哭了起来.jpg
2020-01-15 10:50:14 +0000  copying file ./Payload/聊8.app/Frameworks/WFChatUIKit.framework/Stickers.bundle/B数/宝宝委屈，但宝宝不说.jpg ... 
2020-01-15 10:50:14 +0000  50177 bytes for ./Payload/聊8.app/Frameworks/WFChatUIKit.framework/Stickers.bundle/B数/宝宝委屈，但宝宝不说.jpg
2020-01-15 10:50:14 +0000  copying file ./Payload/聊8.app/Frameworks/WFChatUIKit.framework/Stickers.bundle/B数/自己心里没有一点B数吗.jpg ... 
2020-01-15 10:50:14 +0000  7440 bytes for ./Payload/聊8.app/Frameworks/WFChatUIKit.framework/Stickers.bundle/B数/自己心里没有一点B数吗.jpg
2020-01-15 10:50:14 +0000  copying file ./Payload/聊8.app/Frameworks/WFChatUIKit.framework/Stickers.bundle/B数/本宝宝不开心了，本宝宝有小情绪了.jpeg ... 
2020-01-15 10:50:14 +0000  49854 bytes for ./Payload/聊8.app/Frameworks/WFChatUIKit.framework/Stickers.bundle/B数/本宝宝不开心了，本宝宝有小情绪了.jpeg
2020-01-15 10:50:14 +0000  copying file ./Payload/聊8.app/Frameworks/WFChatUIKit.framework/Stickers.bundle/B数/宝宝心里苦，但宝宝说了.png ... 
2020-01-15 10:50:14 +0000  123421 bytes for ./Payload/聊8.app/Frameworks/WFChatUIKit.framework/Stickers.bundle/B数/宝宝心里苦，但宝宝说了.png
2020-01-15 10:50:14 +0000  copying file ./Payload/聊8.app/Frameworks/WFChatUIKit.framework/Stickers.bundle/B数/心里难道没有一点B数吗.jpg ... 
2020-01-15 10:50:14 +0000  10968 bytes for ./Payload/聊8.app/Frameworks/WFChatUIKit.framework/Stickers.bundle/B数/心里难道没有一点B数吗.jpg
2020-01-15 10:50:14 +0000  copying file ./Payload/聊8.app/Frameworks/WFChatUIKit.framework/Emoj.plist ... 
2020-01-15 10:50:14 +0000  1033 bytes for ./Payload/聊8.app/Frameworks/WFChatUIKit.framework/Emoj.plist
2020-01-15 10:50:14 +0000  copying file ./Payload/聊8.app/Frameworks/WFChatUIKit.framework/WFChatUIKit ... 
2020-01-15 10:50:14 +0000  3646432 bytes for ./Payload/聊8.app/Frameworks/WFChatUIKit.framework/WFChatUIKit
2020-01-15 10:50:14 +0000  copying file ./Payload/聊8.app/Frameworks/WFChatUIKit.framework/Assets.car ... 
2020-01-15 10:50:14 +0000  441008 bytes for ./Payload/聊8.app/Frameworks/WFChatUIKit.framework/Assets.car
2020-01-15 10:50:14 +0000  copying file ./Payload/聊8.app/Frameworks/WFChatUIKit.framework/WFCUShareMessageView.nib/objects-13.0+.nib ... 
2020-01-15 10:50:14 +0000  7894 bytes for ./Payload/聊8.app/Frameworks/WFChatUIKit.framework/WFCUShareMessageView.nib/objects-13.0+.nib
2020-01-15 10:50:14 +0000  copying file ./Payload/聊8.app/Frameworks/WFChatUIKit.framework/WFCUShareMessageView.nib/runtime.nib ... 
2020-01-15 10:50:14 +0000  7899 bytes for ./Payload/聊8.app/Frameworks/WFChatUIKit.framework/WFCUShareMessageView.nib/runtime.nib
2020-01-15 10:50:14 +0000  copying file ./Payload/聊8.app/Frameworks/WFChatUIKit.framework/Info.plist ... 
2020-01-15 10:50:14 +0000  760 bytes for ./Payload/聊8.app/Frameworks/WFChatUIKit.framework/Info.plist
2020-01-15 10:50:14 +0000  copying file ./Payload/聊8.app/Frameworks/WFAVEngineKit.framework/_CodeSignature/CodeResources ... 
2020-01-15 10:50:14 +0000  2084 bytes for ./Payload/聊8.app/Frameworks/WFAVEngineKit.framework/_CodeSignature/CodeResources
2020-01-15 10:50:14 +0000  copying file ./Payload/聊8.app/Frameworks/WFAVEngineKit.framework/LICENSE.md ... 
2020-01-15 10:50:14 +0000  43261 bytes for ./Payload/聊8.app/Frameworks/WFAVEngineKit.framework/LICENSE.md
2020-01-15 10:50:14 +0000  copying file ./Payload/聊8.app/Frameworks/WFAVEngineKit.framework/WFAVEngineKit ... 
2020-01-15 10:50:14 +0000  301584 bytes for ./Payload/聊8.app/Frameworks/WFAVEngineKit.framework/WFAVEngineKit
2020-01-15 10:50:14 +0000  copying file ./Payload/聊8.app/Frameworks/WFAVEngineKit.framework/Info.plist ... 
2020-01-15 10:50:14 +0000  762 bytes for ./Payload/聊8.app/Frameworks/WFAVEngineKit.framework/Info.plist
2020-01-15 10:50:14 +0000  copying file ./Payload/聊8.app/Frameworks/WebRTC.framework/_CodeSignature/CodeResources ... 
2020-01-15 10:50:14 +0000  2084 bytes for ./Payload/聊8.app/Frameworks/WebRTC.framework/_CodeSignature/CodeResources
2020-01-15 10:50:14 +0000  copying file ./Payload/聊8.app/Frameworks/WebRTC.framework/LICENSE.md ... 
2020-01-15 10:50:14 +0000  43916 bytes for ./Payload/聊8.app/Frameworks/WebRTC.framework/LICENSE.md
2020-01-15 10:50:14 +0000  copying file ./Payload/聊8.app/Frameworks/WebRTC.framework/WebRTC ... 
2020-01-15 10:50:14 +0000  5337872 bytes for ./Payload/聊8.app/Frameworks/WebRTC.framework/WebRTC
2020-01-15 10:50:14 +0000  copying file ./Payload/聊8.app/Frameworks/WebRTC.framework/Info.plist ... 
2020-01-15 10:50:14 +0000  780 bytes for ./Payload/聊8.app/Frameworks/WebRTC.framework/Info.plist
2020-01-15 10:50:14 +0000  copying file ./Payload/聊8.app/Frameworks/WFChatClient.framework/_CodeSignature/CodeResources ... 
2020-01-15 10:50:14 +0000  1798 bytes for ./Payload/聊8.app/Frameworks/WFChatClient.framework/_CodeSignature/CodeResources
2020-01-15 10:50:14 +0000  copying file ./Payload/聊8.app/Frameworks/WFChatClient.framework/WFChatClient ... 
2020-01-15 10:50:15 +0000  6575632 bytes for ./Payload/聊8.app/Frameworks/WFChatClient.framework/WFChatClient
2020-01-15 10:50:15 +0000  copying file ./Payload/聊8.app/Frameworks/WFChatClient.framework/Info.plist ... 
2020-01-15 10:50:15 +0000  762 bytes for ./Payload/聊8.app/Frameworks/WFChatClient.framework/Info.plist
2020-01-15 10:50:15 +0000  copying file ./Payload/聊8.app/Frameworks/WFMomentUIKit.framework/_CodeSignature/CodeResources ... 
2020-01-15 10:50:15 +0000  1798 bytes for ./Payload/聊8.app/Frameworks/WFMomentUIKit.framework/_CodeSignature/CodeResources
2020-01-15 10:50:15 +0000  copying file ./Payload/聊8.app/Frameworks/WFMomentUIKit.framework/WFMomentUIKit ... 
2020-01-15 10:50:15 +0000  52528 bytes for ./Payload/聊8.app/Frameworks/WFMomentUIKit.framework/WFMomentUIKit
2020-01-15 10:50:15 +0000  copying file ./Payload/聊8.app/Frameworks/WFMomentUIKit.framework/Info.plist ... 
2020-01-15 10:50:15 +0000  758 bytes for ./Payload/聊8.app/Frameworks/WFMomentUIKit.framework/Info.plist
2020-01-15 10:50:15 +0000  copying file ./Payload/聊8.app/Frameworks/WFMomentClient.framework/_CodeSignature/CodeResources ... 
2020-01-15 10:50:15 +0000  1798 bytes for ./Payload/聊8.app/Frameworks/WFMomentClient.framework/_CodeSignature/CodeResources
2020-01-15 10:50:15 +0000  copying file ./Payload/聊8.app/Frameworks/WFMomentClient.framework/WFMomentClient ... 
2020-01-15 10:50:15 +0000  52544 bytes for ./Payload/聊8.app/Frameworks/WFMomentClient.framework/WFMomentClient
2020-01-15 10:50:15 +0000  copying file ./Payload/聊8.app/Frameworks/WFMomentClient.framework/Info.plist ... 
2020-01-15 10:50:15 +0000  760 bytes for ./Payload/聊8.app/Frameworks/WFMomentClient.framework/Info.plist
copying file ./Payload/聊8.app/embedded.mobileprovision ... 
2020-01-15 10:50:15 +0000  9468 bytes for ./Payload/聊8.app/embedded.mobileprovision
copying file ./Payload/聊8.app/ring.caf ... 
2020-01-15 10:50:15 +0000  221254 bytes for ./Payload/聊8.app/ring.caf
2020-01-15 10:50:15 +0000  copying file ./Payload/聊8.app/LaunchImage-800-Landscape-736h@3x.png ... 
2020-01-15 10:50:15 +0000  149622 bytes for ./Payload/聊8.app/LaunchImage-800-Landscape-736h@3x.png
2020-01-15 10:50:15 +0000  copying file ./Payload/聊8.app/MyEditPasswordViewController.nib/objects-13.0+.nib ... 
2020-01-15 10:50:15 +0000  6441 bytes for ./Payload/聊8.app/MyEditPasswordViewController.nib/objects-13.0+.nib
2020-01-15 10:50:15 +0000  copying file ./Payload/聊8.app/MyEditPasswordViewController.nib/runtime.nib ... 
2020-01-15 10:50:15 +0000  6436 bytes for ./Payload/聊8.app/MyEditPasswordViewController.nib/runtime.nib
2020-01-15 10:50:15 +0000  copying file ./Payload/聊8.app/Info.plist ... 
2020-01-15 10:50:15 +0000  2592 bytes for ./Payload/聊8.app/Info.plist
2020-01-15 10:50:15 +0000  copying file ./Payload/聊8.app/PkgInfo ... 
8 bytes for ./Payload/聊8.app/PkgInfo
copying file ./Payload/聊8.app/聊8 ... 
2020-01-15 10:50:15 +0000  1029120 bytes for ./Payload/聊8.app/聊8
2020-01-15 10:50:15 +0000  /usr/bin/ditto exited with 0
2020-01-15 10:50:15 +0000  Processing step: IDEDistributionAppStoreInformationStep
2020-01-15 10:50:15 +0000  Skipping step: IDEDistributionAppStoreInformationStep because it said so
2020-01-15 10:50:15 +0000  Processing step: IDEDistributionGenerateProcessedDistributionItems
2020-01-15 10:50:15 +0000  Processing step: IDEDistributionCreateManifestStep
